<?xml version="1.0" encoding="UTF-8"?>
<testsuite name="org.jbake.app.template.FreemarkerTemplateEngineRenderingTest" tests="11" skipped="0" failures="0" errors="0" timestamp="2020-03-13T01:53:03" hostname="bolt.cs.ucr.edu" time="14.27">
  <properties/>
  <testcase name="renderPaginatedIndex" classname="org.jbake.app.template.FreemarkerTemplateEngineRenderingTest" time="1.366"/>
  <testcase name="shouldFallbackToRenderSingleIndexIfNoPostArePresent" classname="org.jbake.app.template.FreemarkerTemplateEngineRenderingTest" time="1.308"/>
  <testcase name="renderIndex" classname="org.jbake.app.template.FreemarkerTemplateEngineRenderingTest" time="1.325"/>
  <testcase name="renderArchive" classname="org.jbake.app.template.FreemarkerTemplateEngineRenderingTest" time="1.29"/>
  <testcase name="checkDbTemplateModelIsPopulated" classname="org.jbake.app.template.FreemarkerTemplateEngineRenderingTest" time="1.297"/>
  <testcase name="renderTagsIndex" classname="org.jbake.app.template.FreemarkerTemplateEngineRenderingTest" time="1.28"/>
  <testcase name="renderFeed" classname="org.jbake.app.template.FreemarkerTemplateEngineRenderingTest" time="1.276"/>
  <testcase name="renderPage" classname="org.jbake.app.template.FreemarkerTemplateEngineRenderingTest" time="1.284"/>
  <testcase name="renderPost" classname="org.jbake.app.template.FreemarkerTemplateEngineRenderingTest" time="1.276"/>
  <testcase name="renderTags" classname="org.jbake.app.template.FreemarkerTemplateEngineRenderingTest" time="1.293"/>
  <testcase name="renderSitemap" classname="org.jbake.app.template.FreemarkerTemplateEngineRenderingTest" time="1.272"/>
  <system-out><![CDATA[18:53:02.926 INFO  c.o.o.c.s.m.ODirectMemoryStorage - Storage 'memory:/tmp/junit8103561127533185/documents1584064382924' is created under OrientDB distribution : 3.0.14 - Veloce (build ac128c5a9ba4c6dc9d25a32b92962d8863774423, branch 3.0.x)
18:53:03.939 DEBUG org.jbake.app.ContentStore - Create document class 'page'
18:53:03.964 DEBUG org.jbake.app.ContentStore - Create document class 'post'
18:53:03.991 DEBUG org.jbake.app.ContentStore - Create document class 'masterindex'
18:53:04.021 DEBUG org.jbake.app.ContentStore - Create document class 'archive'
18:53:04.055 DEBUG org.jbake.app.ContentStore - Create document class 'feed'
18:53:04.093 DEBUG org.jbake.app.ContentStore - Create document class 'allcontent'
18:53:04.132 DEBUG org.jbake.app.ContentStore - Create document class 'tag'
18:53:04.174 DEBUG org.jbake.app.ContentStore - Create document class 'tagsindex'
18:53:04.220 DEBUG org.jbake.app.ContentStore - Create document class 'sitemap'
18:53:04.304 DEBUG org.jbake.parser.MarkupEngine - Type property found
18:53:04.304 DEBUG org.jbake.parser.MarkupEngine - Status property found
18:53:04.304 DEBUG org.jbake.parser.MarkupEngine - Header separator found
18:53:04.305 INFO  org.jbake.app.Crawler - Processing [/home/csmajs/jgarc271/git/jbake-testing-and-verification/jbake-core/build/resources/test/fixture/content/about.html]...  : new 
18:53:04.307 DEBUG org.jbake.parser.MarkupEngine - Type property found
18:53:04.307 DEBUG org.jbake.parser.MarkupEngine - Status property found
18:53:04.307 DEBUG org.jbake.parser.MarkupEngine - Header separator found
18:53:04.308 INFO  org.jbake.app.Crawler - Processing [/home/csmajs/jgarc271/git/jbake-testing-and-verification/jbake-core/build/resources/test/fixture/content/allcontent.html]...  : new 
18:53:04.312 DEBUG org.jbake.parser.MarkupEngine - Type property found
18:53:04.312 DEBUG org.jbake.parser.MarkupEngine - Status property found
18:53:04.312 DEBUG org.jbake.parser.MarkupEngine - Header separator found
18:53:04.313 INFO  org.jbake.app.Crawler - Processing [/home/csmajs/jgarc271/git/jbake-testing-and-verification/jbake-core/build/resources/test/fixture/content/blog/2012/first-post.html]...  : new 
18:53:04.317 DEBUG org.jbake.parser.MarkupEngine - Type property found
18:53:04.317 DEBUG org.jbake.parser.MarkupEngine - Status property found
18:53:04.317 DEBUG org.jbake.parser.MarkupEngine - Header separator found
18:53:04.318 INFO  org.jbake.app.Crawler - Processing [/home/csmajs/jgarc271/git/jbake-testing-and-verification/jbake-core/build/resources/test/fixture/content/blog/2013/second-post.html]...  : new 
18:53:04.320 DEBUG org.jbake.parser.MarkupEngine - Type property found
18:53:04.320 DEBUG org.jbake.parser.MarkupEngine - Status property found
18:53:04.320 DEBUG org.jbake.parser.MarkupEngine - Header separator found
18:53:04.321 INFO  org.jbake.app.Crawler - Processing [/home/csmajs/jgarc271/git/jbake-testing-and-verification/jbake-core/build/resources/test/fixture/content/blog/2016/another-post.html]...  : new 
18:53:04.323 DEBUG org.jbake.parser.MarkupEngine - Type property found
18:53:04.323 DEBUG org.jbake.parser.MarkupEngine - Status property found
18:53:04.323 DEBUG org.jbake.parser.MarkupEngine - Header separator found
18:53:04.324 INFO  org.jbake.app.Crawler - Processing [/home/csmajs/jgarc271/git/jbake-testing-and-verification/jbake-core/build/resources/test/fixture/content/blog/2016/draft-post.html]...  : new 
18:53:04.326 DEBUG org.jbake.parser.MarkupEngine - Header separator found
18:53:04.326 WARN  org.jbake.parser.MarkupEngine - Parsing skipped (missing type or status value in header meta data) for file /home/csmajs/jgarc271/git/jbake-testing-and-verification/jbake-core/build/resources/test/fixture/content/blog/invalid_header.html!
18:53:04.326 WARN  org.jbake.app.Crawler - /home/csmajs/jgarc271/git/jbake-testing-and-verification/jbake-core/build/resources/test/fixture/content/blog/invalid_header.html has an invalid header, it has been ignored!
18:53:04.326 INFO  org.jbake.app.Crawler - Processing [/home/csmajs/jgarc271/git/jbake-testing-and-verification/jbake-core/build/resources/test/fixture/content/blog/invalid_header.html]...  : new 
18:53:04.328 DEBUG org.jbake.parser.MarkupEngine - Type property found
18:53:04.328 DEBUG org.jbake.parser.MarkupEngine - Status property found
18:53:04.328 DEBUG org.jbake.parser.MarkupEngine - Header separator found
18:53:04.329 INFO  org.jbake.app.Crawler - Processing [/home/csmajs/jgarc271/git/jbake-testing-and-verification/jbake-core/build/resources/test/fixture/content/index2.html]...  : new 
18:53:04.332 DEBUG org.jbake.parser.MarkupEngine - Type property found
18:53:04.332 DEBUG org.jbake.parser.MarkupEngine - Status property found
18:53:04.332 DEBUG org.jbake.parser.MarkupEngine - Header separator found
18:53:04.352 INFO  org.jbake.app.Crawler - Processing [/home/csmajs/jgarc271/git/jbake-testing-and-verification/jbake-core/build/resources/test/fixture/content/papers/draft-paper.html]...  : new 
18:53:04.357 DEBUG org.jbake.parser.MarkupEngine - Type property found
18:53:04.357 DEBUG org.jbake.parser.MarkupEngine - Status property found
18:53:04.357 DEBUG org.jbake.parser.MarkupEngine - Header separator found
18:53:04.358 INFO  org.jbake.app.Crawler - Processing [/home/csmajs/jgarc271/git/jbake-testing-and-verification/jbake-core/build/resources/test/fixture/content/papers/published-paper.html]...  : new 
18:53:04.359 DEBUG org.jbake.parser.MarkupEngine - Type property found
18:53:04.359 DEBUG org.jbake.parser.MarkupEngine - Status property found
18:53:04.359 DEBUG org.jbake.parser.MarkupEngine - Header separator found
18:53:04.360 INFO  org.jbake.app.Crawler - Processing [/home/csmajs/jgarc271/git/jbake-testing-and-verification/jbake-core/build/resources/test/fixture/content/projects.html]...  : new 
18:53:04.360 INFO  org.jbake.app.Crawler - Content detected:
18:53:04.361 INFO  org.jbake.app.Crawler - Parsed 3 files of type: page
18:53:04.361 INFO  org.jbake.app.Crawler - Parsed 4 files of type: post
18:53:04.361 INFO  org.jbake.app.Crawler - Parsed 1 files of type: allcontent
18:53:04.427 INFO  org.jbake.app.Renderer - Rendering index.html [/tmp/junit8103561127533185/index.html]... done!
18:53:04.433 INFO  org.jbake.app.Renderer - Rendering 2/index.html [/tmp/junit8103561127533185/2/index.html]... done!
18:53:04.439 INFO  org.jbake.app.Renderer - Rendering 3/index.html [/tmp/junit8103561127533185/3/index.html]... done!
18:53:04.444 INFO  c.o.o.c.s.m.ODirectMemoryStorage - Storage 'memory:/tmp/junit8103561127533185/documents1584064382924' is created under OrientDB distribution : 3.0.14 - Veloce (build ac128c5a9ba4c6dc9d25a32b92962d8863774423, branch 3.0.x)
18:53:05.459 DEBUG org.jbake.app.ContentStore - Create document class 'page'
18:53:05.484 DEBUG org.jbake.app.ContentStore - Create document class 'post'
18:53:05.512 DEBUG org.jbake.app.ContentStore - Create document class 'masterindex'
18:53:05.543 DEBUG org.jbake.app.ContentStore - Create document class 'archive'
18:53:05.577 DEBUG org.jbake.app.ContentStore - Create document class 'feed'
18:53:05.639 DEBUG org.jbake.parser.MarkupEngine - Type property found
18:53:05.639 DEBUG org.jbake.parser.MarkupEngine - Status property found
18:53:05.639 DEBUG org.jbake.parser.MarkupEngine - Header separator found
18:53:05.640 INFO  org.jbake.app.Crawler - Processing [/home/csmajs/jgarc271/git/jbake-testing-and-verification/jbake-core/build/resources/test/fixture/content/about.html]...  : new 
18:53:05.641 DEBUG org.jbake.parser.MarkupEngine - Type property found
18:53:05.641 DEBUG org.jbake.parser.MarkupEngine - Status property found
18:53:05.641 DEBUG org.jbake.parser.MarkupEngine - Header separator found
18:53:05.655 INFO  org.jbake.app.Crawler - Processing [/home/csmajs/jgarc271/git/jbake-testing-and-verification/jbake-core/build/resources/test/fixture/content/allcontent.html]...  : new 
18:53:05.660 DEBUG org.jbake.parser.MarkupEngine - Type property found
18:53:05.660 DEBUG org.jbake.parser.MarkupEngine - Status property found
18:53:05.660 DEBUG org.jbake.parser.MarkupEngine - Header separator found
18:53:05.661 INFO  org.jbake.app.Crawler - Processing [/home/csmajs/jgarc271/git/jbake-testing-and-verification/jbake-core/build/resources/test/fixture/content/blog/2012/first-post.html]...  : new 
18:53:05.664 DEBUG org.jbake.parser.MarkupEngine - Type property found
18:53:05.664 DEBUG org.jbake.parser.MarkupEngine - Status property found
18:53:05.664 DEBUG org.jbake.parser.MarkupEngine - Header separator found
18:53:05.665 INFO  org.jbake.app.Crawler - Processing [/home/csmajs/jgarc271/git/jbake-testing-and-verification/jbake-core/build/resources/test/fixture/content/blog/2013/second-post.html]...  : new 
18:53:05.667 DEBUG org.jbake.parser.MarkupEngine - Type property found
18:53:05.667 DEBUG org.jbake.parser.MarkupEngine - Status property found
18:53:05.667 DEBUG org.jbake.parser.MarkupEngine - Header separator found
18:53:05.668 INFO  org.jbake.app.Crawler - Processing [/home/csmajs/jgarc271/git/jbake-testing-and-verification/jbake-core/build/resources/test/fixture/content/blog/2016/another-post.html]...  : new 
18:53:05.669 DEBUG org.jbake.parser.MarkupEngine - Type property found
18:53:05.669 DEBUG org.jbake.parser.MarkupEngine - Status property found
18:53:05.669 DEBUG org.jbake.parser.MarkupEngine - Header separator found
18:53:05.670 INFO  org.jbake.app.Crawler - Processing [/home/csmajs/jgarc271/git/jbake-testing-and-verification/jbake-core/build/resources/test/fixture/content/blog/2016/draft-post.html]...  : new 
18:53:05.671 DEBUG org.jbake.parser.MarkupEngine - Header separator found
18:53:05.671 WARN  org.jbake.parser.MarkupEngine - Parsing skipped (missing type or status value in header meta data) for file /home/csmajs/jgarc271/git/jbake-testing-and-verification/jbake-core/build/resources/test/fixture/content/blog/invalid_header.html!
18:53:05.672 WARN  org.jbake.app.Crawler - /home/csmajs/jgarc271/git/jbake-testing-and-verification/jbake-core/build/resources/test/fixture/content/blog/invalid_header.html has an invalid header, it has been ignored!
18:53:05.672 INFO  org.jbake.app.Crawler - Processing [/home/csmajs/jgarc271/git/jbake-testing-and-verification/jbake-core/build/resources/test/fixture/content/blog/invalid_header.html]...  : new 
18:53:05.673 DEBUG org.jbake.parser.MarkupEngine - Type property found
18:53:05.673 DEBUG org.jbake.parser.MarkupEngine - Status property found
18:53:05.673 DEBUG org.jbake.parser.MarkupEngine - Header separator found
18:53:05.674 INFO  org.jbake.app.Crawler - Processing [/home/csmajs/jgarc271/git/jbake-testing-and-verification/jbake-core/build/resources/test/fixture/content/index2.html]...  : new 
18:53:05.675 DEBUG org.jbake.parser.MarkupEngine - Type property found
18:53:05.675 DEBUG org.jbake.parser.MarkupEngine - Status property found
18:53:05.676 DEBUG org.jbake.parser.MarkupEngine - Header separator found
18:53:05.691 INFO  org.jbake.app.Crawler - Processing [/home/csmajs/jgarc271/git/jbake-testing-and-verification/jbake-core/build/resources/test/fixture/content/papers/draft-paper.html]...  : new 
18:53:05.694 DEBUG org.jbake.parser.MarkupEngine - Type property found
18:53:05.694 DEBUG org.jbake.parser.MarkupEngine - Status property found
18:53:05.694 DEBUG org.jbake.parser.MarkupEngine - Header separator found
18:53:05.695 INFO  org.jbake.app.Crawler - Processing [/home/csmajs/jgarc271/git/jbake-testing-and-verification/jbake-core/build/resources/test/fixture/content/papers/published-paper.html]...  : new 
18:53:05.696 DEBUG org.jbake.parser.MarkupEngine - Type property found
18:53:05.696 DEBUG org.jbake.parser.MarkupEngine - Status property found
18:53:05.696 DEBUG org.jbake.parser.MarkupEngine - Header separator found
18:53:05.697 INFO  org.jbake.app.Crawler - Processing [/home/csmajs/jgarc271/git/jbake-testing-and-verification/jbake-core/build/resources/test/fixture/content/projects.html]...  : new 
18:53:05.697 INFO  org.jbake.app.Crawler - Content detected:
18:53:05.697 INFO  org.jbake.app.Crawler - Parsed 3 files of type: page
18:53:05.697 INFO  org.jbake.app.Crawler - Parsed 4 files of type: post
18:53:05.749 INFO  org.jbake.app.Renderer - Rendering masterindex [/tmp/junit8103561127533185/index.html]... done!
18:53:05.753 INFO  c.o.o.c.s.m.ODirectMemoryStorage - Storage 'memory:/tmp/junit8103561127533185/documents1584064382924' is created under OrientDB distribution : 3.0.14 - Veloce (build ac128c5a9ba4c6dc9d25a32b92962d8863774423, branch 3.0.x)
18:53:06.767 DEBUG org.jbake.app.ContentStore - Create document class 'page'
18:53:06.792 DEBUG org.jbake.app.ContentStore - Create document class 'post'
18:53:06.819 DEBUG org.jbake.app.ContentStore - Create document class 'masterindex'
18:53:06.850 DEBUG org.jbake.app.ContentStore - Create document class 'archive'
18:53:06.884 DEBUG org.jbake.app.ContentStore - Create document class 'feed'
18:53:06.948 DEBUG org.jbake.parser.MarkupEngine - Type property found
18:53:06.948 DEBUG org.jbake.parser.MarkupEngine - Status property found
18:53:06.948 DEBUG org.jbake.parser.MarkupEngine - Header separator found
18:53:06.949 INFO  org.jbake.app.Crawler - Processing [/home/csmajs/jgarc271/git/jbake-testing-and-verification/jbake-core/build/resources/test/fixture/content/about.html]...  : new 
18:53:06.951 DEBUG org.jbake.parser.MarkupEngine - Type property found
18:53:06.951 DEBUG org.jbake.parser.MarkupEngine - Status property found
18:53:06.951 DEBUG org.jbake.parser.MarkupEngine - Header separator found
18:53:06.970 INFO  org.jbake.app.Crawler - Processing [/home/csmajs/jgarc271/git/jbake-testing-and-verification/jbake-core/build/resources/test/fixture/content/allcontent.html]...  : new 
18:53:06.976 DEBUG org.jbake.parser.MarkupEngine - Type property found
18:53:06.976 DEBUG org.jbake.parser.MarkupEngine - Status property found
18:53:06.976 DEBUG org.jbake.parser.MarkupEngine - Header separator found
18:53:06.977 INFO  org.jbake.app.Crawler - Processing [/home/csmajs/jgarc271/git/jbake-testing-and-verification/jbake-core/build/resources/test/fixture/content/blog/2012/first-post.html]...  : new 
18:53:06.980 DEBUG org.jbake.parser.MarkupEngine - Type property found
18:53:06.980 DEBUG org.jbake.parser.MarkupEngine - Status property found
18:53:06.980 DEBUG org.jbake.parser.MarkupEngine - Header separator found
18:53:06.981 INFO  org.jbake.app.Crawler - Processing [/home/csmajs/jgarc271/git/jbake-testing-and-verification/jbake-core/build/resources/test/fixture/content/blog/2013/second-post.html]...  : new 
18:53:06.983 DEBUG org.jbake.parser.MarkupEngine - Type property found
18:53:06.983 DEBUG org.jbake.parser.MarkupEngine - Status property found
18:53:06.983 DEBUG org.jbake.parser.MarkupEngine - Header separator found
18:53:06.984 INFO  org.jbake.app.Crawler - Processing [/home/csmajs/jgarc271/git/jbake-testing-and-verification/jbake-core/build/resources/test/fixture/content/blog/2016/another-post.html]...  : new 
18:53:06.985 DEBUG org.jbake.parser.MarkupEngine - Type property found
18:53:06.985 DEBUG org.jbake.parser.MarkupEngine - Status property found
18:53:06.985 DEBUG org.jbake.parser.MarkupEngine - Header separator found
18:53:06.986 INFO  org.jbake.app.Crawler - Processing [/home/csmajs/jgarc271/git/jbake-testing-and-verification/jbake-core/build/resources/test/fixture/content/blog/2016/draft-post.html]...  : new 
18:53:06.988 DEBUG org.jbake.parser.MarkupEngine - Header separator found
18:53:06.988 WARN  org.jbake.parser.MarkupEngine - Parsing skipped (missing type or status value in header meta data) for file /home/csmajs/jgarc271/git/jbake-testing-and-verification/jbake-core/build/resources/test/fixture/content/blog/invalid_header.html!
18:53:06.988 WARN  org.jbake.app.Crawler - /home/csmajs/jgarc271/git/jbake-testing-and-verification/jbake-core/build/resources/test/fixture/content/blog/invalid_header.html has an invalid header, it has been ignored!
18:53:06.988 INFO  org.jbake.app.Crawler - Processing [/home/csmajs/jgarc271/git/jbake-testing-and-verification/jbake-core/build/resources/test/fixture/content/blog/invalid_header.html]...  : new 
18:53:06.989 DEBUG org.jbake.parser.MarkupEngine - Type property found
18:53:06.989 DEBUG org.jbake.parser.MarkupEngine - Status property found
18:53:06.989 DEBUG org.jbake.parser.MarkupEngine - Header separator found
18:53:06.990 INFO  org.jbake.app.Crawler - Processing [/home/csmajs/jgarc271/git/jbake-testing-and-verification/jbake-core/build/resources/test/fixture/content/index2.html]...  : new 
18:53:06.992 DEBUG org.jbake.parser.MarkupEngine - Type property found
18:53:06.992 DEBUG org.jbake.parser.MarkupEngine - Status property found
18:53:06.992 DEBUG org.jbake.parser.MarkupEngine - Header separator found
18:53:07.018 INFO  org.jbake.app.Crawler - Processing [/home/csmajs/jgarc271/git/jbake-testing-and-verification/jbake-core/build/resources/test/fixture/content/papers/draft-paper.html]...  : new 
18:53:07.021 DEBUG org.jbake.parser.MarkupEngine - Type property found
18:53:07.021 DEBUG org.jbake.parser.MarkupEngine - Status property found
18:53:07.021 DEBUG org.jbake.parser.MarkupEngine - Header separator found
18:53:07.022 INFO  org.jbake.app.Crawler - Processing [/home/csmajs/jgarc271/git/jbake-testing-and-verification/jbake-core/build/resources/test/fixture/content/papers/published-paper.html]...  : new 
18:53:07.023 DEBUG org.jbake.parser.MarkupEngine - Type property found
18:53:07.023 DEBUG org.jbake.parser.MarkupEngine - Status property found
18:53:07.023 DEBUG org.jbake.parser.MarkupEngine - Header separator found
18:53:07.024 INFO  org.jbake.app.Crawler - Processing [/home/csmajs/jgarc271/git/jbake-testing-and-verification/jbake-core/build/resources/test/fixture/content/projects.html]...  : new 
18:53:07.024 INFO  org.jbake.app.Crawler - Content detected:
18:53:07.024 INFO  org.jbake.app.Crawler - Parsed 3 files of type: page
18:53:07.024 INFO  org.jbake.app.Crawler - Parsed 4 files of type: post
18:53:07.075 INFO  org.jbake.app.Renderer - Rendering masterindex [/tmp/junit8103561127533185/index.html]... done!
18:53:07.079 INFO  c.o.o.c.s.m.ODirectMemoryStorage - Storage 'memory:/tmp/junit8103561127533185/documents1584064382924' is created under OrientDB distribution : 3.0.14 - Veloce (build ac128c5a9ba4c6dc9d25a32b92962d8863774423, branch 3.0.x)
18:53:08.091 DEBUG org.jbake.app.ContentStore - Create document class 'page'
18:53:08.115 DEBUG org.jbake.app.ContentStore - Create document class 'post'
18:53:08.141 DEBUG org.jbake.app.ContentStore - Create document class 'masterindex'
18:53:08.172 DEBUG org.jbake.app.ContentStore - Create document class 'archive'
18:53:08.205 DEBUG org.jbake.app.ContentStore - Create document class 'feed'
18:53:08.263 DEBUG org.jbake.parser.MarkupEngine - Type property found
18:53:08.263 DEBUG org.jbake.parser.MarkupEngine - Status property found
18:53:08.263 DEBUG org.jbake.parser.MarkupEngine - Header separator found
18:53:08.264 INFO  org.jbake.app.Crawler - Processing [/home/csmajs/jgarc271/git/jbake-testing-and-verification/jbake-core/build/resources/test/fixture/content/about.html]...  : new 
18:53:08.267 DEBUG org.jbake.parser.MarkupEngine - Type property found
18:53:08.267 DEBUG org.jbake.parser.MarkupEngine - Status property found
18:53:08.267 DEBUG org.jbake.parser.MarkupEngine - Header separator found
18:53:08.281 INFO  org.jbake.app.Crawler - Processing [/home/csmajs/jgarc271/git/jbake-testing-and-verification/jbake-core/build/resources/test/fixture/content/allcontent.html]...  : new 
18:53:08.286 DEBUG org.jbake.parser.MarkupEngine - Type property found
18:53:08.286 DEBUG org.jbake.parser.MarkupEngine - Status property found
18:53:08.286 DEBUG org.jbake.parser.MarkupEngine - Header separator found
18:53:08.287 INFO  org.jbake.app.Crawler - Processing [/home/csmajs/jgarc271/git/jbake-testing-and-verification/jbake-core/build/resources/test/fixture/content/blog/2012/first-post.html]...  : new 
18:53:08.290 DEBUG org.jbake.parser.MarkupEngine - Type property found
18:53:08.290 DEBUG org.jbake.parser.MarkupEngine - Status property found
18:53:08.290 DEBUG org.jbake.parser.MarkupEngine - Header separator found
18:53:08.291 INFO  org.jbake.app.Crawler - Processing [/home/csmajs/jgarc271/git/jbake-testing-and-verification/jbake-core/build/resources/test/fixture/content/blog/2013/second-post.html]...  : new 
18:53:08.293 DEBUG org.jbake.parser.MarkupEngine - Type property found
18:53:08.293 DEBUG org.jbake.parser.MarkupEngine - Status property found
18:53:08.293 DEBUG org.jbake.parser.MarkupEngine - Header separator found
18:53:08.294 INFO  org.jbake.app.Crawler - Processing [/home/csmajs/jgarc271/git/jbake-testing-and-verification/jbake-core/build/resources/test/fixture/content/blog/2016/another-post.html]...  : new 
18:53:08.295 DEBUG org.jbake.parser.MarkupEngine - Type property found
18:53:08.295 DEBUG org.jbake.parser.MarkupEngine - Status property found
18:53:08.295 DEBUG org.jbake.parser.MarkupEngine - Header separator found
18:53:08.296 INFO  org.jbake.app.Crawler - Processing [/home/csmajs/jgarc271/git/jbake-testing-and-verification/jbake-core/build/resources/test/fixture/content/blog/2016/draft-post.html]...  : new 
18:53:08.297 DEBUG org.jbake.parser.MarkupEngine - Header separator found
18:53:08.297 WARN  org.jbake.parser.MarkupEngine - Parsing skipped (missing type or status value in header meta data) for file /home/csmajs/jgarc271/git/jbake-testing-and-verification/jbake-core/build/resources/test/fixture/content/blog/invalid_header.html!
18:53:08.297 WARN  org.jbake.app.Crawler - /home/csmajs/jgarc271/git/jbake-testing-and-verification/jbake-core/build/resources/test/fixture/content/blog/invalid_header.html has an invalid header, it has been ignored!
18:53:08.297 INFO  org.jbake.app.Crawler - Processing [/home/csmajs/jgarc271/git/jbake-testing-and-verification/jbake-core/build/resources/test/fixture/content/blog/invalid_header.html]...  : new 
18:53:08.299 DEBUG org.jbake.parser.MarkupEngine - Type property found
18:53:08.299 DEBUG org.jbake.parser.MarkupEngine - Status property found
18:53:08.299 DEBUG org.jbake.parser.MarkupEngine - Header separator found
18:53:08.300 INFO  org.jbake.app.Crawler - Processing [/home/csmajs/jgarc271/git/jbake-testing-and-verification/jbake-core/build/resources/test/fixture/content/index2.html]...  : new 
18:53:08.301 DEBUG org.jbake.parser.MarkupEngine - Type property found
18:53:08.301 DEBUG org.jbake.parser.MarkupEngine - Status property found
18:53:08.301 DEBUG org.jbake.parser.MarkupEngine - Header separator found
18:53:08.316 INFO  org.jbake.app.Crawler - Processing [/home/csmajs/jgarc271/git/jbake-testing-and-verification/jbake-core/build/resources/test/fixture/content/papers/draft-paper.html]...  : new 
18:53:08.319 DEBUG org.jbake.parser.MarkupEngine - Type property found
18:53:08.319 DEBUG org.jbake.parser.MarkupEngine - Status property found
18:53:08.319 DEBUG org.jbake.parser.MarkupEngine - Header separator found
18:53:08.319 INFO  org.jbake.app.Crawler - Processing [/home/csmajs/jgarc271/git/jbake-testing-and-verification/jbake-core/build/resources/test/fixture/content/papers/published-paper.html]...  : new 
18:53:08.321 DEBUG org.jbake.parser.MarkupEngine - Type property found
18:53:08.321 DEBUG org.jbake.parser.MarkupEngine - Status property found
18:53:08.321 DEBUG org.jbake.parser.MarkupEngine - Header separator found
18:53:08.321 INFO  org.jbake.app.Crawler - Processing [/home/csmajs/jgarc271/git/jbake-testing-and-verification/jbake-core/build/resources/test/fixture/content/projects.html]...  : new 
18:53:08.321 INFO  org.jbake.app.Crawler - Content detected:
18:53:08.322 INFO  org.jbake.app.Crawler - Parsed 3 files of type: page
18:53:08.322 INFO  org.jbake.app.Crawler - Parsed 4 files of type: post
18:53:08.365 INFO  org.jbake.app.Renderer - Rendering archive [/tmp/junit8103561127533185/archive.html]... done!
18:53:08.369 INFO  c.o.o.c.s.m.ODirectMemoryStorage - Storage 'memory:/tmp/junit8103561127533185/documents1584064382924' is created under OrientDB distribution : 3.0.14 - Veloce (build ac128c5a9ba4c6dc9d25a32b92962d8863774423, branch 3.0.x)
18:53:09.383 DEBUG org.jbake.app.ContentStore - Create document class 'page'
18:53:09.408 DEBUG org.jbake.app.ContentStore - Create document class 'post'
18:53:09.435 DEBUG org.jbake.app.ContentStore - Create document class 'masterindex'
18:53:09.465 DEBUG org.jbake.app.ContentStore - Create document class 'archive'
18:53:09.499 DEBUG org.jbake.app.ContentStore - Create document class 'feed'
18:53:09.559 DEBUG org.jbake.parser.MarkupEngine - Type property found
18:53:09.559 DEBUG org.jbake.parser.MarkupEngine - Status property found
18:53:09.559 DEBUG org.jbake.parser.MarkupEngine - Header separator found
18:53:09.560 INFO  org.jbake.app.Crawler - Processing [/home/csmajs/jgarc271/git/jbake-testing-and-verification/jbake-core/build/resources/test/fixture/content/about.html]...  : new 
18:53:09.562 DEBUG org.jbake.parser.MarkupEngine - Type property found
18:53:09.562 DEBUG org.jbake.parser.MarkupEngine - Status property found
18:53:09.562 DEBUG org.jbake.parser.MarkupEngine - Header separator found
18:53:09.575 INFO  org.jbake.app.Crawler - Processing [/home/csmajs/jgarc271/git/jbake-testing-and-verification/jbake-core/build/resources/test/fixture/content/allcontent.html]...  : new 
18:53:09.581 DEBUG org.jbake.parser.MarkupEngine - Type property found
18:53:09.581 DEBUG org.jbake.parser.MarkupEngine - Status property found
18:53:09.581 DEBUG org.jbake.parser.MarkupEngine - Header separator found
18:53:09.582 INFO  org.jbake.app.Crawler - Processing [/home/csmajs/jgarc271/git/jbake-testing-and-verification/jbake-core/build/resources/test/fixture/content/blog/2012/first-post.html]...  : new 
18:53:09.585 DEBUG org.jbake.parser.MarkupEngine - Type property found
18:53:09.585 DEBUG org.jbake.parser.MarkupEngine - Status property found
18:53:09.585 DEBUG org.jbake.parser.MarkupEngine - Header separator found
18:53:09.585 INFO  org.jbake.app.Crawler - Processing [/home/csmajs/jgarc271/git/jbake-testing-and-verification/jbake-core/build/resources/test/fixture/content/blog/2013/second-post.html]...  : new 
18:53:09.587 DEBUG org.jbake.parser.MarkupEngine - Type property found
18:53:09.587 DEBUG org.jbake.parser.MarkupEngine - Status property found
18:53:09.587 DEBUG org.jbake.parser.MarkupEngine - Header separator found
18:53:09.588 INFO  org.jbake.app.Crawler - Processing [/home/csmajs/jgarc271/git/jbake-testing-and-verification/jbake-core/build/resources/test/fixture/content/blog/2016/another-post.html]...  : new 
18:53:09.589 DEBUG org.jbake.parser.MarkupEngine - Type property found
18:53:09.589 DEBUG org.jbake.parser.MarkupEngine - Status property found
18:53:09.589 DEBUG org.jbake.parser.MarkupEngine - Header separator found
18:53:09.590 INFO  org.jbake.app.Crawler - Processing [/home/csmajs/jgarc271/git/jbake-testing-and-verification/jbake-core/build/resources/test/fixture/content/blog/2016/draft-post.html]...  : new 
18:53:09.591 DEBUG org.jbake.parser.MarkupEngine - Header separator found
18:53:09.591 WARN  org.jbake.parser.MarkupEngine - Parsing skipped (missing type or status value in header meta data) for file /home/csmajs/jgarc271/git/jbake-testing-and-verification/jbake-core/build/resources/test/fixture/content/blog/invalid_header.html!
18:53:09.592 WARN  org.jbake.app.Crawler - /home/csmajs/jgarc271/git/jbake-testing-and-verification/jbake-core/build/resources/test/fixture/content/blog/invalid_header.html has an invalid header, it has been ignored!
18:53:09.592 INFO  org.jbake.app.Crawler - Processing [/home/csmajs/jgarc271/git/jbake-testing-and-verification/jbake-core/build/resources/test/fixture/content/blog/invalid_header.html]...  : new 
18:53:09.593 DEBUG org.jbake.parser.MarkupEngine - Type property found
18:53:09.593 DEBUG org.jbake.parser.MarkupEngine - Status property found
18:53:09.593 DEBUG org.jbake.parser.MarkupEngine - Header separator found
18:53:09.594 INFO  org.jbake.app.Crawler - Processing [/home/csmajs/jgarc271/git/jbake-testing-and-verification/jbake-core/build/resources/test/fixture/content/index2.html]...  : new 
18:53:09.595 DEBUG org.jbake.parser.MarkupEngine - Type property found
18:53:09.595 DEBUG org.jbake.parser.MarkupEngine - Status property found
18:53:09.595 DEBUG org.jbake.parser.MarkupEngine - Header separator found
18:53:09.611 INFO  org.jbake.app.Crawler - Processing [/home/csmajs/jgarc271/git/jbake-testing-and-verification/jbake-core/build/resources/test/fixture/content/papers/draft-paper.html]...  : new 
18:53:09.613 DEBUG org.jbake.parser.MarkupEngine - Type property found
18:53:09.614 DEBUG org.jbake.parser.MarkupEngine - Status property found
18:53:09.614 DEBUG org.jbake.parser.MarkupEngine - Header separator found
18:53:09.614 INFO  org.jbake.app.Crawler - Processing [/home/csmajs/jgarc271/git/jbake-testing-and-verification/jbake-core/build/resources/test/fixture/content/papers/published-paper.html]...  : new 
18:53:09.615 DEBUG org.jbake.parser.MarkupEngine - Type property found
18:53:09.615 DEBUG org.jbake.parser.MarkupEngine - Status property found
18:53:09.615 DEBUG org.jbake.parser.MarkupEngine - Header separator found
18:53:09.616 INFO  org.jbake.app.Crawler - Processing [/home/csmajs/jgarc271/git/jbake-testing-and-verification/jbake-core/build/resources/test/fixture/content/projects.html]...  : new 
18:53:09.616 INFO  org.jbake.app.Crawler - Content detected:
18:53:09.616 INFO  org.jbake.app.Crawler - Parsed 3 files of type: page
18:53:09.617 INFO  org.jbake.app.Crawler - Parsed 4 files of type: post
18:53:09.663 INFO  org.jbake.app.Renderer - Rendering masterindex [/tmp/junit8103561127533185/index.html]... done!
18:53:09.667 INFO  c.o.o.c.s.m.ODirectMemoryStorage - Storage 'memory:/tmp/junit8103561127533185/documents1584064382924' is created under OrientDB distribution : 3.0.14 - Veloce (build ac128c5a9ba4c6dc9d25a32b92962d8863774423, branch 3.0.x)
18:53:10.677 DEBUG org.jbake.app.ContentStore - Create document class 'page'
18:53:10.700 DEBUG org.jbake.app.ContentStore - Create document class 'post'
18:53:10.726 DEBUG org.jbake.app.ContentStore - Create document class 'masterindex'
18:53:10.755 DEBUG org.jbake.app.ContentStore - Create document class 'archive'
18:53:10.787 DEBUG org.jbake.app.ContentStore - Create document class 'feed'
18:53:10.844 DEBUG org.jbake.parser.MarkupEngine - Type property found
18:53:10.844 DEBUG org.jbake.parser.MarkupEngine - Status property found
18:53:10.844 DEBUG org.jbake.parser.MarkupEngine - Header separator found
18:53:10.845 INFO  org.jbake.app.Crawler - Processing [/home/csmajs/jgarc271/git/jbake-testing-and-verification/jbake-core/build/resources/test/fixture/content/about.html]...  : new 
18:53:10.847 DEBUG org.jbake.parser.MarkupEngine - Type property found
18:53:10.847 DEBUG org.jbake.parser.MarkupEngine - Status property found
18:53:10.847 DEBUG org.jbake.parser.MarkupEngine - Header separator found
18:53:10.860 INFO  org.jbake.app.Crawler - Processing [/home/csmajs/jgarc271/git/jbake-testing-and-verification/jbake-core/build/resources/test/fixture/content/allcontent.html]...  : new 
18:53:10.865 DEBUG org.jbake.parser.MarkupEngine - Type property found
18:53:10.865 DEBUG org.jbake.parser.MarkupEngine - Status property found
18:53:10.865 DEBUG org.jbake.parser.MarkupEngine - Header separator found
18:53:10.866 INFO  org.jbake.app.Crawler - Processing [/home/csmajs/jgarc271/git/jbake-testing-and-verification/jbake-core/build/resources/test/fixture/content/blog/2012/first-post.html]...  : new 
18:53:10.869 DEBUG org.jbake.parser.MarkupEngine - Type property found
18:53:10.869 DEBUG org.jbake.parser.MarkupEngine - Status property found
18:53:10.869 DEBUG org.jbake.parser.MarkupEngine - Header separator found
18:53:10.870 INFO  org.jbake.app.Crawler - Processing [/home/csmajs/jgarc271/git/jbake-testing-and-verification/jbake-core/build/resources/test/fixture/content/blog/2013/second-post.html]...  : new 
18:53:10.871 DEBUG org.jbake.parser.MarkupEngine - Type property found
18:53:10.871 DEBUG org.jbake.parser.MarkupEngine - Status property found
18:53:10.871 DEBUG org.jbake.parser.MarkupEngine - Header separator found
18:53:10.872 INFO  org.jbake.app.Crawler - Processing [/home/csmajs/jgarc271/git/jbake-testing-and-verification/jbake-core/build/resources/test/fixture/content/blog/2016/another-post.html]...  : new 
18:53:10.874 DEBUG org.jbake.parser.MarkupEngine - Type property found
18:53:10.874 DEBUG org.jbake.parser.MarkupEngine - Status property found
18:53:10.874 DEBUG org.jbake.parser.MarkupEngine - Header separator found
18:53:10.874 INFO  org.jbake.app.Crawler - Processing [/home/csmajs/jgarc271/git/jbake-testing-and-verification/jbake-core/build/resources/test/fixture/content/blog/2016/draft-post.html]...  : new 
18:53:10.876 DEBUG org.jbake.parser.MarkupEngine - Header separator found
18:53:10.876 WARN  org.jbake.parser.MarkupEngine - Parsing skipped (missing type or status value in header meta data) for file /home/csmajs/jgarc271/git/jbake-testing-and-verification/jbake-core/build/resources/test/fixture/content/blog/invalid_header.html!
18:53:10.876 WARN  org.jbake.app.Crawler - /home/csmajs/jgarc271/git/jbake-testing-and-verification/jbake-core/build/resources/test/fixture/content/blog/invalid_header.html has an invalid header, it has been ignored!
18:53:10.876 INFO  org.jbake.app.Crawler - Processing [/home/csmajs/jgarc271/git/jbake-testing-and-verification/jbake-core/build/resources/test/fixture/content/blog/invalid_header.html]...  : new 
18:53:10.877 DEBUG org.jbake.parser.MarkupEngine - Type property found
18:53:10.877 DEBUG org.jbake.parser.MarkupEngine - Status property found
18:53:10.877 DEBUG org.jbake.parser.MarkupEngine - Header separator found
18:53:10.877 INFO  org.jbake.app.Crawler - Processing [/home/csmajs/jgarc271/git/jbake-testing-and-verification/jbake-core/build/resources/test/fixture/content/index2.html]...  : new 
18:53:10.879 DEBUG org.jbake.parser.MarkupEngine - Type property found
18:53:10.879 DEBUG org.jbake.parser.MarkupEngine - Status property found
18:53:10.879 DEBUG org.jbake.parser.MarkupEngine - Header separator found
18:53:10.894 INFO  org.jbake.app.Crawler - Processing [/home/csmajs/jgarc271/git/jbake-testing-and-verification/jbake-core/build/resources/test/fixture/content/papers/draft-paper.html]...  : new 
18:53:10.897 DEBUG org.jbake.parser.MarkupEngine - Type property found
18:53:10.897 DEBUG org.jbake.parser.MarkupEngine - Status property found
18:53:10.897 DEBUG org.jbake.parser.MarkupEngine - Header separator found
18:53:10.897 INFO  org.jbake.app.Crawler - Processing [/home/csmajs/jgarc271/git/jbake-testing-and-verification/jbake-core/build/resources/test/fixture/content/papers/published-paper.html]...  : new 
18:53:10.899 DEBUG org.jbake.parser.MarkupEngine - Type property found
18:53:10.899 DEBUG org.jbake.parser.MarkupEngine - Status property found
18:53:10.899 DEBUG org.jbake.parser.MarkupEngine - Header separator found
18:53:10.899 INFO  org.jbake.app.Crawler - Processing [/home/csmajs/jgarc271/git/jbake-testing-and-verification/jbake-core/build/resources/test/fixture/content/projects.html]...  : new 
18:53:10.899 INFO  org.jbake.app.Crawler - Content detected:
18:53:10.900 INFO  org.jbake.app.Crawler - Parsed 3 files of type: page
18:53:10.900 INFO  org.jbake.app.Crawler - Parsed 4 files of type: post
18:53:10.933 INFO  org.jbake.app.Renderer - Rendering tag [/tmp/junit8103561127533185/tags/blog.html]... done!
18:53:10.943 INFO  org.jbake.app.Renderer - Rendering tagindex [/tmp/junit8103561127533185/tags/index.html]... done!
18:53:10.947 INFO  c.o.o.c.s.m.ODirectMemoryStorage - Storage 'memory:/tmp/junit8103561127533185/documents1584064382924' is created under OrientDB distribution : 3.0.14 - Veloce (build ac128c5a9ba4c6dc9d25a32b92962d8863774423, branch 3.0.x)
18:53:11.957 DEBUG org.jbake.app.ContentStore - Create document class 'page'
18:53:11.980 DEBUG org.jbake.app.ContentStore - Create document class 'post'
18:53:12.006 DEBUG org.jbake.app.ContentStore - Create document class 'masterindex'
18:53:12.035 DEBUG org.jbake.app.ContentStore - Create document class 'archive'
18:53:12.067 DEBUG org.jbake.app.ContentStore - Create document class 'feed'
18:53:12.125 DEBUG org.jbake.parser.MarkupEngine - Type property found
18:53:12.125 DEBUG org.jbake.parser.MarkupEngine - Status property found
18:53:12.125 DEBUG org.jbake.parser.MarkupEngine - Header separator found
18:53:12.126 INFO  org.jbake.app.Crawler - Processing [/home/csmajs/jgarc271/git/jbake-testing-and-verification/jbake-core/build/resources/test/fixture/content/about.html]...  : new 
18:53:12.127 DEBUG org.jbake.parser.MarkupEngine - Type property found
18:53:12.127 DEBUG org.jbake.parser.MarkupEngine - Status property found
18:53:12.127 DEBUG org.jbake.parser.MarkupEngine - Header separator found
18:53:12.141 INFO  org.jbake.app.Crawler - Processing [/home/csmajs/jgarc271/git/jbake-testing-and-verification/jbake-core/build/resources/test/fixture/content/allcontent.html]...  : new 
18:53:12.145 DEBUG org.jbake.parser.MarkupEngine - Type property found
18:53:12.145 DEBUG org.jbake.parser.MarkupEngine - Status property found
18:53:12.145 DEBUG org.jbake.parser.MarkupEngine - Header separator found
18:53:12.146 INFO  org.jbake.app.Crawler - Processing [/home/csmajs/jgarc271/git/jbake-testing-and-verification/jbake-core/build/resources/test/fixture/content/blog/2012/first-post.html]...  : new 
18:53:12.149 DEBUG org.jbake.parser.MarkupEngine - Type property found
18:53:12.149 DEBUG org.jbake.parser.MarkupEngine - Status property found
18:53:12.149 DEBUG org.jbake.parser.MarkupEngine - Header separator found
18:53:12.150 INFO  org.jbake.app.Crawler - Processing [/home/csmajs/jgarc271/git/jbake-testing-and-verification/jbake-core/build/resources/test/fixture/content/blog/2013/second-post.html]...  : new 
18:53:12.151 DEBUG org.jbake.parser.MarkupEngine - Type property found
18:53:12.151 DEBUG org.jbake.parser.MarkupEngine - Status property found
18:53:12.151 DEBUG org.jbake.parser.MarkupEngine - Header separator found
18:53:12.152 INFO  org.jbake.app.Crawler - Processing [/home/csmajs/jgarc271/git/jbake-testing-and-verification/jbake-core/build/resources/test/fixture/content/blog/2016/another-post.html]...  : new 
18:53:12.153 DEBUG org.jbake.parser.MarkupEngine - Type property found
18:53:12.153 DEBUG org.jbake.parser.MarkupEngine - Status property found
18:53:12.154 DEBUG org.jbake.parser.MarkupEngine - Header separator found
18:53:12.154 INFO  org.jbake.app.Crawler - Processing [/home/csmajs/jgarc271/git/jbake-testing-and-verification/jbake-core/build/resources/test/fixture/content/blog/2016/draft-post.html]...  : new 
18:53:12.155 DEBUG org.jbake.parser.MarkupEngine - Header separator found
18:53:12.155 WARN  org.jbake.parser.MarkupEngine - Parsing skipped (missing type or status value in header meta data) for file /home/csmajs/jgarc271/git/jbake-testing-and-verification/jbake-core/build/resources/test/fixture/content/blog/invalid_header.html!
18:53:12.155 WARN  org.jbake.app.Crawler - /home/csmajs/jgarc271/git/jbake-testing-and-verification/jbake-core/build/resources/test/fixture/content/blog/invalid_header.html has an invalid header, it has been ignored!
18:53:12.156 INFO  org.jbake.app.Crawler - Processing [/home/csmajs/jgarc271/git/jbake-testing-and-verification/jbake-core/build/resources/test/fixture/content/blog/invalid_header.html]...  : new 
18:53:12.157 DEBUG org.jbake.parser.MarkupEngine - Type property found
18:53:12.157 DEBUG org.jbake.parser.MarkupEngine - Status property found
18:53:12.157 DEBUG org.jbake.parser.MarkupEngine - Header separator found
18:53:12.157 INFO  org.jbake.app.Crawler - Processing [/home/csmajs/jgarc271/git/jbake-testing-and-verification/jbake-core/build/resources/test/fixture/content/index2.html]...  : new 
18:53:12.159 DEBUG org.jbake.parser.MarkupEngine - Type property found
18:53:12.159 DEBUG org.jbake.parser.MarkupEngine - Status property found
18:53:12.159 DEBUG org.jbake.parser.MarkupEngine - Header separator found
18:53:12.173 INFO  org.jbake.app.Crawler - Processing [/home/csmajs/jgarc271/git/jbake-testing-and-verification/jbake-core/build/resources/test/fixture/content/papers/draft-paper.html]...  : new 
18:53:12.176 DEBUG org.jbake.parser.MarkupEngine - Type property found
18:53:12.176 DEBUG org.jbake.parser.MarkupEngine - Status property found
18:53:12.176 DEBUG org.jbake.parser.MarkupEngine - Header separator found
18:53:12.177 INFO  org.jbake.app.Crawler - Processing [/home/csmajs/jgarc271/git/jbake-testing-and-verification/jbake-core/build/resources/test/fixture/content/papers/published-paper.html]...  : new 
18:53:12.178 DEBUG org.jbake.parser.MarkupEngine - Type property found
18:53:12.178 DEBUG org.jbake.parser.MarkupEngine - Status property found
18:53:12.178 DEBUG org.jbake.parser.MarkupEngine - Header separator found
18:53:12.179 INFO  org.jbake.app.Crawler - Processing [/home/csmajs/jgarc271/git/jbake-testing-and-verification/jbake-core/build/resources/test/fixture/content/projects.html]...  : new 
18:53:12.179 INFO  org.jbake.app.Crawler - Content detected:
18:53:12.179 INFO  org.jbake.app.Crawler - Parsed 3 files of type: page
18:53:12.179 INFO  org.jbake.app.Crawler - Parsed 4 files of type: post
18:53:12.217 INFO  org.jbake.app.Renderer - Rendering feed [/tmp/junit8103561127533185/feed.xml]... done!
18:53:12.223 INFO  c.o.o.c.s.m.ODirectMemoryStorage - Storage 'memory:/tmp/junit8103561127533185/documents1584064382924' is created under OrientDB distribution : 3.0.14 - Veloce (build ac128c5a9ba4c6dc9d25a32b92962d8863774423, branch 3.0.x)
18:53:13.233 DEBUG org.jbake.app.ContentStore - Create document class 'page'
18:53:13.257 DEBUG org.jbake.app.ContentStore - Create document class 'post'
18:53:13.293 DEBUG org.jbake.app.ContentStore - Create document class 'masterindex'
18:53:13.322 DEBUG org.jbake.app.ContentStore - Create document class 'archive'
18:53:13.353 DEBUG org.jbake.app.ContentStore - Create document class 'feed'
18:53:13.408 DEBUG org.jbake.parser.MarkupEngine - Type property found
18:53:13.409 DEBUG org.jbake.parser.MarkupEngine - Status property found
18:53:13.409 DEBUG org.jbake.parser.MarkupEngine - Header separator found
18:53:13.409 INFO  org.jbake.app.Crawler - Processing [/home/csmajs/jgarc271/git/jbake-testing-and-verification/jbake-core/build/resources/test/fixture/content/about.html]...  : new 
18:53:13.411 DEBUG org.jbake.parser.MarkupEngine - Type property found
18:53:13.411 DEBUG org.jbake.parser.MarkupEngine - Status property found
18:53:13.411 DEBUG org.jbake.parser.MarkupEngine - Header separator found
18:53:13.424 INFO  org.jbake.app.Crawler - Processing [/home/csmajs/jgarc271/git/jbake-testing-and-verification/jbake-core/build/resources/test/fixture/content/allcontent.html]...  : new 
18:53:13.429 DEBUG org.jbake.parser.MarkupEngine - Type property found
18:53:13.429 DEBUG org.jbake.parser.MarkupEngine - Status property found
18:53:13.429 DEBUG org.jbake.parser.MarkupEngine - Header separator found
18:53:13.429 INFO  org.jbake.app.Crawler - Processing [/home/csmajs/jgarc271/git/jbake-testing-and-verification/jbake-core/build/resources/test/fixture/content/blog/2012/first-post.html]...  : new 
18:53:13.432 DEBUG org.jbake.parser.MarkupEngine - Type property found
18:53:13.432 DEBUG org.jbake.parser.MarkupEngine - Status property found
18:53:13.432 DEBUG org.jbake.parser.MarkupEngine - Header separator found
18:53:13.433 INFO  org.jbake.app.Crawler - Processing [/home/csmajs/jgarc271/git/jbake-testing-and-verification/jbake-core/build/resources/test/fixture/content/blog/2013/second-post.html]...  : new 
18:53:13.435 DEBUG org.jbake.parser.MarkupEngine - Type property found
18:53:13.435 DEBUG org.jbake.parser.MarkupEngine - Status property found
18:53:13.435 DEBUG org.jbake.parser.MarkupEngine - Header separator found
18:53:13.435 INFO  org.jbake.app.Crawler - Processing [/home/csmajs/jgarc271/git/jbake-testing-and-verification/jbake-core/build/resources/test/fixture/content/blog/2016/another-post.html]...  : new 
18:53:13.437 DEBUG org.jbake.parser.MarkupEngine - Type property found
18:53:13.437 DEBUG org.jbake.parser.MarkupEngine - Status property found
18:53:13.437 DEBUG org.jbake.parser.MarkupEngine - Header separator found
18:53:13.437 INFO  org.jbake.app.Crawler - Processing [/home/csmajs/jgarc271/git/jbake-testing-and-verification/jbake-core/build/resources/test/fixture/content/blog/2016/draft-post.html]...  : new 
18:53:13.439 DEBUG org.jbake.parser.MarkupEngine - Header separator found
18:53:13.439 WARN  org.jbake.parser.MarkupEngine - Parsing skipped (missing type or status value in header meta data) for file /home/csmajs/jgarc271/git/jbake-testing-and-verification/jbake-core/build/resources/test/fixture/content/blog/invalid_header.html!
18:53:13.439 WARN  org.jbake.app.Crawler - /home/csmajs/jgarc271/git/jbake-testing-and-verification/jbake-core/build/resources/test/fixture/content/blog/invalid_header.html has an invalid header, it has been ignored!
18:53:13.439 INFO  org.jbake.app.Crawler - Processing [/home/csmajs/jgarc271/git/jbake-testing-and-verification/jbake-core/build/resources/test/fixture/content/blog/invalid_header.html]...  : new 
18:53:13.440 DEBUG org.jbake.parser.MarkupEngine - Type property found
18:53:13.440 DEBUG org.jbake.parser.MarkupEngine - Status property found
18:53:13.440 DEBUG org.jbake.parser.MarkupEngine - Header separator found
18:53:13.441 INFO  org.jbake.app.Crawler - Processing [/home/csmajs/jgarc271/git/jbake-testing-and-verification/jbake-core/build/resources/test/fixture/content/index2.html]...  : new 
18:53:13.442 DEBUG org.jbake.parser.MarkupEngine - Type property found
18:53:13.442 DEBUG org.jbake.parser.MarkupEngine - Status property found
18:53:13.442 DEBUG org.jbake.parser.MarkupEngine - Header separator found
18:53:13.457 INFO  org.jbake.app.Crawler - Processing [/home/csmajs/jgarc271/git/jbake-testing-and-verification/jbake-core/build/resources/test/fixture/content/papers/draft-paper.html]...  : new 
18:53:13.459 DEBUG org.jbake.parser.MarkupEngine - Type property found
18:53:13.459 DEBUG org.jbake.parser.MarkupEngine - Status property found
18:53:13.459 DEBUG org.jbake.parser.MarkupEngine - Header separator found
18:53:13.460 INFO  org.jbake.app.Crawler - Processing [/home/csmajs/jgarc271/git/jbake-testing-and-verification/jbake-core/build/resources/test/fixture/content/papers/published-paper.html]...  : new 
18:53:13.461 DEBUG org.jbake.parser.MarkupEngine - Type property found
18:53:13.462 DEBUG org.jbake.parser.MarkupEngine - Status property found
18:53:13.462 DEBUG org.jbake.parser.MarkupEngine - Header separator found
18:53:13.462 INFO  org.jbake.app.Crawler - Processing [/home/csmajs/jgarc271/git/jbake-testing-and-verification/jbake-core/build/resources/test/fixture/content/projects.html]...  : new 
18:53:13.462 INFO  org.jbake.app.Crawler - Content detected:
18:53:13.462 INFO  org.jbake.app.Crawler - Parsed 3 files of type: page
18:53:13.462 INFO  org.jbake.app.Crawler - Parsed 4 files of type: post
18:53:13.474 DEBUG org.jbake.parser.MarkupEngine - Type property found
18:53:13.474 DEBUG org.jbake.parser.MarkupEngine - Status property found
18:53:13.474 DEBUG org.jbake.parser.MarkupEngine - Header separator found
18:53:13.504 INFO  org.jbake.app.Renderer - Rendering [/tmp/junit8103561127533185/about.html]... done!
18:53:13.508 INFO  c.o.o.c.s.m.ODirectMemoryStorage - Storage 'memory:/tmp/junit8103561127533185/documents1584064382924' is created under OrientDB distribution : 3.0.14 - Veloce (build ac128c5a9ba4c6dc9d25a32b92962d8863774423, branch 3.0.x)
18:53:14.517 DEBUG org.jbake.app.ContentStore - Create document class 'page'
18:53:14.540 DEBUG org.jbake.app.ContentStore - Create document class 'post'
18:53:14.566 DEBUG org.jbake.app.ContentStore - Create document class 'masterindex'
18:53:14.595 DEBUG org.jbake.app.ContentStore - Create document class 'archive'
18:53:14.627 DEBUG org.jbake.app.ContentStore - Create document class 'feed'
18:53:14.684 DEBUG org.jbake.parser.MarkupEngine - Type property found
18:53:14.684 DEBUG org.jbake.parser.MarkupEngine - Status property found
18:53:14.684 DEBUG org.jbake.parser.MarkupEngine - Header separator found
18:53:14.685 INFO  org.jbake.app.Crawler - Processing [/home/csmajs/jgarc271/git/jbake-testing-and-verification/jbake-core/build/resources/test/fixture/content/about.html]...  : new 
18:53:14.686 DEBUG org.jbake.parser.MarkupEngine - Type property found
18:53:14.686 DEBUG org.jbake.parser.MarkupEngine - Status property found
18:53:14.686 DEBUG org.jbake.parser.MarkupEngine - Header separator found
18:53:14.700 INFO  org.jbake.app.Crawler - Processing [/home/csmajs/jgarc271/git/jbake-testing-and-verification/jbake-core/build/resources/test/fixture/content/allcontent.html]...  : new 
18:53:14.704 DEBUG org.jbake.parser.MarkupEngine - Type property found
18:53:14.704 DEBUG org.jbake.parser.MarkupEngine - Status property found
18:53:14.704 DEBUG org.jbake.parser.MarkupEngine - Header separator found
18:53:14.705 INFO  org.jbake.app.Crawler - Processing [/home/csmajs/jgarc271/git/jbake-testing-and-verification/jbake-core/build/resources/test/fixture/content/blog/2012/first-post.html]...  : new 
18:53:14.708 DEBUG org.jbake.parser.MarkupEngine - Type property found
18:53:14.708 DEBUG org.jbake.parser.MarkupEngine - Status property found
18:53:14.708 DEBUG org.jbake.parser.MarkupEngine - Header separator found
18:53:14.709 INFO  org.jbake.app.Crawler - Processing [/home/csmajs/jgarc271/git/jbake-testing-and-verification/jbake-core/build/resources/test/fixture/content/blog/2013/second-post.html]...  : new 
18:53:14.710 DEBUG org.jbake.parser.MarkupEngine - Type property found
18:53:14.710 DEBUG org.jbake.parser.MarkupEngine - Status property found
18:53:14.710 DEBUG org.jbake.parser.MarkupEngine - Header separator found
18:53:14.711 INFO  org.jbake.app.Crawler - Processing [/home/csmajs/jgarc271/git/jbake-testing-and-verification/jbake-core/build/resources/test/fixture/content/blog/2016/another-post.html]...  : new 
18:53:14.712 DEBUG org.jbake.parser.MarkupEngine - Type property found
18:53:14.712 DEBUG org.jbake.parser.MarkupEngine - Status property found
18:53:14.712 DEBUG org.jbake.parser.MarkupEngine - Header separator found
18:53:14.713 INFO  org.jbake.app.Crawler - Processing [/home/csmajs/jgarc271/git/jbake-testing-and-verification/jbake-core/build/resources/test/fixture/content/blog/2016/draft-post.html]...  : new 
18:53:14.714 DEBUG org.jbake.parser.MarkupEngine - Header separator found
18:53:14.714 WARN  org.jbake.parser.MarkupEngine - Parsing skipped (missing type or status value in header meta data) for file /home/csmajs/jgarc271/git/jbake-testing-and-verification/jbake-core/build/resources/test/fixture/content/blog/invalid_header.html!
18:53:14.714 WARN  org.jbake.app.Crawler - /home/csmajs/jgarc271/git/jbake-testing-and-verification/jbake-core/build/resources/test/fixture/content/blog/invalid_header.html has an invalid header, it has been ignored!
18:53:14.714 INFO  org.jbake.app.Crawler - Processing [/home/csmajs/jgarc271/git/jbake-testing-and-verification/jbake-core/build/resources/test/fixture/content/blog/invalid_header.html]...  : new 
18:53:14.715 DEBUG org.jbake.parser.MarkupEngine - Type property found
18:53:14.716 DEBUG org.jbake.parser.MarkupEngine - Status property found
18:53:14.716 DEBUG org.jbake.parser.MarkupEngine - Header separator found
18:53:14.716 INFO  org.jbake.app.Crawler - Processing [/home/csmajs/jgarc271/git/jbake-testing-and-verification/jbake-core/build/resources/test/fixture/content/index2.html]...  : new 
18:53:14.718 DEBUG org.jbake.parser.MarkupEngine - Type property found
18:53:14.718 DEBUG org.jbake.parser.MarkupEngine - Status property found
18:53:14.718 DEBUG org.jbake.parser.MarkupEngine - Header separator found
18:53:14.733 INFO  org.jbake.app.Crawler - Processing [/home/csmajs/jgarc271/git/jbake-testing-and-verification/jbake-core/build/resources/test/fixture/content/papers/draft-paper.html]...  : new 
18:53:14.736 DEBUG org.jbake.parser.MarkupEngine - Type property found
18:53:14.736 DEBUG org.jbake.parser.MarkupEngine - Status property found
18:53:14.736 DEBUG org.jbake.parser.MarkupEngine - Header separator found
18:53:14.736 INFO  org.jbake.app.Crawler - Processing [/home/csmajs/jgarc271/git/jbake-testing-and-verification/jbake-core/build/resources/test/fixture/content/papers/published-paper.html]...  : new 
18:53:14.738 DEBUG org.jbake.parser.MarkupEngine - Type property found
18:53:14.738 DEBUG org.jbake.parser.MarkupEngine - Status property found
18:53:14.738 DEBUG org.jbake.parser.MarkupEngine - Header separator found
18:53:14.738 INFO  org.jbake.app.Crawler - Processing [/home/csmajs/jgarc271/git/jbake-testing-and-verification/jbake-core/build/resources/test/fixture/content/projects.html]...  : new 
18:53:14.738 INFO  org.jbake.app.Crawler - Content detected:
18:53:14.738 INFO  org.jbake.app.Crawler - Parsed 3 files of type: page
18:53:14.739 INFO  org.jbake.app.Crawler - Parsed 4 files of type: post
18:53:14.751 DEBUG org.jbake.parser.MarkupEngine - Type property found
18:53:14.751 DEBUG org.jbake.parser.MarkupEngine - Status property found
18:53:14.751 DEBUG org.jbake.parser.MarkupEngine - Header separator found
18:53:14.780 INFO  org.jbake.app.Renderer - Rendering [/tmp/junit8103561127533185/second-post.html]... done!
18:53:14.784 INFO  c.o.o.c.s.m.ODirectMemoryStorage - Storage 'memory:/tmp/junit8103561127533185/documents1584064382924' is created under OrientDB distribution : 3.0.14 - Veloce (build ac128c5a9ba4c6dc9d25a32b92962d8863774423, branch 3.0.x)
18:53:15.800 DEBUG org.jbake.app.ContentStore - Create document class 'page'
18:53:15.824 DEBUG org.jbake.app.ContentStore - Create document class 'post'
18:53:15.849 DEBUG org.jbake.app.ContentStore - Create document class 'masterindex'
18:53:15.878 DEBUG org.jbake.app.ContentStore - Create document class 'archive'
18:53:15.910 DEBUG org.jbake.app.ContentStore - Create document class 'feed'
18:53:15.967 DEBUG org.jbake.parser.MarkupEngine - Type property found
18:53:15.967 DEBUG org.jbake.parser.MarkupEngine - Status property found
18:53:15.967 DEBUG org.jbake.parser.MarkupEngine - Header separator found
18:53:15.968 INFO  org.jbake.app.Crawler - Processing [/home/csmajs/jgarc271/git/jbake-testing-and-verification/jbake-core/build/resources/test/fixture/content/about.html]...  : new 
18:53:15.969 DEBUG org.jbake.parser.MarkupEngine - Type property found
18:53:15.969 DEBUG org.jbake.parser.MarkupEngine - Status property found
18:53:15.969 DEBUG org.jbake.parser.MarkupEngine - Header separator found
18:53:15.983 INFO  org.jbake.app.Crawler - Processing [/home/csmajs/jgarc271/git/jbake-testing-and-verification/jbake-core/build/resources/test/fixture/content/allcontent.html]...  : new 
18:53:15.988 DEBUG org.jbake.parser.MarkupEngine - Type property found
18:53:15.988 DEBUG org.jbake.parser.MarkupEngine - Status property found
18:53:15.988 DEBUG org.jbake.parser.MarkupEngine - Header separator found
18:53:15.989 INFO  org.jbake.app.Crawler - Processing [/home/csmajs/jgarc271/git/jbake-testing-and-verification/jbake-core/build/resources/test/fixture/content/blog/2012/first-post.html]...  : new 
18:53:15.991 DEBUG org.jbake.parser.MarkupEngine - Type property found
18:53:15.991 DEBUG org.jbake.parser.MarkupEngine - Status property found
18:53:15.991 DEBUG org.jbake.parser.MarkupEngine - Header separator found
18:53:15.992 INFO  org.jbake.app.Crawler - Processing [/home/csmajs/jgarc271/git/jbake-testing-and-verification/jbake-core/build/resources/test/fixture/content/blog/2013/second-post.html]...  : new 
18:53:15.994 DEBUG org.jbake.parser.MarkupEngine - Type property found
18:53:15.994 DEBUG org.jbake.parser.MarkupEngine - Status property found
18:53:15.994 DEBUG org.jbake.parser.MarkupEngine - Header separator found
18:53:15.994 INFO  org.jbake.app.Crawler - Processing [/home/csmajs/jgarc271/git/jbake-testing-and-verification/jbake-core/build/resources/test/fixture/content/blog/2016/another-post.html]...  : new 
18:53:15.995 DEBUG org.jbake.parser.MarkupEngine - Type property found
18:53:15.996 DEBUG org.jbake.parser.MarkupEngine - Status property found
18:53:15.996 DEBUG org.jbake.parser.MarkupEngine - Header separator found
18:53:15.996 INFO  org.jbake.app.Crawler - Processing [/home/csmajs/jgarc271/git/jbake-testing-and-verification/jbake-core/build/resources/test/fixture/content/blog/2016/draft-post.html]...  : new 
18:53:15.997 DEBUG org.jbake.parser.MarkupEngine - Header separator found
18:53:15.997 WARN  org.jbake.parser.MarkupEngine - Parsing skipped (missing type or status value in header meta data) for file /home/csmajs/jgarc271/git/jbake-testing-and-verification/jbake-core/build/resources/test/fixture/content/blog/invalid_header.html!
18:53:15.997 WARN  org.jbake.app.Crawler - /home/csmajs/jgarc271/git/jbake-testing-and-verification/jbake-core/build/resources/test/fixture/content/blog/invalid_header.html has an invalid header, it has been ignored!
18:53:15.997 INFO  org.jbake.app.Crawler - Processing [/home/csmajs/jgarc271/git/jbake-testing-and-verification/jbake-core/build/resources/test/fixture/content/blog/invalid_header.html]...  : new 
18:53:15.998 DEBUG org.jbake.parser.MarkupEngine - Type property found
18:53:15.998 DEBUG org.jbake.parser.MarkupEngine - Status property found
18:53:15.998 DEBUG org.jbake.parser.MarkupEngine - Header separator found
18:53:15.999 INFO  org.jbake.app.Crawler - Processing [/home/csmajs/jgarc271/git/jbake-testing-and-verification/jbake-core/build/resources/test/fixture/content/index2.html]...  : new 
18:53:16.001 DEBUG org.jbake.parser.MarkupEngine - Type property found
18:53:16.001 DEBUG org.jbake.parser.MarkupEngine - Status property found
18:53:16.001 DEBUG org.jbake.parser.MarkupEngine - Header separator found
18:53:16.016 INFO  org.jbake.app.Crawler - Processing [/home/csmajs/jgarc271/git/jbake-testing-and-verification/jbake-core/build/resources/test/fixture/content/papers/draft-paper.html]...  : new 
18:53:16.018 DEBUG org.jbake.parser.MarkupEngine - Type property found
18:53:16.018 DEBUG org.jbake.parser.MarkupEngine - Status property found
18:53:16.018 DEBUG org.jbake.parser.MarkupEngine - Header separator found
18:53:16.019 INFO  org.jbake.app.Crawler - Processing [/home/csmajs/jgarc271/git/jbake-testing-and-verification/jbake-core/build/resources/test/fixture/content/papers/published-paper.html]...  : new 
18:53:16.020 DEBUG org.jbake.parser.MarkupEngine - Type property found
18:53:16.020 DEBUG org.jbake.parser.MarkupEngine - Status property found
18:53:16.020 DEBUG org.jbake.parser.MarkupEngine - Header separator found
18:53:16.020 INFO  org.jbake.app.Crawler - Processing [/home/csmajs/jgarc271/git/jbake-testing-and-verification/jbake-core/build/resources/test/fixture/content/projects.html]...  : new 
18:53:16.020 INFO  org.jbake.app.Crawler - Content detected:
18:53:16.021 INFO  org.jbake.app.Crawler - Parsed 3 files of type: page
18:53:16.021 INFO  org.jbake.app.Crawler - Parsed 4 files of type: post
18:53:16.063 INFO  org.jbake.app.Renderer - Rendering tag [/tmp/junit8103561127533185/tags/blog.html]... done!
18:53:16.072 INFO  org.jbake.app.Renderer - Rendering tagindex [/tmp/junit8103561127533185/tags/index.html]... done!
18:53:16.076 INFO  c.o.o.c.s.m.ODirectMemoryStorage - Storage 'memory:/tmp/junit8103561127533185/documents1584064382924' is created under OrientDB distribution : 3.0.14 - Veloce (build ac128c5a9ba4c6dc9d25a32b92962d8863774423, branch 3.0.x)
18:53:17.087 DEBUG org.jbake.app.ContentStore - Create document class 'page'
18:53:17.110 DEBUG org.jbake.app.ContentStore - Create document class 'post'
18:53:17.136 DEBUG org.jbake.app.ContentStore - Create document class 'masterindex'
18:53:17.166 DEBUG org.jbake.app.ContentStore - Create document class 'archive'
18:53:17.198 DEBUG org.jbake.app.ContentStore - Create document class 'feed'
18:53:17.255 DEBUG org.jbake.parser.MarkupEngine - Type property found
18:53:17.255 DEBUG org.jbake.parser.MarkupEngine - Status property found
18:53:17.255 DEBUG org.jbake.parser.MarkupEngine - Header separator found
18:53:17.256 INFO  org.jbake.app.Crawler - Processing [/home/csmajs/jgarc271/git/jbake-testing-and-verification/jbake-core/build/resources/test/fixture/content/about.html]...  : new 
18:53:17.257 DEBUG org.jbake.parser.MarkupEngine - Type property found
18:53:17.257 DEBUG org.jbake.parser.MarkupEngine - Status property found
18:53:17.257 DEBUG org.jbake.parser.MarkupEngine - Header separator found
18:53:17.271 INFO  org.jbake.app.Crawler - Processing [/home/csmajs/jgarc271/git/jbake-testing-and-verification/jbake-core/build/resources/test/fixture/content/allcontent.html]...  : new 
18:53:17.275 DEBUG org.jbake.parser.MarkupEngine - Type property found
18:53:17.276 DEBUG org.jbake.parser.MarkupEngine - Status property found
18:53:17.276 DEBUG org.jbake.parser.MarkupEngine - Header separator found
18:53:17.276 INFO  org.jbake.app.Crawler - Processing [/home/csmajs/jgarc271/git/jbake-testing-and-verification/jbake-core/build/resources/test/fixture/content/blog/2012/first-post.html]...  : new 
18:53:17.279 DEBUG org.jbake.parser.MarkupEngine - Type property found
18:53:17.279 DEBUG org.jbake.parser.MarkupEngine - Status property found
18:53:17.279 DEBUG org.jbake.parser.MarkupEngine - Header separator found
18:53:17.280 INFO  org.jbake.app.Crawler - Processing [/home/csmajs/jgarc271/git/jbake-testing-and-verification/jbake-core/build/resources/test/fixture/content/blog/2013/second-post.html]...  : new 
18:53:17.281 DEBUG org.jbake.parser.MarkupEngine - Type property found
18:53:17.281 DEBUG org.jbake.parser.MarkupEngine - Status property found
18:53:17.281 DEBUG org.jbake.parser.MarkupEngine - Header separator found
18:53:17.282 INFO  org.jbake.app.Crawler - Processing [/home/csmajs/jgarc271/git/jbake-testing-and-verification/jbake-core/build/resources/test/fixture/content/blog/2016/another-post.html]...  : new 
18:53:17.283 DEBUG org.jbake.parser.MarkupEngine - Type property found
18:53:17.283 DEBUG org.jbake.parser.MarkupEngine - Status property found
18:53:17.283 DEBUG org.jbake.parser.MarkupEngine - Header separator found
18:53:17.284 INFO  org.jbake.app.Crawler - Processing [/home/csmajs/jgarc271/git/jbake-testing-and-verification/jbake-core/build/resources/test/fixture/content/blog/2016/draft-post.html]...  : new 
18:53:17.285 DEBUG org.jbake.parser.MarkupEngine - Header separator found
18:53:17.285 WARN  org.jbake.parser.MarkupEngine - Parsing skipped (missing type or status value in header meta data) for file /home/csmajs/jgarc271/git/jbake-testing-and-verification/jbake-core/build/resources/test/fixture/content/blog/invalid_header.html!
18:53:17.285 WARN  org.jbake.app.Crawler - /home/csmajs/jgarc271/git/jbake-testing-and-verification/jbake-core/build/resources/test/fixture/content/blog/invalid_header.html has an invalid header, it has been ignored!
18:53:17.285 INFO  org.jbake.app.Crawler - Processing [/home/csmajs/jgarc271/git/jbake-testing-and-verification/jbake-core/build/resources/test/fixture/content/blog/invalid_header.html]...  : new 
18:53:17.286 DEBUG org.jbake.parser.MarkupEngine - Type property found
18:53:17.286 DEBUG org.jbake.parser.MarkupEngine - Status property found
18:53:17.286 DEBUG org.jbake.parser.MarkupEngine - Header separator found
18:53:17.287 INFO  org.jbake.app.Crawler - Processing [/home/csmajs/jgarc271/git/jbake-testing-and-verification/jbake-core/build/resources/test/fixture/content/index2.html]...  : new 
18:53:17.288 DEBUG org.jbake.parser.MarkupEngine - Type property found
18:53:17.289 DEBUG org.jbake.parser.MarkupEngine - Status property found
18:53:17.289 DEBUG org.jbake.parser.MarkupEngine - Header separator found
18:53:17.304 INFO  org.jbake.app.Crawler - Processing [/home/csmajs/jgarc271/git/jbake-testing-and-verification/jbake-core/build/resources/test/fixture/content/papers/draft-paper.html]...  : new 
18:53:17.306 DEBUG org.jbake.parser.MarkupEngine - Type property found
18:53:17.306 DEBUG org.jbake.parser.MarkupEngine - Status property found
18:53:17.306 DEBUG org.jbake.parser.MarkupEngine - Header separator found
18:53:17.307 INFO  org.jbake.app.Crawler - Processing [/home/csmajs/jgarc271/git/jbake-testing-and-verification/jbake-core/build/resources/test/fixture/content/papers/published-paper.html]...  : new 
18:53:17.308 DEBUG org.jbake.parser.MarkupEngine - Type property found
18:53:17.308 DEBUG org.jbake.parser.MarkupEngine - Status property found
18:53:17.308 DEBUG org.jbake.parser.MarkupEngine - Header separator found
18:53:17.309 INFO  org.jbake.app.Crawler - Processing [/home/csmajs/jgarc271/git/jbake-testing-and-verification/jbake-core/build/resources/test/fixture/content/projects.html]...  : new 
18:53:17.309 INFO  org.jbake.app.Crawler - Content detected:
18:53:17.309 INFO  org.jbake.app.Crawler - Parsed 3 files of type: page
18:53:17.309 INFO  org.jbake.app.Crawler - Parsed 4 files of type: post
18:53:17.321 INFO  org.jbake.template.ModelExtractors - register new extractors for document type: paper
18:53:17.345 INFO  org.jbake.app.Renderer - Rendering sitemap [/tmp/junit8103561127533185/sitemap.xml]... done!
]]></system-out>
  <system-err><![CDATA[]]></system-err>
</testsuite>
