<?xml version="1.0" encoding="UTF-8"?>
<testsuite name="org.jbake.app.template.JadeTemplateEngineRenderingTest" tests="9" skipped="0" failures="0" errors="0" timestamp="2020-03-13T01:15:57" hostname="bolt.cs.ucr.edu" time="7.335">
  <properties/>
  <testcase name="renderIndex" classname="org.jbake.app.template.JadeTemplateEngineRenderingTest" time="0.917"/>
  <testcase name="renderArchive" classname="org.jbake.app.template.JadeTemplateEngineRenderingTest" time="0.808"/>
  <testcase name="checkDbTemplateModelIsPopulated" classname="org.jbake.app.template.JadeTemplateEngineRenderingTest" time="0.804"/>
  <testcase name="renderTagsIndex" classname="org.jbake.app.template.JadeTemplateEngineRenderingTest" time="0.844"/>
  <testcase name="renderFeed" classname="org.jbake.app.template.JadeTemplateEngineRenderingTest" time="0.781"/>
  <testcase name="renderPage" classname="org.jbake.app.template.JadeTemplateEngineRenderingTest" time="0.792"/>
  <testcase name="renderPost" classname="org.jbake.app.template.JadeTemplateEngineRenderingTest" time="0.783"/>
  <testcase name="renderTags" classname="org.jbake.app.template.JadeTemplateEngineRenderingTest" time="0.831"/>
  <testcase name="renderSitemap" classname="org.jbake.app.template.JadeTemplateEngineRenderingTest" time="0.775"/>
  <system-out><![CDATA[18:15:57.764 INFO  c.o.o.c.s.m.ODirectMemoryStorage - Storage 'memory:/tmp/junit1867960268790768910/documents1584062157763' is created under OrientDB distribution : 3.0.14 - Veloce (build ac128c5a9ba4c6dc9d25a32b92962d8863774423, branch 3.0.x)
18:15:58.283 DEBUG org.jbake.app.ContentStore - Create document class 'page'
18:15:58.306 DEBUG org.jbake.app.ContentStore - Create document class 'post'
18:15:58.331 DEBUG org.jbake.app.ContentStore - Create document class 'masterindex'
18:15:58.359 DEBUG org.jbake.app.ContentStore - Create document class 'archive'
18:15:58.391 DEBUG org.jbake.app.ContentStore - Create document class 'feed'
18:15:58.446 DEBUG org.jbake.parser.MarkupEngine - Type property found
18:15:58.446 DEBUG org.jbake.parser.MarkupEngine - Status property found
18:15:58.446 DEBUG org.jbake.parser.MarkupEngine - Header separator found
18:15:58.447 INFO  org.jbake.app.Crawler - Processing [/home/csmajs/jgarc271/git/jbake-testing-and-verification/jbake-core/build/resources/test/fixture/content/about.html]...  : new 
18:15:58.448 DEBUG org.jbake.parser.MarkupEngine - Type property found
18:15:58.448 DEBUG org.jbake.parser.MarkupEngine - Status property found
18:15:58.448 DEBUG org.jbake.parser.MarkupEngine - Header separator found
18:15:58.461 INFO  org.jbake.app.Crawler - Processing [/home/csmajs/jgarc271/git/jbake-testing-and-verification/jbake-core/build/resources/test/fixture/content/allcontent.html]...  : new 
18:15:58.466 DEBUG org.jbake.parser.MarkupEngine - Type property found
18:15:58.467 DEBUG org.jbake.parser.MarkupEngine - Status property found
18:15:58.467 DEBUG org.jbake.parser.MarkupEngine - Header separator found
18:15:58.467 INFO  org.jbake.app.Crawler - Processing [/home/csmajs/jgarc271/git/jbake-testing-and-verification/jbake-core/build/resources/test/fixture/content/blog/2012/first-post.html]...  : new 
18:15:58.470 DEBUG org.jbake.parser.MarkupEngine - Type property found
18:15:58.470 DEBUG org.jbake.parser.MarkupEngine - Status property found
18:15:58.470 DEBUG org.jbake.parser.MarkupEngine - Header separator found
18:15:58.471 INFO  org.jbake.app.Crawler - Processing [/home/csmajs/jgarc271/git/jbake-testing-and-verification/jbake-core/build/resources/test/fixture/content/blog/2013/second-post.html]...  : new 
18:15:58.472 DEBUG org.jbake.parser.MarkupEngine - Type property found
18:15:58.472 DEBUG org.jbake.parser.MarkupEngine - Status property found
18:15:58.472 DEBUG org.jbake.parser.MarkupEngine - Header separator found
18:15:58.473 INFO  org.jbake.app.Crawler - Processing [/home/csmajs/jgarc271/git/jbake-testing-and-verification/jbake-core/build/resources/test/fixture/content/blog/2016/another-post.html]...  : new 
18:15:58.474 DEBUG org.jbake.parser.MarkupEngine - Type property found
18:15:58.474 DEBUG org.jbake.parser.MarkupEngine - Status property found
18:15:58.474 DEBUG org.jbake.parser.MarkupEngine - Header separator found
18:15:58.474 INFO  org.jbake.app.Crawler - Processing [/home/csmajs/jgarc271/git/jbake-testing-and-verification/jbake-core/build/resources/test/fixture/content/blog/2016/draft-post.html]...  : new 
18:15:58.476 DEBUG org.jbake.parser.MarkupEngine - Header separator found
18:15:58.476 WARN  org.jbake.parser.MarkupEngine - Parsing skipped (missing type or status value in header meta data) for file /home/csmajs/jgarc271/git/jbake-testing-and-verification/jbake-core/build/resources/test/fixture/content/blog/invalid_header.html!
18:15:58.476 WARN  org.jbake.app.Crawler - /home/csmajs/jgarc271/git/jbake-testing-and-verification/jbake-core/build/resources/test/fixture/content/blog/invalid_header.html has an invalid header, it has been ignored!
18:15:58.476 INFO  org.jbake.app.Crawler - Processing [/home/csmajs/jgarc271/git/jbake-testing-and-verification/jbake-core/build/resources/test/fixture/content/blog/invalid_header.html]...  : new 
18:15:58.477 DEBUG org.jbake.parser.MarkupEngine - Type property found
18:15:58.477 DEBUG org.jbake.parser.MarkupEngine - Status property found
18:15:58.477 DEBUG org.jbake.parser.MarkupEngine - Header separator found
18:15:58.477 INFO  org.jbake.app.Crawler - Processing [/home/csmajs/jgarc271/git/jbake-testing-and-verification/jbake-core/build/resources/test/fixture/content/index2.html]...  : new 
18:15:58.479 DEBUG org.jbake.parser.MarkupEngine - Type property found
18:15:58.479 DEBUG org.jbake.parser.MarkupEngine - Status property found
18:15:58.479 DEBUG org.jbake.parser.MarkupEngine - Header separator found
18:15:58.493 INFO  org.jbake.app.Crawler - Processing [/home/csmajs/jgarc271/git/jbake-testing-and-verification/jbake-core/build/resources/test/fixture/content/papers/draft-paper.html]...  : new 
18:15:58.495 DEBUG org.jbake.parser.MarkupEngine - Type property found
18:15:58.495 DEBUG org.jbake.parser.MarkupEngine - Status property found
18:15:58.495 DEBUG org.jbake.parser.MarkupEngine - Header separator found
18:15:58.496 INFO  org.jbake.app.Crawler - Processing [/home/csmajs/jgarc271/git/jbake-testing-and-verification/jbake-core/build/resources/test/fixture/content/papers/published-paper.html]...  : new 
18:15:58.497 DEBUG org.jbake.parser.MarkupEngine - Type property found
18:15:58.497 DEBUG org.jbake.parser.MarkupEngine - Status property found
18:15:58.497 DEBUG org.jbake.parser.MarkupEngine - Header separator found
18:15:58.497 INFO  org.jbake.app.Crawler - Processing [/home/csmajs/jgarc271/git/jbake-testing-and-verification/jbake-core/build/resources/test/fixture/content/projects.html]...  : new 
18:15:58.498 INFO  org.jbake.app.Crawler - Content detected:
18:15:58.498 INFO  org.jbake.app.Crawler - Parsed 3 files of type: page
18:15:58.498 INFO  org.jbake.app.Crawler - Parsed 4 files of type: post
18:15:58.677 INFO  org.jbake.app.Renderer - Rendering masterindex [/tmp/junit1867960268790768910/index.html]... done!
18:15:58.681 INFO  c.o.o.c.s.m.ODirectMemoryStorage - Storage 'memory:/tmp/junit1867960268790768910/documents1584062157763' is created under OrientDB distribution : 3.0.14 - Veloce (build ac128c5a9ba4c6dc9d25a32b92962d8863774423, branch 3.0.x)
18:15:59.200 DEBUG org.jbake.app.ContentStore - Create document class 'page'
18:15:59.223 DEBUG org.jbake.app.ContentStore - Create document class 'post'
18:15:59.249 DEBUG org.jbake.app.ContentStore - Create document class 'masterindex'
18:15:59.277 DEBUG org.jbake.app.ContentStore - Create document class 'archive'
18:15:59.308 DEBUG org.jbake.app.ContentStore - Create document class 'feed'
18:15:59.370 DEBUG org.jbake.parser.MarkupEngine - Type property found
18:15:59.370 DEBUG org.jbake.parser.MarkupEngine - Status property found
18:15:59.370 DEBUG org.jbake.parser.MarkupEngine - Header separator found
18:15:59.370 INFO  org.jbake.app.Crawler - Processing [/home/csmajs/jgarc271/git/jbake-testing-and-verification/jbake-core/build/resources/test/fixture/content/about.html]...  : new 
18:15:59.372 DEBUG org.jbake.parser.MarkupEngine - Type property found
18:15:59.372 DEBUG org.jbake.parser.MarkupEngine - Status property found
18:15:59.372 DEBUG org.jbake.parser.MarkupEngine - Header separator found
18:15:59.384 INFO  org.jbake.app.Crawler - Processing [/home/csmajs/jgarc271/git/jbake-testing-and-verification/jbake-core/build/resources/test/fixture/content/allcontent.html]...  : new 
18:15:59.389 DEBUG org.jbake.parser.MarkupEngine - Type property found
18:15:59.389 DEBUG org.jbake.parser.MarkupEngine - Status property found
18:15:59.389 DEBUG org.jbake.parser.MarkupEngine - Header separator found
18:15:59.389 INFO  org.jbake.app.Crawler - Processing [/home/csmajs/jgarc271/git/jbake-testing-and-verification/jbake-core/build/resources/test/fixture/content/blog/2012/first-post.html]...  : new 
18:15:59.392 DEBUG org.jbake.parser.MarkupEngine - Type property found
18:15:59.392 DEBUG org.jbake.parser.MarkupEngine - Status property found
18:15:59.392 DEBUG org.jbake.parser.MarkupEngine - Header separator found
18:15:59.393 INFO  org.jbake.app.Crawler - Processing [/home/csmajs/jgarc271/git/jbake-testing-and-verification/jbake-core/build/resources/test/fixture/content/blog/2013/second-post.html]...  : new 
18:15:59.395 DEBUG org.jbake.parser.MarkupEngine - Type property found
18:15:59.395 DEBUG org.jbake.parser.MarkupEngine - Status property found
18:15:59.395 DEBUG org.jbake.parser.MarkupEngine - Header separator found
18:15:59.395 INFO  org.jbake.app.Crawler - Processing [/home/csmajs/jgarc271/git/jbake-testing-and-verification/jbake-core/build/resources/test/fixture/content/blog/2016/another-post.html]...  : new 
18:15:59.396 DEBUG org.jbake.parser.MarkupEngine - Type property found
18:15:59.396 DEBUG org.jbake.parser.MarkupEngine - Status property found
18:15:59.396 DEBUG org.jbake.parser.MarkupEngine - Header separator found
18:15:59.397 INFO  org.jbake.app.Crawler - Processing [/home/csmajs/jgarc271/git/jbake-testing-and-verification/jbake-core/build/resources/test/fixture/content/blog/2016/draft-post.html]...  : new 
18:15:59.398 DEBUG org.jbake.parser.MarkupEngine - Header separator found
18:15:59.398 WARN  org.jbake.parser.MarkupEngine - Parsing skipped (missing type or status value in header meta data) for file /home/csmajs/jgarc271/git/jbake-testing-and-verification/jbake-core/build/resources/test/fixture/content/blog/invalid_header.html!
18:15:59.398 WARN  org.jbake.app.Crawler - /home/csmajs/jgarc271/git/jbake-testing-and-verification/jbake-core/build/resources/test/fixture/content/blog/invalid_header.html has an invalid header, it has been ignored!
18:15:59.398 INFO  org.jbake.app.Crawler - Processing [/home/csmajs/jgarc271/git/jbake-testing-and-verification/jbake-core/build/resources/test/fixture/content/blog/invalid_header.html]...  : new 
18:15:59.399 DEBUG org.jbake.parser.MarkupEngine - Type property found
18:15:59.399 DEBUG org.jbake.parser.MarkupEngine - Status property found
18:15:59.399 DEBUG org.jbake.parser.MarkupEngine - Header separator found
18:15:59.400 INFO  org.jbake.app.Crawler - Processing [/home/csmajs/jgarc271/git/jbake-testing-and-verification/jbake-core/build/resources/test/fixture/content/index2.html]...  : new 
18:15:59.402 DEBUG org.jbake.parser.MarkupEngine - Type property found
18:15:59.402 DEBUG org.jbake.parser.MarkupEngine - Status property found
18:15:59.402 DEBUG org.jbake.parser.MarkupEngine - Header separator found
18:15:59.415 INFO  org.jbake.app.Crawler - Processing [/home/csmajs/jgarc271/git/jbake-testing-and-verification/jbake-core/build/resources/test/fixture/content/papers/draft-paper.html]...  : new 
18:15:59.418 DEBUG org.jbake.parser.MarkupEngine - Type property found
18:15:59.418 DEBUG org.jbake.parser.MarkupEngine - Status property found
18:15:59.418 DEBUG org.jbake.parser.MarkupEngine - Header separator found
18:15:59.418 INFO  org.jbake.app.Crawler - Processing [/home/csmajs/jgarc271/git/jbake-testing-and-verification/jbake-core/build/resources/test/fixture/content/papers/published-paper.html]...  : new 
18:15:59.419 DEBUG org.jbake.parser.MarkupEngine - Type property found
18:15:59.420 DEBUG org.jbake.parser.MarkupEngine - Status property found
18:15:59.420 DEBUG org.jbake.parser.MarkupEngine - Header separator found
18:15:59.420 INFO  org.jbake.app.Crawler - Processing [/home/csmajs/jgarc271/git/jbake-testing-and-verification/jbake-core/build/resources/test/fixture/content/projects.html]...  : new 
18:15:59.420 INFO  org.jbake.app.Crawler - Content detected:
18:15:59.420 INFO  org.jbake.app.Crawler - Parsed 3 files of type: page
18:15:59.420 INFO  org.jbake.app.Crawler - Parsed 4 files of type: post
18:15:59.485 INFO  org.jbake.app.Renderer - Rendering archive [/tmp/junit1867960268790768910/archive.html]... done!
18:15:59.490 INFO  c.o.o.c.s.m.ODirectMemoryStorage - Storage 'memory:/tmp/junit1867960268790768910/documents1584062157763' is created under OrientDB distribution : 3.0.14 - Veloce (build ac128c5a9ba4c6dc9d25a32b92962d8863774423, branch 3.0.x)
18:16:00.012 DEBUG org.jbake.app.ContentStore - Create document class 'page'
18:16:00.035 DEBUG org.jbake.app.ContentStore - Create document class 'post'
18:16:00.060 DEBUG org.jbake.app.ContentStore - Create document class 'masterindex'
18:16:00.088 DEBUG org.jbake.app.ContentStore - Create document class 'archive'
18:16:00.119 DEBUG org.jbake.app.ContentStore - Create document class 'feed'
18:16:00.174 DEBUG org.jbake.parser.MarkupEngine - Type property found
18:16:00.174 DEBUG org.jbake.parser.MarkupEngine - Status property found
18:16:00.174 DEBUG org.jbake.parser.MarkupEngine - Header separator found
18:16:00.175 INFO  org.jbake.app.Crawler - Processing [/home/csmajs/jgarc271/git/jbake-testing-and-verification/jbake-core/build/resources/test/fixture/content/about.html]...  : new 
18:16:00.176 DEBUG org.jbake.parser.MarkupEngine - Type property found
18:16:00.176 DEBUG org.jbake.parser.MarkupEngine - Status property found
18:16:00.176 DEBUG org.jbake.parser.MarkupEngine - Header separator found
18:16:00.189 INFO  org.jbake.app.Crawler - Processing [/home/csmajs/jgarc271/git/jbake-testing-and-verification/jbake-core/build/resources/test/fixture/content/allcontent.html]...  : new 
18:16:00.193 DEBUG org.jbake.parser.MarkupEngine - Type property found
18:16:00.193 DEBUG org.jbake.parser.MarkupEngine - Status property found
18:16:00.193 DEBUG org.jbake.parser.MarkupEngine - Header separator found
18:16:00.194 INFO  org.jbake.app.Crawler - Processing [/home/csmajs/jgarc271/git/jbake-testing-and-verification/jbake-core/build/resources/test/fixture/content/blog/2012/first-post.html]...  : new 
18:16:00.196 DEBUG org.jbake.parser.MarkupEngine - Type property found
18:16:00.196 DEBUG org.jbake.parser.MarkupEngine - Status property found
18:16:00.196 DEBUG org.jbake.parser.MarkupEngine - Header separator found
18:16:00.197 INFO  org.jbake.app.Crawler - Processing [/home/csmajs/jgarc271/git/jbake-testing-and-verification/jbake-core/build/resources/test/fixture/content/blog/2013/second-post.html]...  : new 
18:16:00.199 DEBUG org.jbake.parser.MarkupEngine - Type property found
18:16:00.199 DEBUG org.jbake.parser.MarkupEngine - Status property found
18:16:00.199 DEBUG org.jbake.parser.MarkupEngine - Header separator found
18:16:00.199 INFO  org.jbake.app.Crawler - Processing [/home/csmajs/jgarc271/git/jbake-testing-and-verification/jbake-core/build/resources/test/fixture/content/blog/2016/another-post.html]...  : new 
18:16:00.200 DEBUG org.jbake.parser.MarkupEngine - Type property found
18:16:00.200 DEBUG org.jbake.parser.MarkupEngine - Status property found
18:16:00.200 DEBUG org.jbake.parser.MarkupEngine - Header separator found
18:16:00.201 INFO  org.jbake.app.Crawler - Processing [/home/csmajs/jgarc271/git/jbake-testing-and-verification/jbake-core/build/resources/test/fixture/content/blog/2016/draft-post.html]...  : new 
18:16:00.202 DEBUG org.jbake.parser.MarkupEngine - Header separator found
18:16:00.202 WARN  org.jbake.parser.MarkupEngine - Parsing skipped (missing type or status value in header meta data) for file /home/csmajs/jgarc271/git/jbake-testing-and-verification/jbake-core/build/resources/test/fixture/content/blog/invalid_header.html!
18:16:00.202 WARN  org.jbake.app.Crawler - /home/csmajs/jgarc271/git/jbake-testing-and-verification/jbake-core/build/resources/test/fixture/content/blog/invalid_header.html has an invalid header, it has been ignored!
18:16:00.202 INFO  org.jbake.app.Crawler - Processing [/home/csmajs/jgarc271/git/jbake-testing-and-verification/jbake-core/build/resources/test/fixture/content/blog/invalid_header.html]...  : new 
18:16:00.203 DEBUG org.jbake.parser.MarkupEngine - Type property found
18:16:00.203 DEBUG org.jbake.parser.MarkupEngine - Status property found
18:16:00.203 DEBUG org.jbake.parser.MarkupEngine - Header separator found
18:16:00.204 INFO  org.jbake.app.Crawler - Processing [/home/csmajs/jgarc271/git/jbake-testing-and-verification/jbake-core/build/resources/test/fixture/content/index2.html]...  : new 
18:16:00.205 DEBUG org.jbake.parser.MarkupEngine - Type property found
18:16:00.205 DEBUG org.jbake.parser.MarkupEngine - Status property found
18:16:00.205 DEBUG org.jbake.parser.MarkupEngine - Header separator found
18:16:00.220 INFO  org.jbake.app.Crawler - Processing [/home/csmajs/jgarc271/git/jbake-testing-and-verification/jbake-core/build/resources/test/fixture/content/papers/draft-paper.html]...  : new 
18:16:00.222 DEBUG org.jbake.parser.MarkupEngine - Type property found
18:16:00.222 DEBUG org.jbake.parser.MarkupEngine - Status property found
18:16:00.222 DEBUG org.jbake.parser.MarkupEngine - Header separator found
18:16:00.222 INFO  org.jbake.app.Crawler - Processing [/home/csmajs/jgarc271/git/jbake-testing-and-verification/jbake-core/build/resources/test/fixture/content/papers/published-paper.html]...  : new 
18:16:00.223 DEBUG org.jbake.parser.MarkupEngine - Type property found
18:16:00.223 DEBUG org.jbake.parser.MarkupEngine - Status property found
18:16:00.223 DEBUG org.jbake.parser.MarkupEngine - Header separator found
18:16:00.224 INFO  org.jbake.app.Crawler - Processing [/home/csmajs/jgarc271/git/jbake-testing-and-verification/jbake-core/build/resources/test/fixture/content/projects.html]...  : new 
18:16:00.224 INFO  org.jbake.app.Crawler - Content detected:
18:16:00.224 INFO  org.jbake.app.Crawler - Parsed 3 files of type: page
18:16:00.224 INFO  org.jbake.app.Crawler - Parsed 4 files of type: post
18:16:00.290 INFO  org.jbake.app.Renderer - Rendering masterindex [/tmp/junit1867960268790768910/index.html]... done!
18:16:00.294 INFO  c.o.o.c.s.m.ODirectMemoryStorage - Storage 'memory:/tmp/junit1867960268790768910/documents1584062157763' is created under OrientDB distribution : 3.0.14 - Veloce (build ac128c5a9ba4c6dc9d25a32b92962d8863774423, branch 3.0.x)
18:16:00.815 DEBUG org.jbake.app.ContentStore - Create document class 'page'
18:16:00.838 DEBUG org.jbake.app.ContentStore - Create document class 'post'
18:16:00.864 DEBUG org.jbake.app.ContentStore - Create document class 'masterindex'
18:16:00.892 DEBUG org.jbake.app.ContentStore - Create document class 'archive'
18:16:00.924 DEBUG org.jbake.app.ContentStore - Create document class 'feed'
18:16:00.980 DEBUG org.jbake.parser.MarkupEngine - Type property found
18:16:00.980 DEBUG org.jbake.parser.MarkupEngine - Status property found
18:16:00.980 DEBUG org.jbake.parser.MarkupEngine - Header separator found
18:16:00.981 INFO  org.jbake.app.Crawler - Processing [/home/csmajs/jgarc271/git/jbake-testing-and-verification/jbake-core/build/resources/test/fixture/content/about.html]...  : new 
18:16:00.982 DEBUG org.jbake.parser.MarkupEngine - Type property found
18:16:00.982 DEBUG org.jbake.parser.MarkupEngine - Status property found
18:16:00.982 DEBUG org.jbake.parser.MarkupEngine - Header separator found
18:16:00.995 INFO  org.jbake.app.Crawler - Processing [/home/csmajs/jgarc271/git/jbake-testing-and-verification/jbake-core/build/resources/test/fixture/content/allcontent.html]...  : new 
18:16:01.000 DEBUG org.jbake.parser.MarkupEngine - Type property found
18:16:01.000 DEBUG org.jbake.parser.MarkupEngine - Status property found
18:16:01.000 DEBUG org.jbake.parser.MarkupEngine - Header separator found
18:16:01.000 INFO  org.jbake.app.Crawler - Processing [/home/csmajs/jgarc271/git/jbake-testing-and-verification/jbake-core/build/resources/test/fixture/content/blog/2012/first-post.html]...  : new 
18:16:01.003 DEBUG org.jbake.parser.MarkupEngine - Type property found
18:16:01.003 DEBUG org.jbake.parser.MarkupEngine - Status property found
18:16:01.003 DEBUG org.jbake.parser.MarkupEngine - Header separator found
18:16:01.003 INFO  org.jbake.app.Crawler - Processing [/home/csmajs/jgarc271/git/jbake-testing-and-verification/jbake-core/build/resources/test/fixture/content/blog/2013/second-post.html]...  : new 
18:16:01.005 DEBUG org.jbake.parser.MarkupEngine - Type property found
18:16:01.005 DEBUG org.jbake.parser.MarkupEngine - Status property found
18:16:01.005 DEBUG org.jbake.parser.MarkupEngine - Header separator found
18:16:01.005 INFO  org.jbake.app.Crawler - Processing [/home/csmajs/jgarc271/git/jbake-testing-and-verification/jbake-core/build/resources/test/fixture/content/blog/2016/another-post.html]...  : new 
18:16:01.006 DEBUG org.jbake.parser.MarkupEngine - Type property found
18:16:01.007 DEBUG org.jbake.parser.MarkupEngine - Status property found
18:16:01.007 DEBUG org.jbake.parser.MarkupEngine - Header separator found
18:16:01.007 INFO  org.jbake.app.Crawler - Processing [/home/csmajs/jgarc271/git/jbake-testing-and-verification/jbake-core/build/resources/test/fixture/content/blog/2016/draft-post.html]...  : new 
18:16:01.008 DEBUG org.jbake.parser.MarkupEngine - Header separator found
18:16:01.008 WARN  org.jbake.parser.MarkupEngine - Parsing skipped (missing type or status value in header meta data) for file /home/csmajs/jgarc271/git/jbake-testing-and-verification/jbake-core/build/resources/test/fixture/content/blog/invalid_header.html!
18:16:01.008 WARN  org.jbake.app.Crawler - /home/csmajs/jgarc271/git/jbake-testing-and-verification/jbake-core/build/resources/test/fixture/content/blog/invalid_header.html has an invalid header, it has been ignored!
18:16:01.008 INFO  org.jbake.app.Crawler - Processing [/home/csmajs/jgarc271/git/jbake-testing-and-verification/jbake-core/build/resources/test/fixture/content/blog/invalid_header.html]...  : new 
18:16:01.009 DEBUG org.jbake.parser.MarkupEngine - Type property found
18:16:01.009 DEBUG org.jbake.parser.MarkupEngine - Status property found
18:16:01.009 DEBUG org.jbake.parser.MarkupEngine - Header separator found
18:16:01.010 INFO  org.jbake.app.Crawler - Processing [/home/csmajs/jgarc271/git/jbake-testing-and-verification/jbake-core/build/resources/test/fixture/content/index2.html]...  : new 
18:16:01.011 DEBUG org.jbake.parser.MarkupEngine - Type property found
18:16:01.011 DEBUG org.jbake.parser.MarkupEngine - Status property found
18:16:01.011 DEBUG org.jbake.parser.MarkupEngine - Header separator found
18:16:01.026 INFO  org.jbake.app.Crawler - Processing [/home/csmajs/jgarc271/git/jbake-testing-and-verification/jbake-core/build/resources/test/fixture/content/papers/draft-paper.html]...  : new 
18:16:01.028 DEBUG org.jbake.parser.MarkupEngine - Type property found
18:16:01.028 DEBUG org.jbake.parser.MarkupEngine - Status property found
18:16:01.028 DEBUG org.jbake.parser.MarkupEngine - Header separator found
18:16:01.029 INFO  org.jbake.app.Crawler - Processing [/home/csmajs/jgarc271/git/jbake-testing-and-verification/jbake-core/build/resources/test/fixture/content/papers/published-paper.html]...  : new 
18:16:01.030 DEBUG org.jbake.parser.MarkupEngine - Type property found
18:16:01.030 DEBUG org.jbake.parser.MarkupEngine - Status property found
18:16:01.030 DEBUG org.jbake.parser.MarkupEngine - Header separator found
18:16:01.030 INFO  org.jbake.app.Crawler - Processing [/home/csmajs/jgarc271/git/jbake-testing-and-verification/jbake-core/build/resources/test/fixture/content/projects.html]...  : new 
18:16:01.031 INFO  org.jbake.app.Crawler - Content detected:
18:16:01.031 INFO  org.jbake.app.Crawler - Parsed 3 files of type: page
18:16:01.031 INFO  org.jbake.app.Crawler - Parsed 4 files of type: post
18:16:01.048 INFO  o.j.t.DelegatingTemplateEngine - Default template: tags.ftl was not found, searching for others...
18:16:01.049 INFO  o.j.t.DelegatingTemplateEngine - Found alternative template file: tags.jade using this instead
18:16:01.103 INFO  org.jbake.app.Renderer - Rendering tag [/tmp/junit1867960268790768910/tags/blog.html]... done!
18:16:01.106 INFO  o.j.t.DelegatingTemplateEngine - Default template: tags-index.ftl was not found, searching for others...
18:16:01.107 INFO  o.j.t.DelegatingTemplateEngine - Found alternative template file: tags-index.jade using this instead
18:16:01.134 INFO  org.jbake.app.Renderer - Rendering tagindex [/tmp/junit1867960268790768910/tags/index.html]... done!
18:16:01.138 INFO  c.o.o.c.s.m.ODirectMemoryStorage - Storage 'memory:/tmp/junit1867960268790768910/documents1584062157763' is created under OrientDB distribution : 3.0.14 - Veloce (build ac128c5a9ba4c6dc9d25a32b92962d8863774423, branch 3.0.x)
18:16:01.667 DEBUG org.jbake.app.ContentStore - Create document class 'page'
18:16:01.689 DEBUG org.jbake.app.ContentStore - Create document class 'post'
18:16:01.714 DEBUG org.jbake.app.ContentStore - Create document class 'masterindex'
18:16:01.743 DEBUG org.jbake.app.ContentStore - Create document class 'archive'
18:16:01.774 DEBUG org.jbake.app.ContentStore - Create document class 'feed'
18:16:01.830 DEBUG org.jbake.parser.MarkupEngine - Type property found
18:16:01.831 DEBUG org.jbake.parser.MarkupEngine - Status property found
18:16:01.831 DEBUG org.jbake.parser.MarkupEngine - Header separator found
18:16:01.831 INFO  org.jbake.app.Crawler - Processing [/home/csmajs/jgarc271/git/jbake-testing-and-verification/jbake-core/build/resources/test/fixture/content/about.html]...  : new 
18:16:01.832 DEBUG org.jbake.parser.MarkupEngine - Type property found
18:16:01.832 DEBUG org.jbake.parser.MarkupEngine - Status property found
18:16:01.832 DEBUG org.jbake.parser.MarkupEngine - Header separator found
18:16:01.845 INFO  org.jbake.app.Crawler - Processing [/home/csmajs/jgarc271/git/jbake-testing-and-verification/jbake-core/build/resources/test/fixture/content/allcontent.html]...  : new 
18:16:01.850 DEBUG org.jbake.parser.MarkupEngine - Type property found
18:16:01.850 DEBUG org.jbake.parser.MarkupEngine - Status property found
18:16:01.850 DEBUG org.jbake.parser.MarkupEngine - Header separator found
18:16:01.850 INFO  org.jbake.app.Crawler - Processing [/home/csmajs/jgarc271/git/jbake-testing-and-verification/jbake-core/build/resources/test/fixture/content/blog/2012/first-post.html]...  : new 
18:16:01.853 DEBUG org.jbake.parser.MarkupEngine - Type property found
18:16:01.853 DEBUG org.jbake.parser.MarkupEngine - Status property found
18:16:01.853 DEBUG org.jbake.parser.MarkupEngine - Header separator found
18:16:01.853 INFO  org.jbake.app.Crawler - Processing [/home/csmajs/jgarc271/git/jbake-testing-and-verification/jbake-core/build/resources/test/fixture/content/blog/2013/second-post.html]...  : new 
18:16:01.855 DEBUG org.jbake.parser.MarkupEngine - Type property found
18:16:01.855 DEBUG org.jbake.parser.MarkupEngine - Status property found
18:16:01.855 DEBUG org.jbake.parser.MarkupEngine - Header separator found
18:16:01.855 INFO  org.jbake.app.Crawler - Processing [/home/csmajs/jgarc271/git/jbake-testing-and-verification/jbake-core/build/resources/test/fixture/content/blog/2016/another-post.html]...  : new 
18:16:01.856 DEBUG org.jbake.parser.MarkupEngine - Type property found
18:16:01.857 DEBUG org.jbake.parser.MarkupEngine - Status property found
18:16:01.857 DEBUG org.jbake.parser.MarkupEngine - Header separator found
18:16:01.857 INFO  org.jbake.app.Crawler - Processing [/home/csmajs/jgarc271/git/jbake-testing-and-verification/jbake-core/build/resources/test/fixture/content/blog/2016/draft-post.html]...  : new 
18:16:01.858 DEBUG org.jbake.parser.MarkupEngine - Header separator found
18:16:01.858 WARN  org.jbake.parser.MarkupEngine - Parsing skipped (missing type or status value in header meta data) for file /home/csmajs/jgarc271/git/jbake-testing-and-verification/jbake-core/build/resources/test/fixture/content/blog/invalid_header.html!
18:16:01.858 WARN  org.jbake.app.Crawler - /home/csmajs/jgarc271/git/jbake-testing-and-verification/jbake-core/build/resources/test/fixture/content/blog/invalid_header.html has an invalid header, it has been ignored!
18:16:01.858 INFO  org.jbake.app.Crawler - Processing [/home/csmajs/jgarc271/git/jbake-testing-and-verification/jbake-core/build/resources/test/fixture/content/blog/invalid_header.html]...  : new 
18:16:01.859 DEBUG org.jbake.parser.MarkupEngine - Type property found
18:16:01.859 DEBUG org.jbake.parser.MarkupEngine - Status property found
18:16:01.859 DEBUG org.jbake.parser.MarkupEngine - Header separator found
18:16:01.860 INFO  org.jbake.app.Crawler - Processing [/home/csmajs/jgarc271/git/jbake-testing-and-verification/jbake-core/build/resources/test/fixture/content/index2.html]...  : new 
18:16:01.861 DEBUG org.jbake.parser.MarkupEngine - Type property found
18:16:01.861 DEBUG org.jbake.parser.MarkupEngine - Status property found
18:16:01.861 DEBUG org.jbake.parser.MarkupEngine - Header separator found
18:16:01.876 INFO  org.jbake.app.Crawler - Processing [/home/csmajs/jgarc271/git/jbake-testing-and-verification/jbake-core/build/resources/test/fixture/content/papers/draft-paper.html]...  : new 
18:16:01.878 DEBUG org.jbake.parser.MarkupEngine - Type property found
18:16:01.878 DEBUG org.jbake.parser.MarkupEngine - Status property found
18:16:01.878 DEBUG org.jbake.parser.MarkupEngine - Header separator found
18:16:01.879 INFO  org.jbake.app.Crawler - Processing [/home/csmajs/jgarc271/git/jbake-testing-and-verification/jbake-core/build/resources/test/fixture/content/papers/published-paper.html]...  : new 
18:16:01.880 DEBUG org.jbake.parser.MarkupEngine - Type property found
18:16:01.880 DEBUG org.jbake.parser.MarkupEngine - Status property found
18:16:01.880 DEBUG org.jbake.parser.MarkupEngine - Header separator found
18:16:01.880 INFO  org.jbake.app.Crawler - Processing [/home/csmajs/jgarc271/git/jbake-testing-and-verification/jbake-core/build/resources/test/fixture/content/projects.html]...  : new 
18:16:01.880 INFO  org.jbake.app.Crawler - Content detected:
18:16:01.880 INFO  org.jbake.app.Crawler - Parsed 3 files of type: page
18:16:01.881 INFO  org.jbake.app.Crawler - Parsed 4 files of type: post
18:16:01.915 INFO  org.jbake.app.Renderer - Rendering feed [/tmp/junit1867960268790768910/feed.xml]... done!
18:16:01.919 INFO  c.o.o.c.s.m.ODirectMemoryStorage - Storage 'memory:/tmp/junit1867960268790768910/documents1584062157763' is created under OrientDB distribution : 3.0.14 - Veloce (build ac128c5a9ba4c6dc9d25a32b92962d8863774423, branch 3.0.x)
18:16:02.438 DEBUG org.jbake.app.ContentStore - Create document class 'page'
18:16:02.460 DEBUG org.jbake.app.ContentStore - Create document class 'post'
18:16:02.484 DEBUG org.jbake.app.ContentStore - Create document class 'masterindex'
18:16:02.513 DEBUG org.jbake.app.ContentStore - Create document class 'archive'
18:16:02.544 DEBUG org.jbake.app.ContentStore - Create document class 'feed'
18:16:02.599 DEBUG org.jbake.parser.MarkupEngine - Type property found
18:16:02.599 DEBUG org.jbake.parser.MarkupEngine - Status property found
18:16:02.599 DEBUG org.jbake.parser.MarkupEngine - Header separator found
18:16:02.600 INFO  org.jbake.app.Crawler - Processing [/home/csmajs/jgarc271/git/jbake-testing-and-verification/jbake-core/build/resources/test/fixture/content/about.html]...  : new 
18:16:02.601 DEBUG org.jbake.parser.MarkupEngine - Type property found
18:16:02.601 DEBUG org.jbake.parser.MarkupEngine - Status property found
18:16:02.601 DEBUG org.jbake.parser.MarkupEngine - Header separator found
18:16:02.614 INFO  org.jbake.app.Crawler - Processing [/home/csmajs/jgarc271/git/jbake-testing-and-verification/jbake-core/build/resources/test/fixture/content/allcontent.html]...  : new 
18:16:02.618 DEBUG org.jbake.parser.MarkupEngine - Type property found
18:16:02.618 DEBUG org.jbake.parser.MarkupEngine - Status property found
18:16:02.618 DEBUG org.jbake.parser.MarkupEngine - Header separator found
18:16:02.619 INFO  org.jbake.app.Crawler - Processing [/home/csmajs/jgarc271/git/jbake-testing-and-verification/jbake-core/build/resources/test/fixture/content/blog/2012/first-post.html]...  : new 
18:16:02.621 DEBUG org.jbake.parser.MarkupEngine - Type property found
18:16:02.621 DEBUG org.jbake.parser.MarkupEngine - Status property found
18:16:02.621 DEBUG org.jbake.parser.MarkupEngine - Header separator found
18:16:02.622 INFO  org.jbake.app.Crawler - Processing [/home/csmajs/jgarc271/git/jbake-testing-and-verification/jbake-core/build/resources/test/fixture/content/blog/2013/second-post.html]...  : new 
18:16:02.623 DEBUG org.jbake.parser.MarkupEngine - Type property found
18:16:02.623 DEBUG org.jbake.parser.MarkupEngine - Status property found
18:16:02.623 DEBUG org.jbake.parser.MarkupEngine - Header separator found
18:16:02.624 INFO  org.jbake.app.Crawler - Processing [/home/csmajs/jgarc271/git/jbake-testing-and-verification/jbake-core/build/resources/test/fixture/content/blog/2016/another-post.html]...  : new 
18:16:02.625 DEBUG org.jbake.parser.MarkupEngine - Type property found
18:16:02.625 DEBUG org.jbake.parser.MarkupEngine - Status property found
18:16:02.625 DEBUG org.jbake.parser.MarkupEngine - Header separator found
18:16:02.626 INFO  org.jbake.app.Crawler - Processing [/home/csmajs/jgarc271/git/jbake-testing-and-verification/jbake-core/build/resources/test/fixture/content/blog/2016/draft-post.html]...  : new 
18:16:02.627 DEBUG org.jbake.parser.MarkupEngine - Header separator found
18:16:02.627 WARN  org.jbake.parser.MarkupEngine - Parsing skipped (missing type or status value in header meta data) for file /home/csmajs/jgarc271/git/jbake-testing-and-verification/jbake-core/build/resources/test/fixture/content/blog/invalid_header.html!
18:16:02.627 WARN  org.jbake.app.Crawler - /home/csmajs/jgarc271/git/jbake-testing-and-verification/jbake-core/build/resources/test/fixture/content/blog/invalid_header.html has an invalid header, it has been ignored!
18:16:02.627 INFO  org.jbake.app.Crawler - Processing [/home/csmajs/jgarc271/git/jbake-testing-and-verification/jbake-core/build/resources/test/fixture/content/blog/invalid_header.html]...  : new 
18:16:02.628 DEBUG org.jbake.parser.MarkupEngine - Type property found
18:16:02.628 DEBUG org.jbake.parser.MarkupEngine - Status property found
18:16:02.628 DEBUG org.jbake.parser.MarkupEngine - Header separator found
18:16:02.628 INFO  org.jbake.app.Crawler - Processing [/home/csmajs/jgarc271/git/jbake-testing-and-verification/jbake-core/build/resources/test/fixture/content/index2.html]...  : new 
18:16:02.630 DEBUG org.jbake.parser.MarkupEngine - Type property found
18:16:02.630 DEBUG org.jbake.parser.MarkupEngine - Status property found
18:16:02.630 DEBUG org.jbake.parser.MarkupEngine - Header separator found
18:16:02.644 INFO  org.jbake.app.Crawler - Processing [/home/csmajs/jgarc271/git/jbake-testing-and-verification/jbake-core/build/resources/test/fixture/content/papers/draft-paper.html]...  : new 
18:16:02.646 DEBUG org.jbake.parser.MarkupEngine - Type property found
18:16:02.646 DEBUG org.jbake.parser.MarkupEngine - Status property found
18:16:02.646 DEBUG org.jbake.parser.MarkupEngine - Header separator found
18:16:02.647 INFO  org.jbake.app.Crawler - Processing [/home/csmajs/jgarc271/git/jbake-testing-and-verification/jbake-core/build/resources/test/fixture/content/papers/published-paper.html]...  : new 
18:16:02.648 DEBUG org.jbake.parser.MarkupEngine - Type property found
18:16:02.648 DEBUG org.jbake.parser.MarkupEngine - Status property found
18:16:02.648 DEBUG org.jbake.parser.MarkupEngine - Header separator found
18:16:02.648 INFO  org.jbake.app.Crawler - Processing [/home/csmajs/jgarc271/git/jbake-testing-and-verification/jbake-core/build/resources/test/fixture/content/projects.html]...  : new 
18:16:02.648 INFO  org.jbake.app.Crawler - Content detected:
18:16:02.649 INFO  org.jbake.app.Crawler - Parsed 3 files of type: page
18:16:02.649 INFO  org.jbake.app.Crawler - Parsed 4 files of type: post
18:16:02.661 DEBUG org.jbake.parser.MarkupEngine - Type property found
18:16:02.661 DEBUG org.jbake.parser.MarkupEngine - Status property found
18:16:02.661 DEBUG org.jbake.parser.MarkupEngine - Header separator found
18:16:02.706 INFO  org.jbake.app.Renderer - Rendering [/tmp/junit1867960268790768910/about.html]... done!
18:16:02.710 INFO  c.o.o.c.s.m.ODirectMemoryStorage - Storage 'memory:/tmp/junit1867960268790768910/documents1584062157763' is created under OrientDB distribution : 3.0.14 - Veloce (build ac128c5a9ba4c6dc9d25a32b92962d8863774423, branch 3.0.x)
18:16:03.228 DEBUG org.jbake.app.ContentStore - Create document class 'page'
18:16:03.251 DEBUG org.jbake.app.ContentStore - Create document class 'post'
18:16:03.276 DEBUG org.jbake.app.ContentStore - Create document class 'masterindex'
18:16:03.303 DEBUG org.jbake.app.ContentStore - Create document class 'archive'
18:16:03.334 DEBUG org.jbake.app.ContentStore - Create document class 'feed'
18:16:03.390 DEBUG org.jbake.parser.MarkupEngine - Type property found
18:16:03.390 DEBUG org.jbake.parser.MarkupEngine - Status property found
18:16:03.390 DEBUG org.jbake.parser.MarkupEngine - Header separator found
18:16:03.391 INFO  org.jbake.app.Crawler - Processing [/home/csmajs/jgarc271/git/jbake-testing-and-verification/jbake-core/build/resources/test/fixture/content/about.html]...  : new 
18:16:03.392 DEBUG org.jbake.parser.MarkupEngine - Type property found
18:16:03.392 DEBUG org.jbake.parser.MarkupEngine - Status property found
18:16:03.392 DEBUG org.jbake.parser.MarkupEngine - Header separator found
18:16:03.407 INFO  org.jbake.app.Crawler - Processing [/home/csmajs/jgarc271/git/jbake-testing-and-verification/jbake-core/build/resources/test/fixture/content/allcontent.html]...  : new 
18:16:03.411 DEBUG org.jbake.parser.MarkupEngine - Type property found
18:16:03.411 DEBUG org.jbake.parser.MarkupEngine - Status property found
18:16:03.411 DEBUG org.jbake.parser.MarkupEngine - Header separator found
18:16:03.412 INFO  org.jbake.app.Crawler - Processing [/home/csmajs/jgarc271/git/jbake-testing-and-verification/jbake-core/build/resources/test/fixture/content/blog/2012/first-post.html]...  : new 
18:16:03.414 DEBUG org.jbake.parser.MarkupEngine - Type property found
18:16:03.414 DEBUG org.jbake.parser.MarkupEngine - Status property found
18:16:03.414 DEBUG org.jbake.parser.MarkupEngine - Header separator found
18:16:03.415 INFO  org.jbake.app.Crawler - Processing [/home/csmajs/jgarc271/git/jbake-testing-and-verification/jbake-core/build/resources/test/fixture/content/blog/2013/second-post.html]...  : new 
18:16:03.417 DEBUG org.jbake.parser.MarkupEngine - Type property found
18:16:03.417 DEBUG org.jbake.parser.MarkupEngine - Status property found
18:16:03.417 DEBUG org.jbake.parser.MarkupEngine - Header separator found
18:16:03.417 INFO  org.jbake.app.Crawler - Processing [/home/csmajs/jgarc271/git/jbake-testing-and-verification/jbake-core/build/resources/test/fixture/content/blog/2016/another-post.html]...  : new 
18:16:03.418 DEBUG org.jbake.parser.MarkupEngine - Type property found
18:16:03.418 DEBUG org.jbake.parser.MarkupEngine - Status property found
18:16:03.418 DEBUG org.jbake.parser.MarkupEngine - Header separator found
18:16:03.419 INFO  org.jbake.app.Crawler - Processing [/home/csmajs/jgarc271/git/jbake-testing-and-verification/jbake-core/build/resources/test/fixture/content/blog/2016/draft-post.html]...  : new 
18:16:03.420 DEBUG org.jbake.parser.MarkupEngine - Header separator found
18:16:03.420 WARN  org.jbake.parser.MarkupEngine - Parsing skipped (missing type or status value in header meta data) for file /home/csmajs/jgarc271/git/jbake-testing-and-verification/jbake-core/build/resources/test/fixture/content/blog/invalid_header.html!
18:16:03.420 WARN  org.jbake.app.Crawler - /home/csmajs/jgarc271/git/jbake-testing-and-verification/jbake-core/build/resources/test/fixture/content/blog/invalid_header.html has an invalid header, it has been ignored!
18:16:03.420 INFO  org.jbake.app.Crawler - Processing [/home/csmajs/jgarc271/git/jbake-testing-and-verification/jbake-core/build/resources/test/fixture/content/blog/invalid_header.html]...  : new 
18:16:03.421 DEBUG org.jbake.parser.MarkupEngine - Type property found
18:16:03.421 DEBUG org.jbake.parser.MarkupEngine - Status property found
18:16:03.421 DEBUG org.jbake.parser.MarkupEngine - Header separator found
18:16:03.422 INFO  org.jbake.app.Crawler - Processing [/home/csmajs/jgarc271/git/jbake-testing-and-verification/jbake-core/build/resources/test/fixture/content/index2.html]...  : new 
18:16:03.423 DEBUG org.jbake.parser.MarkupEngine - Type property found
18:16:03.423 DEBUG org.jbake.parser.MarkupEngine - Status property found
18:16:03.423 DEBUG org.jbake.parser.MarkupEngine - Header separator found
18:16:03.445 INFO  org.jbake.app.Crawler - Processing [/home/csmajs/jgarc271/git/jbake-testing-and-verification/jbake-core/build/resources/test/fixture/content/papers/draft-paper.html]...  : new 
18:16:03.448 DEBUG org.jbake.parser.MarkupEngine - Type property found
18:16:03.448 DEBUG org.jbake.parser.MarkupEngine - Status property found
18:16:03.448 DEBUG org.jbake.parser.MarkupEngine - Header separator found
18:16:03.448 INFO  org.jbake.app.Crawler - Processing [/home/csmajs/jgarc271/git/jbake-testing-and-verification/jbake-core/build/resources/test/fixture/content/papers/published-paper.html]...  : new 
18:16:03.449 DEBUG org.jbake.parser.MarkupEngine - Type property found
18:16:03.449 DEBUG org.jbake.parser.MarkupEngine - Status property found
18:16:03.449 DEBUG org.jbake.parser.MarkupEngine - Header separator found
18:16:03.450 INFO  org.jbake.app.Crawler - Processing [/home/csmajs/jgarc271/git/jbake-testing-and-verification/jbake-core/build/resources/test/fixture/content/projects.html]...  : new 
18:16:03.450 INFO  org.jbake.app.Crawler - Content detected:
18:16:03.450 INFO  org.jbake.app.Crawler - Parsed 3 files of type: page
18:16:03.450 INFO  org.jbake.app.Crawler - Parsed 4 files of type: post
18:16:03.461 DEBUG org.jbake.parser.MarkupEngine - Type property found
18:16:03.462 DEBUG org.jbake.parser.MarkupEngine - Status property found
18:16:03.462 DEBUG org.jbake.parser.MarkupEngine - Header separator found
18:16:03.489 INFO  org.jbake.app.Renderer - Rendering [/tmp/junit1867960268790768910/second-post.html]... done!
18:16:03.493 INFO  c.o.o.c.s.m.ODirectMemoryStorage - Storage 'memory:/tmp/junit1867960268790768910/documents1584062157763' is created under OrientDB distribution : 3.0.14 - Veloce (build ac128c5a9ba4c6dc9d25a32b92962d8863774423, branch 3.0.x)
18:16:04.012 DEBUG org.jbake.app.ContentStore - Create document class 'page'
18:16:04.039 DEBUG org.jbake.app.ContentStore - Create document class 'post'
18:16:04.063 DEBUG org.jbake.app.ContentStore - Create document class 'masterindex'
18:16:04.089 DEBUG org.jbake.app.ContentStore - Create document class 'archive'
18:16:04.119 DEBUG org.jbake.app.ContentStore - Create document class 'feed'
18:16:04.173 DEBUG org.jbake.parser.MarkupEngine - Type property found
18:16:04.173 DEBUG org.jbake.parser.MarkupEngine - Status property found
18:16:04.173 DEBUG org.jbake.parser.MarkupEngine - Header separator found
18:16:04.173 INFO  org.jbake.app.Crawler - Processing [/home/csmajs/jgarc271/git/jbake-testing-and-verification/jbake-core/build/resources/test/fixture/content/about.html]...  : new 
18:16:04.174 DEBUG org.jbake.parser.MarkupEngine - Type property found
18:16:04.174 DEBUG org.jbake.parser.MarkupEngine - Status property found
18:16:04.174 DEBUG org.jbake.parser.MarkupEngine - Header separator found
18:16:04.187 INFO  org.jbake.app.Crawler - Processing [/home/csmajs/jgarc271/git/jbake-testing-and-verification/jbake-core/build/resources/test/fixture/content/allcontent.html]...  : new 
18:16:04.191 DEBUG org.jbake.parser.MarkupEngine - Type property found
18:16:04.191 DEBUG org.jbake.parser.MarkupEngine - Status property found
18:16:04.191 DEBUG org.jbake.parser.MarkupEngine - Header separator found
18:16:04.192 INFO  org.jbake.app.Crawler - Processing [/home/csmajs/jgarc271/git/jbake-testing-and-verification/jbake-core/build/resources/test/fixture/content/blog/2012/first-post.html]...  : new 
18:16:04.194 DEBUG org.jbake.parser.MarkupEngine - Type property found
18:16:04.194 DEBUG org.jbake.parser.MarkupEngine - Status property found
18:16:04.194 DEBUG org.jbake.parser.MarkupEngine - Header separator found
18:16:04.195 INFO  org.jbake.app.Crawler - Processing [/home/csmajs/jgarc271/git/jbake-testing-and-verification/jbake-core/build/resources/test/fixture/content/blog/2013/second-post.html]...  : new 
18:16:04.196 DEBUG org.jbake.parser.MarkupEngine - Type property found
18:16:04.196 DEBUG org.jbake.parser.MarkupEngine - Status property found
18:16:04.196 DEBUG org.jbake.parser.MarkupEngine - Header separator found
18:16:04.197 INFO  org.jbake.app.Crawler - Processing [/home/csmajs/jgarc271/git/jbake-testing-and-verification/jbake-core/build/resources/test/fixture/content/blog/2016/another-post.html]...  : new 
18:16:04.198 DEBUG org.jbake.parser.MarkupEngine - Type property found
18:16:04.198 DEBUG org.jbake.parser.MarkupEngine - Status property found
18:16:04.198 DEBUG org.jbake.parser.MarkupEngine - Header separator found
18:16:04.198 INFO  org.jbake.app.Crawler - Processing [/home/csmajs/jgarc271/git/jbake-testing-and-verification/jbake-core/build/resources/test/fixture/content/blog/2016/draft-post.html]...  : new 
18:16:04.199 DEBUG org.jbake.parser.MarkupEngine - Header separator found
18:16:04.199 WARN  org.jbake.parser.MarkupEngine - Parsing skipped (missing type or status value in header meta data) for file /home/csmajs/jgarc271/git/jbake-testing-and-verification/jbake-core/build/resources/test/fixture/content/blog/invalid_header.html!
18:16:04.199 WARN  org.jbake.app.Crawler - /home/csmajs/jgarc271/git/jbake-testing-and-verification/jbake-core/build/resources/test/fixture/content/blog/invalid_header.html has an invalid header, it has been ignored!
18:16:04.199 INFO  org.jbake.app.Crawler - Processing [/home/csmajs/jgarc271/git/jbake-testing-and-verification/jbake-core/build/resources/test/fixture/content/blog/invalid_header.html]...  : new 
18:16:04.200 DEBUG org.jbake.parser.MarkupEngine - Type property found
18:16:04.200 DEBUG org.jbake.parser.MarkupEngine - Status property found
18:16:04.200 DEBUG org.jbake.parser.MarkupEngine - Header separator found
18:16:04.201 INFO  org.jbake.app.Crawler - Processing [/home/csmajs/jgarc271/git/jbake-testing-and-verification/jbake-core/build/resources/test/fixture/content/index2.html]...  : new 
18:16:04.202 DEBUG org.jbake.parser.MarkupEngine - Type property found
18:16:04.202 DEBUG org.jbake.parser.MarkupEngine - Status property found
18:16:04.202 DEBUG org.jbake.parser.MarkupEngine - Header separator found
18:16:04.216 INFO  org.jbake.app.Crawler - Processing [/home/csmajs/jgarc271/git/jbake-testing-and-verification/jbake-core/build/resources/test/fixture/content/papers/draft-paper.html]...  : new 
18:16:04.251 DEBUG org.jbake.parser.MarkupEngine - Type property found
18:16:04.251 DEBUG org.jbake.parser.MarkupEngine - Status property found
18:16:04.251 DEBUG org.jbake.parser.MarkupEngine - Header separator found
18:16:04.252 INFO  org.jbake.app.Crawler - Processing [/home/csmajs/jgarc271/git/jbake-testing-and-verification/jbake-core/build/resources/test/fixture/content/papers/published-paper.html]...  : new 
18:16:04.253 DEBUG org.jbake.parser.MarkupEngine - Type property found
18:16:04.253 DEBUG org.jbake.parser.MarkupEngine - Status property found
18:16:04.253 DEBUG org.jbake.parser.MarkupEngine - Header separator found
18:16:04.253 INFO  org.jbake.app.Crawler - Processing [/home/csmajs/jgarc271/git/jbake-testing-and-verification/jbake-core/build/resources/test/fixture/content/projects.html]...  : new 
18:16:04.253 INFO  org.jbake.app.Crawler - Content detected:
18:16:04.253 INFO  org.jbake.app.Crawler - Parsed 3 files of type: page
18:16:04.254 INFO  org.jbake.app.Crawler - Parsed 4 files of type: post
18:16:04.269 INFO  o.j.t.DelegatingTemplateEngine - Default template: tags.ftl was not found, searching for others...
18:16:04.270 INFO  o.j.t.DelegatingTemplateEngine - Found alternative template file: tags.jade using this instead
18:16:04.297 INFO  org.jbake.app.Renderer - Rendering tag [/tmp/junit1867960268790768910/tags/blog.html]... done!
18:16:04.299 INFO  o.j.t.DelegatingTemplateEngine - Default template: tags-index.ftl was not found, searching for others...
18:16:04.299 INFO  o.j.t.DelegatingTemplateEngine - Found alternative template file: tags-index.jade using this instead
18:16:04.321 INFO  org.jbake.app.Renderer - Rendering tagindex [/tmp/junit1867960268790768910/tags/index.html]... done!
18:16:04.324 INFO  c.o.o.c.s.m.ODirectMemoryStorage - Storage 'memory:/tmp/junit1867960268790768910/documents1584062157763' is created under OrientDB distribution : 3.0.14 - Veloce (build ac128c5a9ba4c6dc9d25a32b92962d8863774423, branch 3.0.x)
18:16:04.841 DEBUG org.jbake.app.ContentStore - Create document class 'page'
18:16:04.864 DEBUG org.jbake.app.ContentStore - Create document class 'post'
18:16:04.889 DEBUG org.jbake.app.ContentStore - Create document class 'masterindex'
18:16:04.917 DEBUG org.jbake.app.ContentStore - Create document class 'archive'
18:16:04.948 DEBUG org.jbake.app.ContentStore - Create document class 'feed'
18:16:05.004 DEBUG org.jbake.parser.MarkupEngine - Type property found
18:16:05.004 DEBUG org.jbake.parser.MarkupEngine - Status property found
18:16:05.004 DEBUG org.jbake.parser.MarkupEngine - Header separator found
18:16:05.004 INFO  org.jbake.app.Crawler - Processing [/home/csmajs/jgarc271/git/jbake-testing-and-verification/jbake-core/build/resources/test/fixture/content/about.html]...  : new 
18:16:05.005 DEBUG org.jbake.parser.MarkupEngine - Type property found
18:16:05.005 DEBUG org.jbake.parser.MarkupEngine - Status property found
18:16:05.005 DEBUG org.jbake.parser.MarkupEngine - Header separator found
18:16:05.018 INFO  org.jbake.app.Crawler - Processing [/home/csmajs/jgarc271/git/jbake-testing-and-verification/jbake-core/build/resources/test/fixture/content/allcontent.html]...  : new 
18:16:05.023 DEBUG org.jbake.parser.MarkupEngine - Type property found
18:16:05.023 DEBUG org.jbake.parser.MarkupEngine - Status property found
18:16:05.023 DEBUG org.jbake.parser.MarkupEngine - Header separator found
18:16:05.023 INFO  org.jbake.app.Crawler - Processing [/home/csmajs/jgarc271/git/jbake-testing-and-verification/jbake-core/build/resources/test/fixture/content/blog/2012/first-post.html]...  : new 
18:16:05.026 DEBUG org.jbake.parser.MarkupEngine - Type property found
18:16:05.026 DEBUG org.jbake.parser.MarkupEngine - Status property found
18:16:05.026 DEBUG org.jbake.parser.MarkupEngine - Header separator found
18:16:05.026 INFO  org.jbake.app.Crawler - Processing [/home/csmajs/jgarc271/git/jbake-testing-and-verification/jbake-core/build/resources/test/fixture/content/blog/2013/second-post.html]...  : new 
18:16:05.028 DEBUG org.jbake.parser.MarkupEngine - Type property found
18:16:05.028 DEBUG org.jbake.parser.MarkupEngine - Status property found
18:16:05.028 DEBUG org.jbake.parser.MarkupEngine - Header separator found
18:16:05.028 INFO  org.jbake.app.Crawler - Processing [/home/csmajs/jgarc271/git/jbake-testing-and-verification/jbake-core/build/resources/test/fixture/content/blog/2016/another-post.html]...  : new 
18:16:05.029 DEBUG org.jbake.parser.MarkupEngine - Type property found
18:16:05.029 DEBUG org.jbake.parser.MarkupEngine - Status property found
18:16:05.029 DEBUG org.jbake.parser.MarkupEngine - Header separator found
18:16:05.030 INFO  org.jbake.app.Crawler - Processing [/home/csmajs/jgarc271/git/jbake-testing-and-verification/jbake-core/build/resources/test/fixture/content/blog/2016/draft-post.html]...  : new 
18:16:05.031 DEBUG org.jbake.parser.MarkupEngine - Header separator found
18:16:05.031 WARN  org.jbake.parser.MarkupEngine - Parsing skipped (missing type or status value in header meta data) for file /home/csmajs/jgarc271/git/jbake-testing-and-verification/jbake-core/build/resources/test/fixture/content/blog/invalid_header.html!
18:16:05.031 WARN  org.jbake.app.Crawler - /home/csmajs/jgarc271/git/jbake-testing-and-verification/jbake-core/build/resources/test/fixture/content/blog/invalid_header.html has an invalid header, it has been ignored!
18:16:05.031 INFO  org.jbake.app.Crawler - Processing [/home/csmajs/jgarc271/git/jbake-testing-and-verification/jbake-core/build/resources/test/fixture/content/blog/invalid_header.html]...  : new 
18:16:05.032 DEBUG org.jbake.parser.MarkupEngine - Type property found
18:16:05.032 DEBUG org.jbake.parser.MarkupEngine - Status property found
18:16:05.032 DEBUG org.jbake.parser.MarkupEngine - Header separator found
18:16:05.032 INFO  org.jbake.app.Crawler - Processing [/home/csmajs/jgarc271/git/jbake-testing-and-verification/jbake-core/build/resources/test/fixture/content/index2.html]...  : new 
18:16:05.034 DEBUG org.jbake.parser.MarkupEngine - Type property found
18:16:05.034 DEBUG org.jbake.parser.MarkupEngine - Status property found
18:16:05.034 DEBUG org.jbake.parser.MarkupEngine - Header separator found
18:16:05.048 INFO  org.jbake.app.Crawler - Processing [/home/csmajs/jgarc271/git/jbake-testing-and-verification/jbake-core/build/resources/test/fixture/content/papers/draft-paper.html]...  : new 
18:16:05.050 DEBUG org.jbake.parser.MarkupEngine - Type property found
18:16:05.050 DEBUG org.jbake.parser.MarkupEngine - Status property found
18:16:05.050 DEBUG org.jbake.parser.MarkupEngine - Header separator found
18:16:05.050 INFO  org.jbake.app.Crawler - Processing [/home/csmajs/jgarc271/git/jbake-testing-and-verification/jbake-core/build/resources/test/fixture/content/papers/published-paper.html]...  : new 
18:16:05.051 DEBUG org.jbake.parser.MarkupEngine - Type property found
18:16:05.052 DEBUG org.jbake.parser.MarkupEngine - Status property found
18:16:05.052 DEBUG org.jbake.parser.MarkupEngine - Header separator found
18:16:05.052 INFO  org.jbake.app.Crawler - Processing [/home/csmajs/jgarc271/git/jbake-testing-and-verification/jbake-core/build/resources/test/fixture/content/projects.html]...  : new 
18:16:05.052 INFO  org.jbake.app.Crawler - Content detected:
18:16:05.052 INFO  org.jbake.app.Crawler - Parsed 3 files of type: page
18:16:05.052 INFO  org.jbake.app.Crawler - Parsed 4 files of type: post
18:16:05.063 INFO  org.jbake.template.ModelExtractors - register new extractors for document type: paper
18:16:05.065 INFO  o.j.t.DelegatingTemplateEngine - Default template: sitemap.ftl was not found, searching for others...
18:16:05.067 INFO  o.j.t.DelegatingTemplateEngine - Found alternative template file: sitemap.jade using this instead
18:16:05.095 INFO  org.jbake.app.Renderer - Rendering sitemap [/tmp/junit1867960268790768910/sitemap.xml]... done!
]]></system-out>
  <system-err><![CDATA[]]></system-err>
</testsuite>
