<?xml version="1.0" encoding="UTF-8"?>
<testsuite name="org.jbake.app.template.JadeTemplateEngineRenderingTest" tests="9" skipped="0" failures="0" errors="0" timestamp="2020-03-13T01:41:57" hostname="bolt.cs.ucr.edu" time="11.808">
  <properties/>
  <testcase name="renderIndex" classname="org.jbake.app.template.JadeTemplateEngineRenderingTest" time="1.412"/>
  <testcase name="renderArchive" classname="org.jbake.app.template.JadeTemplateEngineRenderingTest" time="1.301"/>
  <testcase name="checkDbTemplateModelIsPopulated" classname="org.jbake.app.template.JadeTemplateEngineRenderingTest" time="1.311"/>
  <testcase name="renderTagsIndex" classname="org.jbake.app.template.JadeTemplateEngineRenderingTest" time="1.33"/>
  <testcase name="renderFeed" classname="org.jbake.app.template.JadeTemplateEngineRenderingTest" time="1.283"/>
  <testcase name="renderPage" classname="org.jbake.app.template.JadeTemplateEngineRenderingTest" time="1.294"/>
  <testcase name="renderPost" classname="org.jbake.app.template.JadeTemplateEngineRenderingTest" time="1.289"/>
  <testcase name="renderTags" classname="org.jbake.app.template.JadeTemplateEngineRenderingTest" time="1.319"/>
  <testcase name="renderSitemap" classname="org.jbake.app.template.JadeTemplateEngineRenderingTest" time="1.267"/>
  <system-out><![CDATA[18:41:57.122 INFO  c.o.o.c.s.m.ODirectMemoryStorage - Storage 'memory:/tmp/junit375509813183225800/documents1584063717121' is created under OrientDB distribution : 3.0.14 - Veloce (build ac128c5a9ba4c6dc9d25a32b92962d8863774423, branch 3.0.x)
18:41:58.142 DEBUG org.jbake.app.ContentStore - Create document class 'page'
18:41:58.165 DEBUG org.jbake.app.ContentStore - Create document class 'post'
18:41:58.190 DEBUG org.jbake.app.ContentStore - Create document class 'masterindex'
18:41:58.219 DEBUG org.jbake.app.ContentStore - Create document class 'archive'
18:41:58.250 DEBUG org.jbake.app.ContentStore - Create document class 'feed'
18:41:58.305 DEBUG org.jbake.parser.MarkupEngine - Type property found
18:41:58.305 DEBUG org.jbake.parser.MarkupEngine - Status property found
18:41:58.305 DEBUG org.jbake.parser.MarkupEngine - Header separator found
18:41:58.306 INFO  org.jbake.app.Crawler - Processing [/home/csmajs/jgarc271/git/jbake-testing-and-verification/jbake-core/build/resources/test/fixture/content/about.html]...  : new 
18:41:58.307 DEBUG org.jbake.parser.MarkupEngine - Type property found
18:41:58.307 DEBUG org.jbake.parser.MarkupEngine - Status property found
18:41:58.307 DEBUG org.jbake.parser.MarkupEngine - Header separator found
18:41:58.320 INFO  org.jbake.app.Crawler - Processing [/home/csmajs/jgarc271/git/jbake-testing-and-verification/jbake-core/build/resources/test/fixture/content/allcontent.html]...  : new 
18:41:58.325 DEBUG org.jbake.parser.MarkupEngine - Type property found
18:41:58.325 DEBUG org.jbake.parser.MarkupEngine - Status property found
18:41:58.325 DEBUG org.jbake.parser.MarkupEngine - Header separator found
18:41:58.325 INFO  org.jbake.app.Crawler - Processing [/home/csmajs/jgarc271/git/jbake-testing-and-verification/jbake-core/build/resources/test/fixture/content/blog/2012/first-post.html]...  : new 
18:41:58.328 DEBUG org.jbake.parser.MarkupEngine - Type property found
18:41:58.328 DEBUG org.jbake.parser.MarkupEngine - Status property found
18:41:58.328 DEBUG org.jbake.parser.MarkupEngine - Header separator found
18:41:58.329 INFO  org.jbake.app.Crawler - Processing [/home/csmajs/jgarc271/git/jbake-testing-and-verification/jbake-core/build/resources/test/fixture/content/blog/2013/second-post.html]...  : new 
18:41:58.330 DEBUG org.jbake.parser.MarkupEngine - Type property found
18:41:58.330 DEBUG org.jbake.parser.MarkupEngine - Status property found
18:41:58.330 DEBUG org.jbake.parser.MarkupEngine - Header separator found
18:41:58.331 INFO  org.jbake.app.Crawler - Processing [/home/csmajs/jgarc271/git/jbake-testing-and-verification/jbake-core/build/resources/test/fixture/content/blog/2016/another-post.html]...  : new 
18:41:58.332 DEBUG org.jbake.parser.MarkupEngine - Type property found
18:41:58.332 DEBUG org.jbake.parser.MarkupEngine - Status property found
18:41:58.332 DEBUG org.jbake.parser.MarkupEngine - Header separator found
18:41:58.333 INFO  org.jbake.app.Crawler - Processing [/home/csmajs/jgarc271/git/jbake-testing-and-verification/jbake-core/build/resources/test/fixture/content/blog/2016/draft-post.html]...  : new 
18:41:58.334 DEBUG org.jbake.parser.MarkupEngine - Header separator found
18:41:58.334 WARN  org.jbake.parser.MarkupEngine - Parsing skipped (missing type or status value in header meta data) for file /home/csmajs/jgarc271/git/jbake-testing-and-verification/jbake-core/build/resources/test/fixture/content/blog/invalid_header.html!
18:41:58.334 WARN  org.jbake.app.Crawler - /home/csmajs/jgarc271/git/jbake-testing-and-verification/jbake-core/build/resources/test/fixture/content/blog/invalid_header.html has an invalid header, it has been ignored!
18:41:58.334 INFO  org.jbake.app.Crawler - Processing [/home/csmajs/jgarc271/git/jbake-testing-and-verification/jbake-core/build/resources/test/fixture/content/blog/invalid_header.html]...  : new 
18:41:58.335 DEBUG org.jbake.parser.MarkupEngine - Type property found
18:41:58.335 DEBUG org.jbake.parser.MarkupEngine - Status property found
18:41:58.335 DEBUG org.jbake.parser.MarkupEngine - Header separator found
18:41:58.335 INFO  org.jbake.app.Crawler - Processing [/home/csmajs/jgarc271/git/jbake-testing-and-verification/jbake-core/build/resources/test/fixture/content/index2.html]...  : new 
18:41:58.337 DEBUG org.jbake.parser.MarkupEngine - Type property found
18:41:58.337 DEBUG org.jbake.parser.MarkupEngine - Status property found
18:41:58.337 DEBUG org.jbake.parser.MarkupEngine - Header separator found
18:41:58.352 INFO  org.jbake.app.Crawler - Processing [/home/csmajs/jgarc271/git/jbake-testing-and-verification/jbake-core/build/resources/test/fixture/content/papers/draft-paper.html]...  : new 
18:41:58.354 DEBUG org.jbake.parser.MarkupEngine - Type property found
18:41:58.354 DEBUG org.jbake.parser.MarkupEngine - Status property found
18:41:58.354 DEBUG org.jbake.parser.MarkupEngine - Header separator found
18:41:58.355 INFO  org.jbake.app.Crawler - Processing [/home/csmajs/jgarc271/git/jbake-testing-and-verification/jbake-core/build/resources/test/fixture/content/papers/published-paper.html]...  : new 
18:41:58.356 DEBUG org.jbake.parser.MarkupEngine - Type property found
18:41:58.356 DEBUG org.jbake.parser.MarkupEngine - Status property found
18:41:58.356 DEBUG org.jbake.parser.MarkupEngine - Header separator found
18:41:58.356 INFO  org.jbake.app.Crawler - Processing [/home/csmajs/jgarc271/git/jbake-testing-and-verification/jbake-core/build/resources/test/fixture/content/projects.html]...  : new 
18:41:58.356 INFO  org.jbake.app.Crawler - Content detected:
18:41:58.356 INFO  org.jbake.app.Crawler - Parsed 3 files of type: page
18:41:58.357 INFO  org.jbake.app.Crawler - Parsed 4 files of type: post
18:41:58.530 INFO  org.jbake.app.Renderer - Rendering masterindex [/tmp/junit375509813183225800/index.html]... done!
18:41:58.534 INFO  c.o.o.c.s.m.ODirectMemoryStorage - Storage 'memory:/tmp/junit375509813183225800/documents1584063717121' is created under OrientDB distribution : 3.0.14 - Veloce (build ac128c5a9ba4c6dc9d25a32b92962d8863774423, branch 3.0.x)
18:41:59.556 DEBUG org.jbake.app.ContentStore - Create document class 'page'
18:41:59.578 DEBUG org.jbake.app.ContentStore - Create document class 'post'
18:41:59.603 DEBUG org.jbake.app.ContentStore - Create document class 'masterindex'
18:41:59.631 DEBUG org.jbake.app.ContentStore - Create document class 'archive'
18:41:59.661 DEBUG org.jbake.app.ContentStore - Create document class 'feed'
18:41:59.716 DEBUG org.jbake.parser.MarkupEngine - Type property found
18:41:59.716 DEBUG org.jbake.parser.MarkupEngine - Status property found
18:41:59.716 DEBUG org.jbake.parser.MarkupEngine - Header separator found
18:41:59.717 INFO  org.jbake.app.Crawler - Processing [/home/csmajs/jgarc271/git/jbake-testing-and-verification/jbake-core/build/resources/test/fixture/content/about.html]...  : new 
18:41:59.718 DEBUG org.jbake.parser.MarkupEngine - Type property found
18:41:59.718 DEBUG org.jbake.parser.MarkupEngine - Status property found
18:41:59.718 DEBUG org.jbake.parser.MarkupEngine - Header separator found
18:41:59.731 INFO  org.jbake.app.Crawler - Processing [/home/csmajs/jgarc271/git/jbake-testing-and-verification/jbake-core/build/resources/test/fixture/content/allcontent.html]...  : new 
18:41:59.735 DEBUG org.jbake.parser.MarkupEngine - Type property found
18:41:59.735 DEBUG org.jbake.parser.MarkupEngine - Status property found
18:41:59.735 DEBUG org.jbake.parser.MarkupEngine - Header separator found
18:41:59.735 INFO  org.jbake.app.Crawler - Processing [/home/csmajs/jgarc271/git/jbake-testing-and-verification/jbake-core/build/resources/test/fixture/content/blog/2012/first-post.html]...  : new 
18:41:59.738 DEBUG org.jbake.parser.MarkupEngine - Type property found
18:41:59.738 DEBUG org.jbake.parser.MarkupEngine - Status property found
18:41:59.738 DEBUG org.jbake.parser.MarkupEngine - Header separator found
18:41:59.739 INFO  org.jbake.app.Crawler - Processing [/home/csmajs/jgarc271/git/jbake-testing-and-verification/jbake-core/build/resources/test/fixture/content/blog/2013/second-post.html]...  : new 
18:41:59.740 DEBUG org.jbake.parser.MarkupEngine - Type property found
18:41:59.740 DEBUG org.jbake.parser.MarkupEngine - Status property found
18:41:59.740 DEBUG org.jbake.parser.MarkupEngine - Header separator found
18:41:59.741 INFO  org.jbake.app.Crawler - Processing [/home/csmajs/jgarc271/git/jbake-testing-and-verification/jbake-core/build/resources/test/fixture/content/blog/2016/another-post.html]...  : new 
18:41:59.742 DEBUG org.jbake.parser.MarkupEngine - Type property found
18:41:59.742 DEBUG org.jbake.parser.MarkupEngine - Status property found
18:41:59.742 DEBUG org.jbake.parser.MarkupEngine - Header separator found
18:41:59.742 INFO  org.jbake.app.Crawler - Processing [/home/csmajs/jgarc271/git/jbake-testing-and-verification/jbake-core/build/resources/test/fixture/content/blog/2016/draft-post.html]...  : new 
18:41:59.743 DEBUG org.jbake.parser.MarkupEngine - Header separator found
18:41:59.744 WARN  org.jbake.parser.MarkupEngine - Parsing skipped (missing type or status value in header meta data) for file /home/csmajs/jgarc271/git/jbake-testing-and-verification/jbake-core/build/resources/test/fixture/content/blog/invalid_header.html!
18:41:59.744 WARN  org.jbake.app.Crawler - /home/csmajs/jgarc271/git/jbake-testing-and-verification/jbake-core/build/resources/test/fixture/content/blog/invalid_header.html has an invalid header, it has been ignored!
18:41:59.744 INFO  org.jbake.app.Crawler - Processing [/home/csmajs/jgarc271/git/jbake-testing-and-verification/jbake-core/build/resources/test/fixture/content/blog/invalid_header.html]...  : new 
18:41:59.745 DEBUG org.jbake.parser.MarkupEngine - Type property found
18:41:59.745 DEBUG org.jbake.parser.MarkupEngine - Status property found
18:41:59.745 DEBUG org.jbake.parser.MarkupEngine - Header separator found
18:41:59.745 INFO  org.jbake.app.Crawler - Processing [/home/csmajs/jgarc271/git/jbake-testing-and-verification/jbake-core/build/resources/test/fixture/content/index2.html]...  : new 
18:41:59.747 DEBUG org.jbake.parser.MarkupEngine - Type property found
18:41:59.747 DEBUG org.jbake.parser.MarkupEngine - Status property found
18:41:59.747 DEBUG org.jbake.parser.MarkupEngine - Header separator found
18:41:59.761 INFO  org.jbake.app.Crawler - Processing [/home/csmajs/jgarc271/git/jbake-testing-and-verification/jbake-core/build/resources/test/fixture/content/papers/draft-paper.html]...  : new 
18:41:59.763 DEBUG org.jbake.parser.MarkupEngine - Type property found
18:41:59.763 DEBUG org.jbake.parser.MarkupEngine - Status property found
18:41:59.763 DEBUG org.jbake.parser.MarkupEngine - Header separator found
18:41:59.764 INFO  org.jbake.app.Crawler - Processing [/home/csmajs/jgarc271/git/jbake-testing-and-verification/jbake-core/build/resources/test/fixture/content/papers/published-paper.html]...  : new 
18:41:59.765 DEBUG org.jbake.parser.MarkupEngine - Type property found
18:41:59.765 DEBUG org.jbake.parser.MarkupEngine - Status property found
18:41:59.765 DEBUG org.jbake.parser.MarkupEngine - Header separator found
18:41:59.765 INFO  org.jbake.app.Crawler - Processing [/home/csmajs/jgarc271/git/jbake-testing-and-verification/jbake-core/build/resources/test/fixture/content/projects.html]...  : new 
18:41:59.765 INFO  org.jbake.app.Crawler - Content detected:
18:41:59.766 INFO  org.jbake.app.Crawler - Parsed 3 files of type: page
18:41:59.766 INFO  org.jbake.app.Crawler - Parsed 4 files of type: post
18:41:59.830 INFO  org.jbake.app.Renderer - Rendering archive [/tmp/junit375509813183225800/archive.html]... done!
18:41:59.834 INFO  c.o.o.c.s.m.ODirectMemoryStorage - Storage 'memory:/tmp/junit375509813183225800/documents1584063717121' is created under OrientDB distribution : 3.0.14 - Veloce (build ac128c5a9ba4c6dc9d25a32b92962d8863774423, branch 3.0.x)
18:42:00.863 DEBUG org.jbake.app.ContentStore - Create document class 'page'
18:42:00.886 DEBUG org.jbake.app.ContentStore - Create document class 'post'
18:42:00.921 DEBUG org.jbake.app.ContentStore - Create document class 'masterindex'
18:42:00.948 DEBUG org.jbake.app.ContentStore - Create document class 'archive'
18:42:00.977 DEBUG org.jbake.app.ContentStore - Create document class 'feed'
18:42:01.031 DEBUG org.jbake.parser.MarkupEngine - Type property found
18:42:01.031 DEBUG org.jbake.parser.MarkupEngine - Status property found
18:42:01.031 DEBUG org.jbake.parser.MarkupEngine - Header separator found
18:42:01.032 INFO  org.jbake.app.Crawler - Processing [/home/csmajs/jgarc271/git/jbake-testing-and-verification/jbake-core/build/resources/test/fixture/content/about.html]...  : new 
18:42:01.033 DEBUG org.jbake.parser.MarkupEngine - Type property found
18:42:01.033 DEBUG org.jbake.parser.MarkupEngine - Status property found
18:42:01.033 DEBUG org.jbake.parser.MarkupEngine - Header separator found
18:42:01.045 INFO  org.jbake.app.Crawler - Processing [/home/csmajs/jgarc271/git/jbake-testing-and-verification/jbake-core/build/resources/test/fixture/content/allcontent.html]...  : new 
18:42:01.050 DEBUG org.jbake.parser.MarkupEngine - Type property found
18:42:01.050 DEBUG org.jbake.parser.MarkupEngine - Status property found
18:42:01.050 DEBUG org.jbake.parser.MarkupEngine - Header separator found
18:42:01.050 INFO  org.jbake.app.Crawler - Processing [/home/csmajs/jgarc271/git/jbake-testing-and-verification/jbake-core/build/resources/test/fixture/content/blog/2012/first-post.html]...  : new 
18:42:01.053 DEBUG org.jbake.parser.MarkupEngine - Type property found
18:42:01.053 DEBUG org.jbake.parser.MarkupEngine - Status property found
18:42:01.053 DEBUG org.jbake.parser.MarkupEngine - Header separator found
18:42:01.053 INFO  org.jbake.app.Crawler - Processing [/home/csmajs/jgarc271/git/jbake-testing-and-verification/jbake-core/build/resources/test/fixture/content/blog/2013/second-post.html]...  : new 
18:42:01.055 DEBUG org.jbake.parser.MarkupEngine - Type property found
18:42:01.055 DEBUG org.jbake.parser.MarkupEngine - Status property found
18:42:01.055 DEBUG org.jbake.parser.MarkupEngine - Header separator found
18:42:01.055 INFO  org.jbake.app.Crawler - Processing [/home/csmajs/jgarc271/git/jbake-testing-and-verification/jbake-core/build/resources/test/fixture/content/blog/2016/another-post.html]...  : new 
18:42:01.057 DEBUG org.jbake.parser.MarkupEngine - Type property found
18:42:01.057 DEBUG org.jbake.parser.MarkupEngine - Status property found
18:42:01.057 DEBUG org.jbake.parser.MarkupEngine - Header separator found
18:42:01.057 INFO  org.jbake.app.Crawler - Processing [/home/csmajs/jgarc271/git/jbake-testing-and-verification/jbake-core/build/resources/test/fixture/content/blog/2016/draft-post.html]...  : new 
18:42:01.058 DEBUG org.jbake.parser.MarkupEngine - Header separator found
18:42:01.058 WARN  org.jbake.parser.MarkupEngine - Parsing skipped (missing type or status value in header meta data) for file /home/csmajs/jgarc271/git/jbake-testing-and-verification/jbake-core/build/resources/test/fixture/content/blog/invalid_header.html!
18:42:01.058 WARN  org.jbake.app.Crawler - /home/csmajs/jgarc271/git/jbake-testing-and-verification/jbake-core/build/resources/test/fixture/content/blog/invalid_header.html has an invalid header, it has been ignored!
18:42:01.058 INFO  org.jbake.app.Crawler - Processing [/home/csmajs/jgarc271/git/jbake-testing-and-verification/jbake-core/build/resources/test/fixture/content/blog/invalid_header.html]...  : new 
18:42:01.059 DEBUG org.jbake.parser.MarkupEngine - Type property found
18:42:01.059 DEBUG org.jbake.parser.MarkupEngine - Status property found
18:42:01.059 DEBUG org.jbake.parser.MarkupEngine - Header separator found
18:42:01.060 INFO  org.jbake.app.Crawler - Processing [/home/csmajs/jgarc271/git/jbake-testing-and-verification/jbake-core/build/resources/test/fixture/content/index2.html]...  : new 
18:42:01.061 DEBUG org.jbake.parser.MarkupEngine - Type property found
18:42:01.061 DEBUG org.jbake.parser.MarkupEngine - Status property found
18:42:01.061 DEBUG org.jbake.parser.MarkupEngine - Header separator found
18:42:01.075 INFO  org.jbake.app.Crawler - Processing [/home/csmajs/jgarc271/git/jbake-testing-and-verification/jbake-core/build/resources/test/fixture/content/papers/draft-paper.html]...  : new 
18:42:01.077 DEBUG org.jbake.parser.MarkupEngine - Type property found
18:42:01.077 DEBUG org.jbake.parser.MarkupEngine - Status property found
18:42:01.077 DEBUG org.jbake.parser.MarkupEngine - Header separator found
18:42:01.078 INFO  org.jbake.app.Crawler - Processing [/home/csmajs/jgarc271/git/jbake-testing-and-verification/jbake-core/build/resources/test/fixture/content/papers/published-paper.html]...  : new 
18:42:01.079 DEBUG org.jbake.parser.MarkupEngine - Type property found
18:42:01.079 DEBUG org.jbake.parser.MarkupEngine - Status property found
18:42:01.079 DEBUG org.jbake.parser.MarkupEngine - Header separator found
18:42:01.080 INFO  org.jbake.app.Crawler - Processing [/home/csmajs/jgarc271/git/jbake-testing-and-verification/jbake-core/build/resources/test/fixture/content/projects.html]...  : new 
18:42:01.080 INFO  org.jbake.app.Crawler - Content detected:
18:42:01.080 INFO  org.jbake.app.Crawler - Parsed 3 files of type: page
18:42:01.080 INFO  org.jbake.app.Crawler - Parsed 4 files of type: post
18:42:01.142 INFO  org.jbake.app.Renderer - Rendering masterindex [/tmp/junit375509813183225800/index.html]... done!
18:42:01.146 INFO  c.o.o.c.s.m.ODirectMemoryStorage - Storage 'memory:/tmp/junit375509813183225800/documents1584063717121' is created under OrientDB distribution : 3.0.14 - Veloce (build ac128c5a9ba4c6dc9d25a32b92962d8863774423, branch 3.0.x)
18:42:02.167 DEBUG org.jbake.app.ContentStore - Create document class 'page'
18:42:02.190 DEBUG org.jbake.app.ContentStore - Create document class 'post'
18:42:02.215 DEBUG org.jbake.app.ContentStore - Create document class 'masterindex'
18:42:02.243 DEBUG org.jbake.app.ContentStore - Create document class 'archive'
18:42:02.274 DEBUG org.jbake.app.ContentStore - Create document class 'feed'
18:42:02.329 DEBUG org.jbake.parser.MarkupEngine - Type property found
18:42:02.329 DEBUG org.jbake.parser.MarkupEngine - Status property found
18:42:02.329 DEBUG org.jbake.parser.MarkupEngine - Header separator found
18:42:02.330 INFO  org.jbake.app.Crawler - Processing [/home/csmajs/jgarc271/git/jbake-testing-and-verification/jbake-core/build/resources/test/fixture/content/about.html]...  : new 
18:42:02.331 DEBUG org.jbake.parser.MarkupEngine - Type property found
18:42:02.331 DEBUG org.jbake.parser.MarkupEngine - Status property found
18:42:02.331 DEBUG org.jbake.parser.MarkupEngine - Header separator found
18:42:02.344 INFO  org.jbake.app.Crawler - Processing [/home/csmajs/jgarc271/git/jbake-testing-and-verification/jbake-core/build/resources/test/fixture/content/allcontent.html]...  : new 
18:42:02.348 DEBUG org.jbake.parser.MarkupEngine - Type property found
18:42:02.348 DEBUG org.jbake.parser.MarkupEngine - Status property found
18:42:02.348 DEBUG org.jbake.parser.MarkupEngine - Header separator found
18:42:02.349 INFO  org.jbake.app.Crawler - Processing [/home/csmajs/jgarc271/git/jbake-testing-and-verification/jbake-core/build/resources/test/fixture/content/blog/2012/first-post.html]...  : new 
18:42:02.351 DEBUG org.jbake.parser.MarkupEngine - Type property found
18:42:02.351 DEBUG org.jbake.parser.MarkupEngine - Status property found
18:42:02.351 DEBUG org.jbake.parser.MarkupEngine - Header separator found
18:42:02.352 INFO  org.jbake.app.Crawler - Processing [/home/csmajs/jgarc271/git/jbake-testing-and-verification/jbake-core/build/resources/test/fixture/content/blog/2013/second-post.html]...  : new 
18:42:02.353 DEBUG org.jbake.parser.MarkupEngine - Type property found
18:42:02.353 DEBUG org.jbake.parser.MarkupEngine - Status property found
18:42:02.353 DEBUG org.jbake.parser.MarkupEngine - Header separator found
18:42:02.354 INFO  org.jbake.app.Crawler - Processing [/home/csmajs/jgarc271/git/jbake-testing-and-verification/jbake-core/build/resources/test/fixture/content/blog/2016/another-post.html]...  : new 
18:42:02.355 DEBUG org.jbake.parser.MarkupEngine - Type property found
18:42:02.355 DEBUG org.jbake.parser.MarkupEngine - Status property found
18:42:02.355 DEBUG org.jbake.parser.MarkupEngine - Header separator found
18:42:02.355 INFO  org.jbake.app.Crawler - Processing [/home/csmajs/jgarc271/git/jbake-testing-and-verification/jbake-core/build/resources/test/fixture/content/blog/2016/draft-post.html]...  : new 
18:42:02.357 DEBUG org.jbake.parser.MarkupEngine - Header separator found
18:42:02.357 WARN  org.jbake.parser.MarkupEngine - Parsing skipped (missing type or status value in header meta data) for file /home/csmajs/jgarc271/git/jbake-testing-and-verification/jbake-core/build/resources/test/fixture/content/blog/invalid_header.html!
18:42:02.357 WARN  org.jbake.app.Crawler - /home/csmajs/jgarc271/git/jbake-testing-and-verification/jbake-core/build/resources/test/fixture/content/blog/invalid_header.html has an invalid header, it has been ignored!
18:42:02.357 INFO  org.jbake.app.Crawler - Processing [/home/csmajs/jgarc271/git/jbake-testing-and-verification/jbake-core/build/resources/test/fixture/content/blog/invalid_header.html]...  : new 
18:42:02.358 DEBUG org.jbake.parser.MarkupEngine - Type property found
18:42:02.358 DEBUG org.jbake.parser.MarkupEngine - Status property found
18:42:02.358 DEBUG org.jbake.parser.MarkupEngine - Header separator found
18:42:02.358 INFO  org.jbake.app.Crawler - Processing [/home/csmajs/jgarc271/git/jbake-testing-and-verification/jbake-core/build/resources/test/fixture/content/index2.html]...  : new 
18:42:02.360 DEBUG org.jbake.parser.MarkupEngine - Type property found
18:42:02.360 DEBUG org.jbake.parser.MarkupEngine - Status property found
18:42:02.360 DEBUG org.jbake.parser.MarkupEngine - Header separator found
18:42:02.374 INFO  org.jbake.app.Crawler - Processing [/home/csmajs/jgarc271/git/jbake-testing-and-verification/jbake-core/build/resources/test/fixture/content/papers/draft-paper.html]...  : new 
18:42:02.376 DEBUG org.jbake.parser.MarkupEngine - Type property found
18:42:02.376 DEBUG org.jbake.parser.MarkupEngine - Status property found
18:42:02.376 DEBUG org.jbake.parser.MarkupEngine - Header separator found
18:42:02.377 INFO  org.jbake.app.Crawler - Processing [/home/csmajs/jgarc271/git/jbake-testing-and-verification/jbake-core/build/resources/test/fixture/content/papers/published-paper.html]...  : new 
18:42:02.378 DEBUG org.jbake.parser.MarkupEngine - Type property found
18:42:02.378 DEBUG org.jbake.parser.MarkupEngine - Status property found
18:42:02.378 DEBUG org.jbake.parser.MarkupEngine - Header separator found
18:42:02.379 INFO  org.jbake.app.Crawler - Processing [/home/csmajs/jgarc271/git/jbake-testing-and-verification/jbake-core/build/resources/test/fixture/content/projects.html]...  : new 
18:42:02.379 INFO  org.jbake.app.Crawler - Content detected:
18:42:02.379 INFO  org.jbake.app.Crawler - Parsed 3 files of type: page
18:42:02.379 INFO  org.jbake.app.Crawler - Parsed 4 files of type: post
18:42:02.395 INFO  o.j.t.DelegatingTemplateEngine - Default template: tags.ftl was not found, searching for others...
18:42:02.395 INFO  o.j.t.DelegatingTemplateEngine - Found alternative template file: tags.jade using this instead
18:42:02.443 INFO  org.jbake.app.Renderer - Rendering tag [/tmp/junit375509813183225800/tags/blog.html]... done!
18:42:02.445 INFO  o.j.t.DelegatingTemplateEngine - Default template: tags-index.ftl was not found, searching for others...
18:42:02.445 INFO  o.j.t.DelegatingTemplateEngine - Found alternative template file: tags-index.jade using this instead
18:42:02.472 INFO  org.jbake.app.Renderer - Rendering tagindex [/tmp/junit375509813183225800/tags/index.html]... done!
18:42:02.476 INFO  c.o.o.c.s.m.ODirectMemoryStorage - Storage 'memory:/tmp/junit375509813183225800/documents1584063717121' is created under OrientDB distribution : 3.0.14 - Veloce (build ac128c5a9ba4c6dc9d25a32b92962d8863774423, branch 3.0.x)
18:42:03.498 DEBUG org.jbake.app.ContentStore - Create document class 'page'
18:42:03.521 DEBUG org.jbake.app.ContentStore - Create document class 'post'
18:42:03.545 DEBUG org.jbake.app.ContentStore - Create document class 'masterindex'
18:42:03.573 DEBUG org.jbake.app.ContentStore - Create document class 'archive'
18:42:03.604 DEBUG org.jbake.app.ContentStore - Create document class 'feed'
18:42:03.659 DEBUG org.jbake.parser.MarkupEngine - Type property found
18:42:03.660 DEBUG org.jbake.parser.MarkupEngine - Status property found
18:42:03.660 DEBUG org.jbake.parser.MarkupEngine - Header separator found
18:42:03.660 INFO  org.jbake.app.Crawler - Processing [/home/csmajs/jgarc271/git/jbake-testing-and-verification/jbake-core/build/resources/test/fixture/content/about.html]...  : new 
18:42:03.661 DEBUG org.jbake.parser.MarkupEngine - Type property found
18:42:03.661 DEBUG org.jbake.parser.MarkupEngine - Status property found
18:42:03.661 DEBUG org.jbake.parser.MarkupEngine - Header separator found
18:42:03.674 INFO  org.jbake.app.Crawler - Processing [/home/csmajs/jgarc271/git/jbake-testing-and-verification/jbake-core/build/resources/test/fixture/content/allcontent.html]...  : new 
18:42:03.678 DEBUG org.jbake.parser.MarkupEngine - Type property found
18:42:03.678 DEBUG org.jbake.parser.MarkupEngine - Status property found
18:42:03.678 DEBUG org.jbake.parser.MarkupEngine - Header separator found
18:42:03.679 INFO  org.jbake.app.Crawler - Processing [/home/csmajs/jgarc271/git/jbake-testing-and-verification/jbake-core/build/resources/test/fixture/content/blog/2012/first-post.html]...  : new 
18:42:03.681 DEBUG org.jbake.parser.MarkupEngine - Type property found
18:42:03.681 DEBUG org.jbake.parser.MarkupEngine - Status property found
18:42:03.681 DEBUG org.jbake.parser.MarkupEngine - Header separator found
18:42:03.682 INFO  org.jbake.app.Crawler - Processing [/home/csmajs/jgarc271/git/jbake-testing-and-verification/jbake-core/build/resources/test/fixture/content/blog/2013/second-post.html]...  : new 
18:42:03.683 DEBUG org.jbake.parser.MarkupEngine - Type property found
18:42:03.683 DEBUG org.jbake.parser.MarkupEngine - Status property found
18:42:03.683 DEBUG org.jbake.parser.MarkupEngine - Header separator found
18:42:03.684 INFO  org.jbake.app.Crawler - Processing [/home/csmajs/jgarc271/git/jbake-testing-and-verification/jbake-core/build/resources/test/fixture/content/blog/2016/another-post.html]...  : new 
18:42:03.685 DEBUG org.jbake.parser.MarkupEngine - Type property found
18:42:03.685 DEBUG org.jbake.parser.MarkupEngine - Status property found
18:42:03.685 DEBUG org.jbake.parser.MarkupEngine - Header separator found
18:42:03.685 INFO  org.jbake.app.Crawler - Processing [/home/csmajs/jgarc271/git/jbake-testing-and-verification/jbake-core/build/resources/test/fixture/content/blog/2016/draft-post.html]...  : new 
18:42:03.687 DEBUG org.jbake.parser.MarkupEngine - Header separator found
18:42:03.687 WARN  org.jbake.parser.MarkupEngine - Parsing skipped (missing type or status value in header meta data) for file /home/csmajs/jgarc271/git/jbake-testing-and-verification/jbake-core/build/resources/test/fixture/content/blog/invalid_header.html!
18:42:03.687 WARN  org.jbake.app.Crawler - /home/csmajs/jgarc271/git/jbake-testing-and-verification/jbake-core/build/resources/test/fixture/content/blog/invalid_header.html has an invalid header, it has been ignored!
18:42:03.687 INFO  org.jbake.app.Crawler - Processing [/home/csmajs/jgarc271/git/jbake-testing-and-verification/jbake-core/build/resources/test/fixture/content/blog/invalid_header.html]...  : new 
18:42:03.688 DEBUG org.jbake.parser.MarkupEngine - Type property found
18:42:03.688 DEBUG org.jbake.parser.MarkupEngine - Status property found
18:42:03.688 DEBUG org.jbake.parser.MarkupEngine - Header separator found
18:42:03.688 INFO  org.jbake.app.Crawler - Processing [/home/csmajs/jgarc271/git/jbake-testing-and-verification/jbake-core/build/resources/test/fixture/content/index2.html]...  : new 
18:42:03.689 DEBUG org.jbake.parser.MarkupEngine - Type property found
18:42:03.690 DEBUG org.jbake.parser.MarkupEngine - Status property found
18:42:03.690 DEBUG org.jbake.parser.MarkupEngine - Header separator found
18:42:03.704 INFO  org.jbake.app.Crawler - Processing [/home/csmajs/jgarc271/git/jbake-testing-and-verification/jbake-core/build/resources/test/fixture/content/papers/draft-paper.html]...  : new 
18:42:03.706 DEBUG org.jbake.parser.MarkupEngine - Type property found
18:42:03.706 DEBUG org.jbake.parser.MarkupEngine - Status property found
18:42:03.706 DEBUG org.jbake.parser.MarkupEngine - Header separator found
18:42:03.707 INFO  org.jbake.app.Crawler - Processing [/home/csmajs/jgarc271/git/jbake-testing-and-verification/jbake-core/build/resources/test/fixture/content/papers/published-paper.html]...  : new 
18:42:03.708 DEBUG org.jbake.parser.MarkupEngine - Type property found
18:42:03.708 DEBUG org.jbake.parser.MarkupEngine - Status property found
18:42:03.708 DEBUG org.jbake.parser.MarkupEngine - Header separator found
18:42:03.708 INFO  org.jbake.app.Crawler - Processing [/home/csmajs/jgarc271/git/jbake-testing-and-verification/jbake-core/build/resources/test/fixture/content/projects.html]...  : new 
18:42:03.708 INFO  org.jbake.app.Crawler - Content detected:
18:42:03.708 INFO  org.jbake.app.Crawler - Parsed 3 files of type: page
18:42:03.708 INFO  org.jbake.app.Crawler - Parsed 4 files of type: post
18:42:03.755 INFO  org.jbake.app.Renderer - Rendering feed [/tmp/junit375509813183225800/feed.xml]... done!
18:42:03.759 INFO  c.o.o.c.s.m.ODirectMemoryStorage - Storage 'memory:/tmp/junit375509813183225800/documents1584063717121' is created under OrientDB distribution : 3.0.14 - Veloce (build ac128c5a9ba4c6dc9d25a32b92962d8863774423, branch 3.0.x)
18:42:04.783 DEBUG org.jbake.app.ContentStore - Create document class 'page'
18:42:04.805 DEBUG org.jbake.app.ContentStore - Create document class 'post'
18:42:04.830 DEBUG org.jbake.app.ContentStore - Create document class 'masterindex'
18:42:04.858 DEBUG org.jbake.app.ContentStore - Create document class 'archive'
18:42:04.888 DEBUG org.jbake.app.ContentStore - Create document class 'feed'
18:42:04.943 DEBUG org.jbake.parser.MarkupEngine - Type property found
18:42:04.943 DEBUG org.jbake.parser.MarkupEngine - Status property found
18:42:04.943 DEBUG org.jbake.parser.MarkupEngine - Header separator found
18:42:04.944 INFO  org.jbake.app.Crawler - Processing [/home/csmajs/jgarc271/git/jbake-testing-and-verification/jbake-core/build/resources/test/fixture/content/about.html]...  : new 
18:42:04.945 DEBUG org.jbake.parser.MarkupEngine - Type property found
18:42:04.945 DEBUG org.jbake.parser.MarkupEngine - Status property found
18:42:04.945 DEBUG org.jbake.parser.MarkupEngine - Header separator found
18:42:04.958 INFO  org.jbake.app.Crawler - Processing [/home/csmajs/jgarc271/git/jbake-testing-and-verification/jbake-core/build/resources/test/fixture/content/allcontent.html]...  : new 
18:42:04.962 DEBUG org.jbake.parser.MarkupEngine - Type property found
18:42:04.962 DEBUG org.jbake.parser.MarkupEngine - Status property found
18:42:04.962 DEBUG org.jbake.parser.MarkupEngine - Header separator found
18:42:04.962 INFO  org.jbake.app.Crawler - Processing [/home/csmajs/jgarc271/git/jbake-testing-and-verification/jbake-core/build/resources/test/fixture/content/blog/2012/first-post.html]...  : new 
18:42:04.965 DEBUG org.jbake.parser.MarkupEngine - Type property found
18:42:04.965 DEBUG org.jbake.parser.MarkupEngine - Status property found
18:42:04.965 DEBUG org.jbake.parser.MarkupEngine - Header separator found
18:42:04.965 INFO  org.jbake.app.Crawler - Processing [/home/csmajs/jgarc271/git/jbake-testing-and-verification/jbake-core/build/resources/test/fixture/content/blog/2013/second-post.html]...  : new 
18:42:04.967 DEBUG org.jbake.parser.MarkupEngine - Type property found
18:42:04.967 DEBUG org.jbake.parser.MarkupEngine - Status property found
18:42:04.967 DEBUG org.jbake.parser.MarkupEngine - Header separator found
18:42:04.967 INFO  org.jbake.app.Crawler - Processing [/home/csmajs/jgarc271/git/jbake-testing-and-verification/jbake-core/build/resources/test/fixture/content/blog/2016/another-post.html]...  : new 
18:42:04.968 DEBUG org.jbake.parser.MarkupEngine - Type property found
18:42:04.969 DEBUG org.jbake.parser.MarkupEngine - Status property found
18:42:04.969 DEBUG org.jbake.parser.MarkupEngine - Header separator found
18:42:04.969 INFO  org.jbake.app.Crawler - Processing [/home/csmajs/jgarc271/git/jbake-testing-and-verification/jbake-core/build/resources/test/fixture/content/blog/2016/draft-post.html]...  : new 
18:42:04.970 DEBUG org.jbake.parser.MarkupEngine - Header separator found
18:42:04.970 WARN  org.jbake.parser.MarkupEngine - Parsing skipped (missing type or status value in header meta data) for file /home/csmajs/jgarc271/git/jbake-testing-and-verification/jbake-core/build/resources/test/fixture/content/blog/invalid_header.html!
18:42:04.970 WARN  org.jbake.app.Crawler - /home/csmajs/jgarc271/git/jbake-testing-and-verification/jbake-core/build/resources/test/fixture/content/blog/invalid_header.html has an invalid header, it has been ignored!
18:42:04.970 INFO  org.jbake.app.Crawler - Processing [/home/csmajs/jgarc271/git/jbake-testing-and-verification/jbake-core/build/resources/test/fixture/content/blog/invalid_header.html]...  : new 
18:42:04.971 DEBUG org.jbake.parser.MarkupEngine - Type property found
18:42:04.971 DEBUG org.jbake.parser.MarkupEngine - Status property found
18:42:04.971 DEBUG org.jbake.parser.MarkupEngine - Header separator found
18:42:04.972 INFO  org.jbake.app.Crawler - Processing [/home/csmajs/jgarc271/git/jbake-testing-and-verification/jbake-core/build/resources/test/fixture/content/index2.html]...  : new 
18:42:04.973 DEBUG org.jbake.parser.MarkupEngine - Type property found
18:42:04.973 DEBUG org.jbake.parser.MarkupEngine - Status property found
18:42:04.973 DEBUG org.jbake.parser.MarkupEngine - Header separator found
18:42:04.988 INFO  org.jbake.app.Crawler - Processing [/home/csmajs/jgarc271/git/jbake-testing-and-verification/jbake-core/build/resources/test/fixture/content/papers/draft-paper.html]...  : new 
18:42:04.990 DEBUG org.jbake.parser.MarkupEngine - Type property found
18:42:04.990 DEBUG org.jbake.parser.MarkupEngine - Status property found
18:42:04.990 DEBUG org.jbake.parser.MarkupEngine - Header separator found
18:42:04.990 INFO  org.jbake.app.Crawler - Processing [/home/csmajs/jgarc271/git/jbake-testing-and-verification/jbake-core/build/resources/test/fixture/content/papers/published-paper.html]...  : new 
18:42:04.991 DEBUG org.jbake.parser.MarkupEngine - Type property found
18:42:04.991 DEBUG org.jbake.parser.MarkupEngine - Status property found
18:42:04.991 DEBUG org.jbake.parser.MarkupEngine - Header separator found
18:42:04.992 INFO  org.jbake.app.Crawler - Processing [/home/csmajs/jgarc271/git/jbake-testing-and-verification/jbake-core/build/resources/test/fixture/content/projects.html]...  : new 
18:42:04.992 INFO  org.jbake.app.Crawler - Content detected:
18:42:04.992 INFO  org.jbake.app.Crawler - Parsed 3 files of type: page
18:42:04.992 INFO  org.jbake.app.Crawler - Parsed 4 files of type: post
18:42:05.003 DEBUG org.jbake.parser.MarkupEngine - Type property found
18:42:05.004 DEBUG org.jbake.parser.MarkupEngine - Status property found
18:42:05.004 DEBUG org.jbake.parser.MarkupEngine - Header separator found
18:42:05.050 INFO  org.jbake.app.Renderer - Rendering [/tmp/junit375509813183225800/about.html]... done!
18:42:05.054 INFO  c.o.o.c.s.m.ODirectMemoryStorage - Storage 'memory:/tmp/junit375509813183225800/documents1584063717121' is created under OrientDB distribution : 3.0.14 - Veloce (build ac128c5a9ba4c6dc9d25a32b92962d8863774423, branch 3.0.x)
18:42:06.074 DEBUG org.jbake.app.ContentStore - Create document class 'page'
18:42:06.097 DEBUG org.jbake.app.ContentStore - Create document class 'post'
18:42:06.122 DEBUG org.jbake.app.ContentStore - Create document class 'masterindex'
18:42:06.150 DEBUG org.jbake.app.ContentStore - Create document class 'archive'
18:42:06.181 DEBUG org.jbake.app.ContentStore - Create document class 'feed'
18:42:06.237 DEBUG org.jbake.parser.MarkupEngine - Type property found
18:42:06.237 DEBUG org.jbake.parser.MarkupEngine - Status property found
18:42:06.237 DEBUG org.jbake.parser.MarkupEngine - Header separator found
18:42:06.238 INFO  org.jbake.app.Crawler - Processing [/home/csmajs/jgarc271/git/jbake-testing-and-verification/jbake-core/build/resources/test/fixture/content/about.html]...  : new 
18:42:06.239 DEBUG org.jbake.parser.MarkupEngine - Type property found
18:42:06.239 DEBUG org.jbake.parser.MarkupEngine - Status property found
18:42:06.239 DEBUG org.jbake.parser.MarkupEngine - Header separator found
18:42:06.252 INFO  org.jbake.app.Crawler - Processing [/home/csmajs/jgarc271/git/jbake-testing-and-verification/jbake-core/build/resources/test/fixture/content/allcontent.html]...  : new 
18:42:06.256 DEBUG org.jbake.parser.MarkupEngine - Type property found
18:42:06.256 DEBUG org.jbake.parser.MarkupEngine - Status property found
18:42:06.256 DEBUG org.jbake.parser.MarkupEngine - Header separator found
18:42:06.257 INFO  org.jbake.app.Crawler - Processing [/home/csmajs/jgarc271/git/jbake-testing-and-verification/jbake-core/build/resources/test/fixture/content/blog/2012/first-post.html]...  : new 
18:42:06.259 DEBUG org.jbake.parser.MarkupEngine - Type property found
18:42:06.259 DEBUG org.jbake.parser.MarkupEngine - Status property found
18:42:06.259 DEBUG org.jbake.parser.MarkupEngine - Header separator found
18:42:06.260 INFO  org.jbake.app.Crawler - Processing [/home/csmajs/jgarc271/git/jbake-testing-and-verification/jbake-core/build/resources/test/fixture/content/blog/2013/second-post.html]...  : new 
18:42:06.261 DEBUG org.jbake.parser.MarkupEngine - Type property found
18:42:06.261 DEBUG org.jbake.parser.MarkupEngine - Status property found
18:42:06.261 DEBUG org.jbake.parser.MarkupEngine - Header separator found
18:42:06.262 INFO  org.jbake.app.Crawler - Processing [/home/csmajs/jgarc271/git/jbake-testing-and-verification/jbake-core/build/resources/test/fixture/content/blog/2016/another-post.html]...  : new 
18:42:06.263 DEBUG org.jbake.parser.MarkupEngine - Type property found
18:42:06.263 DEBUG org.jbake.parser.MarkupEngine - Status property found
18:42:06.263 DEBUG org.jbake.parser.MarkupEngine - Header separator found
18:42:06.263 INFO  org.jbake.app.Crawler - Processing [/home/csmajs/jgarc271/git/jbake-testing-and-verification/jbake-core/build/resources/test/fixture/content/blog/2016/draft-post.html]...  : new 
18:42:06.264 DEBUG org.jbake.parser.MarkupEngine - Header separator found
18:42:06.265 WARN  org.jbake.parser.MarkupEngine - Parsing skipped (missing type or status value in header meta data) for file /home/csmajs/jgarc271/git/jbake-testing-and-verification/jbake-core/build/resources/test/fixture/content/blog/invalid_header.html!
18:42:06.265 WARN  org.jbake.app.Crawler - /home/csmajs/jgarc271/git/jbake-testing-and-verification/jbake-core/build/resources/test/fixture/content/blog/invalid_header.html has an invalid header, it has been ignored!
18:42:06.265 INFO  org.jbake.app.Crawler - Processing [/home/csmajs/jgarc271/git/jbake-testing-and-verification/jbake-core/build/resources/test/fixture/content/blog/invalid_header.html]...  : new 
18:42:06.266 DEBUG org.jbake.parser.MarkupEngine - Type property found
18:42:06.266 DEBUG org.jbake.parser.MarkupEngine - Status property found
18:42:06.266 DEBUG org.jbake.parser.MarkupEngine - Header separator found
18:42:06.266 INFO  org.jbake.app.Crawler - Processing [/home/csmajs/jgarc271/git/jbake-testing-and-verification/jbake-core/build/resources/test/fixture/content/index2.html]...  : new 
18:42:06.267 DEBUG org.jbake.parser.MarkupEngine - Type property found
18:42:06.267 DEBUG org.jbake.parser.MarkupEngine - Status property found
18:42:06.267 DEBUG org.jbake.parser.MarkupEngine - Header separator found
18:42:06.281 INFO  org.jbake.app.Crawler - Processing [/home/csmajs/jgarc271/git/jbake-testing-and-verification/jbake-core/build/resources/test/fixture/content/papers/draft-paper.html]...  : new 
18:42:06.283 DEBUG org.jbake.parser.MarkupEngine - Type property found
18:42:06.283 DEBUG org.jbake.parser.MarkupEngine - Status property found
18:42:06.283 DEBUG org.jbake.parser.MarkupEngine - Header separator found
18:42:06.284 INFO  org.jbake.app.Crawler - Processing [/home/csmajs/jgarc271/git/jbake-testing-and-verification/jbake-core/build/resources/test/fixture/content/papers/published-paper.html]...  : new 
18:42:06.285 DEBUG org.jbake.parser.MarkupEngine - Type property found
18:42:06.285 DEBUG org.jbake.parser.MarkupEngine - Status property found
18:42:06.285 DEBUG org.jbake.parser.MarkupEngine - Header separator found
18:42:06.285 INFO  org.jbake.app.Crawler - Processing [/home/csmajs/jgarc271/git/jbake-testing-and-verification/jbake-core/build/resources/test/fixture/content/projects.html]...  : new 
18:42:06.285 INFO  org.jbake.app.Crawler - Content detected:
18:42:06.285 INFO  org.jbake.app.Crawler - Parsed 3 files of type: page
18:42:06.286 INFO  org.jbake.app.Crawler - Parsed 4 files of type: post
18:42:06.297 DEBUG org.jbake.parser.MarkupEngine - Type property found
18:42:06.297 DEBUG org.jbake.parser.MarkupEngine - Status property found
18:42:06.297 DEBUG org.jbake.parser.MarkupEngine - Header separator found
18:42:06.339 INFO  org.jbake.app.Renderer - Rendering [/tmp/junit375509813183225800/second-post.html]... done!
18:42:06.343 INFO  c.o.o.c.s.m.ODirectMemoryStorage - Storage 'memory:/tmp/junit375509813183225800/documents1584063717121' is created under OrientDB distribution : 3.0.14 - Veloce (build ac128c5a9ba4c6dc9d25a32b92962d8863774423, branch 3.0.x)
18:42:07.362 DEBUG org.jbake.app.ContentStore - Create document class 'page'
18:42:07.384 DEBUG org.jbake.app.ContentStore - Create document class 'post'
18:42:07.409 DEBUG org.jbake.app.ContentStore - Create document class 'masterindex'
18:42:07.436 DEBUG org.jbake.app.ContentStore - Create document class 'archive'
18:42:07.467 DEBUG org.jbake.app.ContentStore - Create document class 'feed'
18:42:07.522 DEBUG org.jbake.parser.MarkupEngine - Type property found
18:42:07.522 DEBUG org.jbake.parser.MarkupEngine - Status property found
18:42:07.523 DEBUG org.jbake.parser.MarkupEngine - Header separator found
18:42:07.523 INFO  org.jbake.app.Crawler - Processing [/home/csmajs/jgarc271/git/jbake-testing-and-verification/jbake-core/build/resources/test/fixture/content/about.html]...  : new 
18:42:07.524 DEBUG org.jbake.parser.MarkupEngine - Type property found
18:42:07.524 DEBUG org.jbake.parser.MarkupEngine - Status property found
18:42:07.524 DEBUG org.jbake.parser.MarkupEngine - Header separator found
18:42:07.537 INFO  org.jbake.app.Crawler - Processing [/home/csmajs/jgarc271/git/jbake-testing-and-verification/jbake-core/build/resources/test/fixture/content/allcontent.html]...  : new 
18:42:07.541 DEBUG org.jbake.parser.MarkupEngine - Type property found
18:42:07.541 DEBUG org.jbake.parser.MarkupEngine - Status property found
18:42:07.541 DEBUG org.jbake.parser.MarkupEngine - Header separator found
18:42:07.542 INFO  org.jbake.app.Crawler - Processing [/home/csmajs/jgarc271/git/jbake-testing-and-verification/jbake-core/build/resources/test/fixture/content/blog/2012/first-post.html]...  : new 
18:42:07.544 DEBUG org.jbake.parser.MarkupEngine - Type property found
18:42:07.545 DEBUG org.jbake.parser.MarkupEngine - Status property found
18:42:07.545 DEBUG org.jbake.parser.MarkupEngine - Header separator found
18:42:07.545 INFO  org.jbake.app.Crawler - Processing [/home/csmajs/jgarc271/git/jbake-testing-and-verification/jbake-core/build/resources/test/fixture/content/blog/2013/second-post.html]...  : new 
18:42:07.546 DEBUG org.jbake.parser.MarkupEngine - Type property found
18:42:07.546 DEBUG org.jbake.parser.MarkupEngine - Status property found
18:42:07.547 DEBUG org.jbake.parser.MarkupEngine - Header separator found
18:42:07.547 INFO  org.jbake.app.Crawler - Processing [/home/csmajs/jgarc271/git/jbake-testing-and-verification/jbake-core/build/resources/test/fixture/content/blog/2016/another-post.html]...  : new 
18:42:07.548 DEBUG org.jbake.parser.MarkupEngine - Type property found
18:42:07.548 DEBUG org.jbake.parser.MarkupEngine - Status property found
18:42:07.548 DEBUG org.jbake.parser.MarkupEngine - Header separator found
18:42:07.549 INFO  org.jbake.app.Crawler - Processing [/home/csmajs/jgarc271/git/jbake-testing-and-verification/jbake-core/build/resources/test/fixture/content/blog/2016/draft-post.html]...  : new 
18:42:07.550 DEBUG org.jbake.parser.MarkupEngine - Header separator found
18:42:07.550 WARN  org.jbake.parser.MarkupEngine - Parsing skipped (missing type or status value in header meta data) for file /home/csmajs/jgarc271/git/jbake-testing-and-verification/jbake-core/build/resources/test/fixture/content/blog/invalid_header.html!
18:42:07.550 WARN  org.jbake.app.Crawler - /home/csmajs/jgarc271/git/jbake-testing-and-verification/jbake-core/build/resources/test/fixture/content/blog/invalid_header.html has an invalid header, it has been ignored!
18:42:07.550 INFO  org.jbake.app.Crawler - Processing [/home/csmajs/jgarc271/git/jbake-testing-and-verification/jbake-core/build/resources/test/fixture/content/blog/invalid_header.html]...  : new 
18:42:07.551 DEBUG org.jbake.parser.MarkupEngine - Type property found
18:42:07.551 DEBUG org.jbake.parser.MarkupEngine - Status property found
18:42:07.551 DEBUG org.jbake.parser.MarkupEngine - Header separator found
18:42:07.551 INFO  org.jbake.app.Crawler - Processing [/home/csmajs/jgarc271/git/jbake-testing-and-verification/jbake-core/build/resources/test/fixture/content/index2.html]...  : new 
18:42:07.552 DEBUG org.jbake.parser.MarkupEngine - Type property found
18:42:07.553 DEBUG org.jbake.parser.MarkupEngine - Status property found
18:42:07.553 DEBUG org.jbake.parser.MarkupEngine - Header separator found
18:42:07.571 INFO  org.jbake.app.Crawler - Processing [/home/csmajs/jgarc271/git/jbake-testing-and-verification/jbake-core/build/resources/test/fixture/content/papers/draft-paper.html]...  : new 
18:42:07.573 DEBUG org.jbake.parser.MarkupEngine - Type property found
18:42:07.573 DEBUG org.jbake.parser.MarkupEngine - Status property found
18:42:07.573 DEBUG org.jbake.parser.MarkupEngine - Header separator found
18:42:07.574 INFO  org.jbake.app.Crawler - Processing [/home/csmajs/jgarc271/git/jbake-testing-and-verification/jbake-core/build/resources/test/fixture/content/papers/published-paper.html]...  : new 
18:42:07.575 DEBUG org.jbake.parser.MarkupEngine - Type property found
18:42:07.575 DEBUG org.jbake.parser.MarkupEngine - Status property found
18:42:07.575 DEBUG org.jbake.parser.MarkupEngine - Header separator found
18:42:07.575 INFO  org.jbake.app.Crawler - Processing [/home/csmajs/jgarc271/git/jbake-testing-and-verification/jbake-core/build/resources/test/fixture/content/projects.html]...  : new 
18:42:07.575 INFO  org.jbake.app.Crawler - Content detected:
18:42:07.575 INFO  org.jbake.app.Crawler - Parsed 3 files of type: page
18:42:07.575 INFO  org.jbake.app.Crawler - Parsed 4 files of type: post
18:42:07.592 INFO  o.j.t.DelegatingTemplateEngine - Default template: tags.ftl was not found, searching for others...
18:42:07.592 INFO  o.j.t.DelegatingTemplateEngine - Found alternative template file: tags.jade using this instead
18:42:07.634 INFO  org.jbake.app.Renderer - Rendering tag [/tmp/junit375509813183225800/tags/blog.html]... done!
18:42:07.636 INFO  o.j.t.DelegatingTemplateEngine - Default template: tags-index.ftl was not found, searching for others...
18:42:07.636 INFO  o.j.t.DelegatingTemplateEngine - Found alternative template file: tags-index.jade using this instead
18:42:07.659 INFO  org.jbake.app.Renderer - Rendering tagindex [/tmp/junit375509813183225800/tags/index.html]... done!
18:42:07.663 INFO  c.o.o.c.s.m.ODirectMemoryStorage - Storage 'memory:/tmp/junit375509813183225800/documents1584063717121' is created under OrientDB distribution : 3.0.14 - Veloce (build ac128c5a9ba4c6dc9d25a32b92962d8863774423, branch 3.0.x)
18:42:08.681 DEBUG org.jbake.app.ContentStore - Create document class 'page'
18:42:08.703 DEBUG org.jbake.app.ContentStore - Create document class 'post'
18:42:08.728 DEBUG org.jbake.app.ContentStore - Create document class 'masterindex'
18:42:08.756 DEBUG org.jbake.app.ContentStore - Create document class 'archive'
18:42:08.786 DEBUG org.jbake.app.ContentStore - Create document class 'feed'
18:42:08.841 DEBUG org.jbake.parser.MarkupEngine - Type property found
18:42:08.841 DEBUG org.jbake.parser.MarkupEngine - Status property found
18:42:08.841 DEBUG org.jbake.parser.MarkupEngine - Header separator found
18:42:08.842 INFO  org.jbake.app.Crawler - Processing [/home/csmajs/jgarc271/git/jbake-testing-and-verification/jbake-core/build/resources/test/fixture/content/about.html]...  : new 
18:42:08.843 DEBUG org.jbake.parser.MarkupEngine - Type property found
18:42:08.843 DEBUG org.jbake.parser.MarkupEngine - Status property found
18:42:08.843 DEBUG org.jbake.parser.MarkupEngine - Header separator found
18:42:08.855 INFO  org.jbake.app.Crawler - Processing [/home/csmajs/jgarc271/git/jbake-testing-and-verification/jbake-core/build/resources/test/fixture/content/allcontent.html]...  : new 
18:42:08.860 DEBUG org.jbake.parser.MarkupEngine - Type property found
18:42:08.860 DEBUG org.jbake.parser.MarkupEngine - Status property found
18:42:08.860 DEBUG org.jbake.parser.MarkupEngine - Header separator found
18:42:08.860 INFO  org.jbake.app.Crawler - Processing [/home/csmajs/jgarc271/git/jbake-testing-and-verification/jbake-core/build/resources/test/fixture/content/blog/2012/first-post.html]...  : new 
18:42:08.863 DEBUG org.jbake.parser.MarkupEngine - Type property found
18:42:08.863 DEBUG org.jbake.parser.MarkupEngine - Status property found
18:42:08.863 DEBUG org.jbake.parser.MarkupEngine - Header separator found
18:42:08.863 INFO  org.jbake.app.Crawler - Processing [/home/csmajs/jgarc271/git/jbake-testing-and-verification/jbake-core/build/resources/test/fixture/content/blog/2013/second-post.html]...  : new 
18:42:08.865 DEBUG org.jbake.parser.MarkupEngine - Type property found
18:42:08.865 DEBUG org.jbake.parser.MarkupEngine - Status property found
18:42:08.865 DEBUG org.jbake.parser.MarkupEngine - Header separator found
18:42:08.865 INFO  org.jbake.app.Crawler - Processing [/home/csmajs/jgarc271/git/jbake-testing-and-verification/jbake-core/build/resources/test/fixture/content/blog/2016/another-post.html]...  : new 
18:42:08.866 DEBUG org.jbake.parser.MarkupEngine - Type property found
18:42:08.866 DEBUG org.jbake.parser.MarkupEngine - Status property found
18:42:08.866 DEBUG org.jbake.parser.MarkupEngine - Header separator found
18:42:08.867 INFO  org.jbake.app.Crawler - Processing [/home/csmajs/jgarc271/git/jbake-testing-and-verification/jbake-core/build/resources/test/fixture/content/blog/2016/draft-post.html]...  : new 
18:42:08.868 DEBUG org.jbake.parser.MarkupEngine - Header separator found
18:42:08.868 WARN  org.jbake.parser.MarkupEngine - Parsing skipped (missing type or status value in header meta data) for file /home/csmajs/jgarc271/git/jbake-testing-and-verification/jbake-core/build/resources/test/fixture/content/blog/invalid_header.html!
18:42:08.868 WARN  org.jbake.app.Crawler - /home/csmajs/jgarc271/git/jbake-testing-and-verification/jbake-core/build/resources/test/fixture/content/blog/invalid_header.html has an invalid header, it has been ignored!
18:42:08.868 INFO  org.jbake.app.Crawler - Processing [/home/csmajs/jgarc271/git/jbake-testing-and-verification/jbake-core/build/resources/test/fixture/content/blog/invalid_header.html]...  : new 
18:42:08.869 DEBUG org.jbake.parser.MarkupEngine - Type property found
18:42:08.869 DEBUG org.jbake.parser.MarkupEngine - Status property found
18:42:08.869 DEBUG org.jbake.parser.MarkupEngine - Header separator found
18:42:08.870 INFO  org.jbake.app.Crawler - Processing [/home/csmajs/jgarc271/git/jbake-testing-and-verification/jbake-core/build/resources/test/fixture/content/index2.html]...  : new 
18:42:08.871 DEBUG org.jbake.parser.MarkupEngine - Type property found
18:42:08.871 DEBUG org.jbake.parser.MarkupEngine - Status property found
18:42:08.871 DEBUG org.jbake.parser.MarkupEngine - Header separator found
18:42:08.886 INFO  org.jbake.app.Crawler - Processing [/home/csmajs/jgarc271/git/jbake-testing-and-verification/jbake-core/build/resources/test/fixture/content/papers/draft-paper.html]...  : new 
18:42:08.888 DEBUG org.jbake.parser.MarkupEngine - Type property found
18:42:08.888 DEBUG org.jbake.parser.MarkupEngine - Status property found
18:42:08.888 DEBUG org.jbake.parser.MarkupEngine - Header separator found
18:42:08.888 INFO  org.jbake.app.Crawler - Processing [/home/csmajs/jgarc271/git/jbake-testing-and-verification/jbake-core/build/resources/test/fixture/content/papers/published-paper.html]...  : new 
18:42:08.889 DEBUG org.jbake.parser.MarkupEngine - Type property found
18:42:08.889 DEBUG org.jbake.parser.MarkupEngine - Status property found
18:42:08.889 DEBUG org.jbake.parser.MarkupEngine - Header separator found
18:42:08.890 INFO  org.jbake.app.Crawler - Processing [/home/csmajs/jgarc271/git/jbake-testing-and-verification/jbake-core/build/resources/test/fixture/content/projects.html]...  : new 
18:42:08.890 INFO  org.jbake.app.Crawler - Content detected:
18:42:08.890 INFO  org.jbake.app.Crawler - Parsed 3 files of type: page
18:42:08.890 INFO  org.jbake.app.Crawler - Parsed 4 files of type: post
18:42:08.901 INFO  org.jbake.template.ModelExtractors - register new extractors for document type: paper
18:42:08.903 INFO  o.j.t.DelegatingTemplateEngine - Default template: sitemap.ftl was not found, searching for others...
18:42:08.903 INFO  o.j.t.DelegatingTemplateEngine - Found alternative template file: sitemap.jade using this instead
18:42:08.927 INFO  org.jbake.app.Renderer - Rendering sitemap [/tmp/junit375509813183225800/sitemap.xml]... done!
]]></system-out>
  <system-err><![CDATA[]]></system-err>
</testsuite>
