<?xml version="1.0" encoding="UTF-8"?>
<testsuite name="org.jbake.app.ParserTest" tests="19" skipped="0" failures="1" errors="0" timestamp="2020-03-13T01:15:33" hostname="bolt.cs.ucr.edu" time="6.335">
  <properties/>
  <testcase name="parseValidAsciiDocFile" classname="org.jbake.app.ParserTest" time="5.76"/>
  <testcase name="parseValidHTMLFile" classname="org.jbake.app.ParserTest" time="0.005"/>
  <testcase name="parseInvalidHTMLFile" classname="org.jbake.app.ParserTest" time="0.005"/>
  <testcase name="parseValidAsciiDocFileWithoutHeader" classname="org.jbake.app.ParserTest" time="0.054"/>
  <testcase name="parseInvalidMarkdownFile" classname="org.jbake.app.ParserTest" time="0.005"/>
  <testcase name="parseValidAsciiDocFileWithoutJBakeMetaDataUsingDefaultTypeAndStatus" classname="org.jbake.app.ParserTest" time="0.044"/>
  <testcase name="testValidAsciiDocWithADHeaderJSONFile" classname="org.jbake.app.ParserTest" time="0.044"/>
  <testcase name="parseMarkdownFileWithCustomHeaderSeparator" classname="org.jbake.app.ParserTest" time="0.259"/>
  <testcase name="parseMarkdownFileWithDefaultTypeAndStatus" classname="org.jbake.app.ParserTest" time="0.011"/>
  <testcase name="parseValidAsciiDocWithJSONFile" classname="org.jbake.app.ParserTest" time="0.029"/>
  <testcase name="parseInvalidHTMLFileHeaderWithNoType" classname="org.jbake.app.ParserTest" time="0.005"/>
  <testcase name="parseInvalidHTMLFileHeaderWithNoStatus" classname="org.jbake.app.ParserTest" time="0.011">
    <failure message="java.lang.AssertionError: expected null, but was:&lt;{date=Thu Mar 12 18:15:40 PDT 2020, type=post, body=type=post&#10;~~~~~~&#10;, status=draft}&gt;" type="java.lang.AssertionError">java.lang.AssertionError: expected null, but was:&lt;{date=Thu Mar 12 18:15:40 PDT 2020, type=post, body=type=post
~~~~~~
, status=draft}&gt;
	at org.junit.Assert.fail(Assert.java:88)
	at org.junit.Assert.failNotNull(Assert.java:755)
	at org.junit.Assert.assertNull(Assert.java:737)
	at org.junit.Assert.assertNull(Assert.java:747)
	at org.jbake.app.ParserTest.parseInvalidHTMLFileHeaderWithNoStatus(ParserTest.java:308)
	at sun.reflect.NativeMethodAccessorImpl.invoke0(Native Method)
	at sun.reflect.NativeMethodAccessorImpl.invoke(NativeMethodAccessorImpl.java:62)
	at sun.reflect.DelegatingMethodAccessorImpl.invoke(DelegatingMethodAccessorImpl.java:43)
	at java.lang.reflect.Method.invoke(Method.java:498)
	at org.junit.runners.model.FrameworkMethod$1.runReflectiveCall(FrameworkMethod.java:50)
	at org.junit.internal.runners.model.ReflectiveCallable.run(ReflectiveCallable.java:12)
	at org.junit.runners.model.FrameworkMethod.invokeExplosively(FrameworkMethod.java:47)
	at org.junit.internal.runners.statements.InvokeMethod.evaluate(InvokeMethod.java:17)
	at org.junit.internal.runners.statements.RunBefores.evaluate(RunBefores.java:26)
	at org.junit.rules.ExternalResource$1.evaluate(ExternalResource.java:48)
	at org.junit.rules.RunRules.evaluate(RunRules.java:20)
	at org.junit.runners.ParentRunner.runLeaf(ParentRunner.java:325)
	at org.junit.runners.BlockJUnit4ClassRunner.runChild(BlockJUnit4ClassRunner.java:78)
	at org.junit.runners.BlockJUnit4ClassRunner.runChild(BlockJUnit4ClassRunner.java:57)
	at org.junit.runners.ParentRunner$3.run(ParentRunner.java:290)
	at org.junit.runners.ParentRunner$1.schedule(ParentRunner.java:71)
	at org.junit.runners.ParentRunner.runChildren(ParentRunner.java:288)
	at org.junit.runners.ParentRunner.access$000(ParentRunner.java:58)
	at org.junit.runners.ParentRunner$2.evaluate(ParentRunner.java:268)
	at org.junit.runners.ParentRunner.run(ParentRunner.java:363)
	at org.junit.runner.JUnitCore.run(JUnitCore.java:137)
	at org.junit.runner.JUnitCore.run(JUnitCore.java:115)
	at org.junit.vintage.engine.execution.RunnerExecutor.execute(RunnerExecutor.java:39)
	at java.util.stream.ForEachOps$ForEachOp$OfRef.accept(ForEachOps.java:183)
	at java.util.stream.ReferencePipeline$3$1.accept(ReferencePipeline.java:193)
	at java.util.Iterator.forEachRemaining(Iterator.java:116)
	at java.util.Spliterators$IteratorSpliterator.forEachRemaining(Spliterators.java:1801)
	at java.util.stream.AbstractPipeline.copyInto(AbstractPipeline.java:482)
	at java.util.stream.AbstractPipeline.wrapAndCopyInto(AbstractPipeline.java:472)
	at java.util.stream.ForEachOps$ForEachOp.evaluateSequential(ForEachOps.java:150)
	at java.util.stream.ForEachOps$ForEachOp$OfRef.evaluateSequential(ForEachOps.java:173)
	at java.util.stream.AbstractPipeline.evaluate(AbstractPipeline.java:234)
	at java.util.stream.ReferencePipeline.forEach(ReferencePipeline.java:485)
	at org.junit.vintage.engine.VintageTestEngine.executeAllChildren(VintageTestEngine.java:79)
	at org.junit.vintage.engine.VintageTestEngine.execute(VintageTestEngine.java:70)
	at org.junit.platform.launcher.core.DefaultLauncher.execute(DefaultLauncher.java:220)
	at org.junit.platform.launcher.core.DefaultLauncher.lambda$execute$6(DefaultLauncher.java:188)
	at org.junit.platform.launcher.core.DefaultLauncher.withInterceptedStreams(DefaultLauncher.java:202)
	at org.junit.platform.launcher.core.DefaultLauncher.execute(DefaultLauncher.java:181)
	at org.junit.platform.launcher.core.DefaultLauncher.execute(DefaultLauncher.java:128)
	at org.gradle.api.internal.tasks.testing.junitplatform.JUnitPlatformTestClassProcessor$CollectAllTestClassesExecutor.processAllTestClasses(JUnitPlatformTestClassProcessor.java:102)
	at org.gradle.api.internal.tasks.testing.junitplatform.JUnitPlatformTestClassProcessor$CollectAllTestClassesExecutor.access$000(JUnitPlatformTestClassProcessor.java:82)
	at org.gradle.api.internal.tasks.testing.junitplatform.JUnitPlatformTestClassProcessor.stop(JUnitPlatformTestClassProcessor.java:78)
	at org.gradle.api.internal.tasks.testing.SuiteTestClassProcessor.stop(SuiteTestClassProcessor.java:61)
	at sun.reflect.NativeMethodAccessorImpl.invoke0(Native Method)
	at sun.reflect.NativeMethodAccessorImpl.invoke(NativeMethodAccessorImpl.java:62)
	at sun.reflect.DelegatingMethodAccessorImpl.invoke(DelegatingMethodAccessorImpl.java:43)
	at java.lang.reflect.Method.invoke(Method.java:498)
	at org.gradle.internal.dispatch.ReflectionDispatch.dispatch(ReflectionDispatch.java:35)
	at org.gradle.internal.dispatch.ReflectionDispatch.dispatch(ReflectionDispatch.java:24)
	at org.gradle.internal.dispatch.ContextClassLoaderDispatch.dispatch(ContextClassLoaderDispatch.java:32)
	at org.gradle.internal.dispatch.ProxyDispatchAdapter$DispatchingInvocationHandler.invoke(ProxyDispatchAdapter.java:93)
	at com.sun.proxy.$Proxy2.stop(Unknown Source)
	at org.gradle.api.internal.tasks.testing.worker.TestWorker.stop(TestWorker.java:132)
	at sun.reflect.NativeMethodAccessorImpl.invoke0(Native Method)
	at sun.reflect.NativeMethodAccessorImpl.invoke(NativeMethodAccessorImpl.java:62)
	at sun.reflect.DelegatingMethodAccessorImpl.invoke(DelegatingMethodAccessorImpl.java:43)
	at java.lang.reflect.Method.invoke(Method.java:498)
	at org.gradle.internal.dispatch.ReflectionDispatch.dispatch(ReflectionDispatch.java:35)
	at org.gradle.internal.dispatch.ReflectionDispatch.dispatch(ReflectionDispatch.java:24)
	at org.gradle.internal.remote.internal.hub.MessageHubBackedObjectConnection$DispatchWrapper.dispatch(MessageHubBackedObjectConnection.java:175)
	at org.gradle.internal.remote.internal.hub.MessageHubBackedObjectConnection$DispatchWrapper.dispatch(MessageHubBackedObjectConnection.java:157)
	at org.gradle.internal.remote.internal.hub.MessageHub$Handler.run(MessageHub.java:404)
	at org.gradle.internal.concurrent.ExecutorPolicy$CatchAndRecordFailures.onExecute(ExecutorPolicy.java:63)
	at org.gradle.internal.concurrent.ManagedExecutorImpl$1.run(ManagedExecutorImpl.java:46)
	at java.util.concurrent.ThreadPoolExecutor.runWorker(ThreadPoolExecutor.java:1149)
	at java.util.concurrent.ThreadPoolExecutor$Worker.run(ThreadPoolExecutor.java:624)
	at org.gradle.internal.concurrent.ThreadFactoryImpl$ManagedThreadRunnable.run(ThreadFactoryImpl.java:55)
	at java.lang.Thread.run(Thread.java:748)
</failure>
  </testcase>
  <testcase name="parseValidAsciiDocFileWithExampleHeaderInContent" classname="org.jbake.app.ParserTest" time="0.039"/>
  <testcase name="parseInvalidAsciiDocFile" classname="org.jbake.app.ParserTest" time="0.017"/>
  <testcase name="parseValidHTMLWithJSONFile" classname="org.jbake.app.ParserTest" time="0.005"/>
  <testcase name="parseInvalidAsciiDocFileWithoutHeader" classname="org.jbake.app.ParserTest" time="0.021"/>
  <testcase name="parseInvalidExtension" classname="org.jbake.app.ParserTest" time="0.004"/>
  <testcase name="parseInvalidMarkdownFileWithoutDefaultStatus" classname="org.jbake.app.ParserTest" time="0.004"/>
  <testcase name="parseMarkdownFileWithDefaultStatus" classname="org.jbake.app.ParserTest" time="0.009"/>
  <system-out><![CDATA[18:15:33.860 DEBUG org.jbake.parser.MarkupEngine - Status property found
18:15:33.860 DEBUG org.jbake.parser.MarkupEngine - Type property found
18:15:33.860 DEBUG org.jbake.parser.MarkupEngine - Header separator found
18:15:33.868 INFO  org.jbake.parser.AsciidoctorEngine - Initializing Asciidoctor engine...
18:15:39.378 INFO  org.jbake.parser.AsciidoctorEngine - Asciidoctor engine initialized.
18:15:39.592 DEBUG org.jbake.parser.MarkupEngine - Status property found
18:15:39.592 DEBUG org.jbake.parser.MarkupEngine - Type property found
18:15:39.592 DEBUG org.jbake.parser.MarkupEngine - Header separator found
18:15:39.598 DEBUG org.jbake.parser.MarkupEngine - Header separator found
18:15:39.598 WARN  org.jbake.parser.MarkupEngine - Parsing skipped (missing type or status value in header meta data) for file /tmp/junit2983164774646497194/invalid.html!
18:15:39.658 DEBUG org.jbake.parser.MarkupEngine - Header separator found
18:15:39.658 WARN  org.jbake.parser.MarkupEngine - Parsing skipped (missing type or status value in header meta data) for file /tmp/junit2089908629594366149/invalidMd.md!
18:15:39.751 DEBUG org.jbake.parser.MarkupEngine - Type property found
18:15:39.751 DEBUG org.jbake.parser.MarkupEngine - Status property found
18:15:39.751 DEBUG org.jbake.parser.MarkupEngine - Header separator found
18:15:40.010 DEBUG org.jbake.parser.MarkupEngine - Header separator found
18:15:40.020 DEBUG org.jbake.parser.MarkupEngine - Status property found
18:15:40.020 DEBUG org.jbake.parser.MarkupEngine - Type property found
18:15:40.020 DEBUG org.jbake.parser.MarkupEngine - Header separator found
18:15:40.050 DEBUG org.jbake.parser.MarkupEngine - Status property found
18:15:40.050 DEBUG org.jbake.parser.MarkupEngine - Header separator found
18:15:40.050 WARN  org.jbake.parser.MarkupEngine - Parsing skipped (missing type or status value in header meta data) for file /tmp/junit3486907713543975561/invalidNoType.html!
18:15:40.055 DEBUG org.jbake.parser.MarkupEngine - Type property found
18:15:40.055 DEBUG org.jbake.parser.MarkupEngine - Header separator found
18:15:40.105 DEBUG org.jbake.parser.MarkupEngine - Header separator found
18:15:40.117 WARN  org.jbake.parser.MarkupEngine - Parsing skipped (missing type or status value in header meta data) for file /tmp/junit3860171067350372315/invalid.ad!
18:15:40.121 DEBUG org.jbake.parser.MarkupEngine - Status property found
18:15:40.121 DEBUG org.jbake.parser.MarkupEngine - Type property found
18:15:40.122 DEBUG org.jbake.parser.MarkupEngine - Header separator found
18:15:40.144 WARN  org.jbake.parser.MarkupEngine - Parsing skipped (missing type or status value in header meta data) for file /tmp/junit4210671188431465581/invalidwoheader.ad!
18:15:40.148 ERROR org.jbake.app.Parser - Unable to find suitable markup engine for /tmp/junit6546307195285263568/invalid.invalid
18:15:40.153 DEBUG org.jbake.parser.MarkupEngine - Type property found
18:15:40.153 DEBUG org.jbake.parser.MarkupEngine - Header separator found
18:15:40.153 WARN  org.jbake.parser.MarkupEngine - Parsing skipped (missing type or status value in header meta data) for file /tmp/junit7282572394995345246/invalidMdWithoutDefaultStatus.md!
18:15:40.157 DEBUG org.jbake.parser.MarkupEngine - Type property found
18:15:40.157 DEBUG org.jbake.parser.MarkupEngine - Header separator found
]]></system-out>
  <system-err><![CDATA[]]></system-err>
</testsuite>
