<!DOCTYPE html>
<html>
<head>
<meta http-equiv="Content-Type" content="text/html; charset=utf-8"/>
<meta http-equiv="x-ua-compatible" content="IE=edge"/>
<title>Test results - CrawlerTest</title>
<link href="../css/base-style.css" rel="stylesheet" type="text/css"/>
<link href="../css/style.css" rel="stylesheet" type="text/css"/>
<script src="../js/report.js" type="text/javascript"></script>
</head>
<body>
<div id="content">
<h1>CrawlerTest</h1>
<div class="breadcrumbs">
<a href="../index.html">all</a> &gt; 
<a href="../packages/org.jbake.app.html">org.jbake.app</a> &gt; CrawlerTest</div>
<div id="summary">
<table>
<tr>
<td>
<div class="summaryGroup">
<table>
<tr>
<td>
<div class="infoBox" id="tests">
<div class="counter">2</div>
<p>tests</p>
</div>
</td>
<td>
<div class="infoBox" id="failures">
<div class="counter">0</div>
<p>failures</p>
</div>
</td>
<td>
<div class="infoBox" id="ignored">
<div class="counter">0</div>
<p>ignored</p>
</div>
</td>
<td>
<div class="infoBox" id="duration">
<div class="counter">5.742s</div>
<p>duration</p>
</div>
</td>
</tr>
</table>
</div>
</td>
<td>
<div class="infoBox success" id="successRate">
<div class="percent">100%</div>
<p>successful</p>
</div>
</td>
</tr>
</table>
</div>
<div id="tabs">
<ul class="tabLinks">
<li>
<a href="#tab0">Tests</a>
</li>
<li>
<a href="#tab1">Standard output</a>
</li>
<li>
<a href="#tab2">Standard error</a>
</li>
</ul>
<div id="tab0" class="tab">
<h2>Tests</h2>
<table>
<thead>
<tr>
<th>Test</th>
<th>Duration</th>
<th>Result</th>
</tr>
</thead>
<tr>
<td class="success">crawl</td>
<td class="success">1.696s</td>
<td class="success">passed</td>
</tr>
<tr>
<td class="success">renderWithPrettyUrls</td>
<td class="success">4.046s</td>
<td class="success">passed</td>
</tr>
</table>
</div>
<div id="tab1" class="tab">
<h2>Standard output</h2>
<span class="code">
<pre>18:52:49.595 INFO  c.o.common.jna.ONative - Detected limit of amount of simultaneously open files is 20000,  limit of open files for disk cache will be set to 9488
18:52:49.667 INFO  c.o.common.jna.ONative - 67445305344 B/64320 MB/62 GB of physical memory were detected on machine
18:52:49.667 INFO  c.o.common.jna.ONative - Soft memory limit for this process is set to 40960000000 B/39062 MB/38 GB
18:52:49.667 INFO  c.o.common.jna.ONative - Hard memory limit for this process is set to 40960000000 B/39062 MB/38 GB
18:52:49.668 INFO  c.o.common.jna.ONative - Path to 'memory' cgroup is '/'
18:52:49.672 INFO  c.o.common.jna.ONative - Mounting path for memory cgroup controller is '/sys/fs/cgroup/memory'
18:52:49.673 INFO  c.o.common.jna.ONative - cgroup soft memory limit is 9223372036854771712 B/8796093022207 MB/8589934591 GB
18:52:49.673 INFO  c.o.common.jna.ONative - cgroup hard memory limit is 9223372036854771712 B/8796093022207 MB/8589934591 GB
18:52:49.673 INFO  c.o.common.jna.ONative - Detected memory limit for current process is 40960000000 B/39062 MB/38 GB
18:52:49.674 INFO  c.o.o.c.e.OMemoryAndLocalPaginatedEnginesInitializer - JVM can use maximum 2731MB of heap memory
18:52:49.675 INFO  c.o.o.c.e.OMemoryAndLocalPaginatedEnginesInitializer - Because OrientDB is running outside a container 12% of memory will be left unallocated according to the setting 'memory.leftToOS' not taking into account heap memory
18:52:49.675 INFO  com.orientechnologies - OrientDB auto-config DISKCACHE=31,644MB (heap=2,731MB os=39,062MB)
18:52:49.679 INFO  c.o.o.c.e.l.OEngineLocalPaginated - System is started under an effective user : `jgarc271`
18:52:49.970 INFO  c.o.o.c.s.m.ODirectMemoryStorage - Storage 'memory:/tmp/junit9024112123798487618/documents1584064369069' is created under OrientDB distribution : 3.0.14 - Veloce (build ac128c5a9ba4c6dc9d25a32b92962d8863774423, branch 3.0.x)
18:52:51.937 DEBUG org.jbake.app.ContentStore - Create document class 'page'
18:52:52.177 DEBUG org.jbake.app.ContentStore - Create document class 'post'
18:52:52.331 DEBUG org.jbake.app.ContentStore - Create document class 'masterindex'
18:52:52.394 DEBUG org.jbake.app.ContentStore - Create document class 'archive'
18:52:52.451 DEBUG org.jbake.app.ContentStore - Create document class 'feed'
18:52:52.511 DEBUG org.jbake.app.ContentStore - Create document class 'known'
18:52:52.577 DEBUG org.jbake.app.ContentStore - Create document class 'newDocumentType'
18:52:52.641 DEBUG org.jbake.app.ContentStore - Create document class 'customType'
18:52:52.706 DEBUG org.jbake.app.ContentStore - Create document class 'project'
18:52:52.775 DEBUG org.jbake.app.ContentStore - Create document class 'alltag'
18:52:52.958 DEBUG org.jbake.parser.MarkupEngine - Type property found
18:52:52.958 DEBUG org.jbake.parser.MarkupEngine - Status property found
18:52:52.958 DEBUG org.jbake.parser.MarkupEngine - Header separator found
18:52:52.964 INFO  org.jbake.app.Crawler - Processing [/home/csmajs/jgarc271/git/jbake-testing-and-verification/jbake-core/build/resources/test/fixture/content/about.html]...  : new 
18:52:52.967 DEBUG org.jbake.parser.MarkupEngine - Type property found
18:52:52.967 DEBUG org.jbake.parser.MarkupEngine - Status property found
18:52:52.967 DEBUG org.jbake.parser.MarkupEngine - Header separator found
18:52:52.997 INFO  org.jbake.app.Crawler - Processing [/home/csmajs/jgarc271/git/jbake-testing-and-verification/jbake-core/build/resources/test/fixture/content/allcontent.html]...  : new 
18:52:53.009 DEBUG org.jbake.parser.MarkupEngine - Type property found
18:52:53.009 DEBUG org.jbake.parser.MarkupEngine - Status property found
18:52:53.009 DEBUG org.jbake.parser.MarkupEngine - Header separator found
18:52:53.011 INFO  org.jbake.app.Crawler - Processing [/home/csmajs/jgarc271/git/jbake-testing-and-verification/jbake-core/build/resources/test/fixture/content/blog/2012/first-post.html]...  : new 
18:52:53.016 DEBUG org.jbake.parser.MarkupEngine - Type property found
18:52:53.016 DEBUG org.jbake.parser.MarkupEngine - Status property found
18:52:53.016 DEBUG org.jbake.parser.MarkupEngine - Header separator found
18:52:53.018 INFO  org.jbake.app.Crawler - Processing [/home/csmajs/jgarc271/git/jbake-testing-and-verification/jbake-core/build/resources/test/fixture/content/blog/2013/second-post.html]...  : new 
18:52:53.022 DEBUG org.jbake.parser.MarkupEngine - Type property found
18:52:53.022 DEBUG org.jbake.parser.MarkupEngine - Status property found
18:52:53.022 DEBUG org.jbake.parser.MarkupEngine - Header separator found
18:52:53.024 INFO  org.jbake.app.Crawler - Processing [/home/csmajs/jgarc271/git/jbake-testing-and-verification/jbake-core/build/resources/test/fixture/content/blog/2016/another-post.html]...  : new 
18:52:53.027 DEBUG org.jbake.parser.MarkupEngine - Type property found
18:52:53.027 DEBUG org.jbake.parser.MarkupEngine - Status property found
18:52:53.027 DEBUG org.jbake.parser.MarkupEngine - Header separator found
18:52:53.029 INFO  org.jbake.app.Crawler - Processing [/home/csmajs/jgarc271/git/jbake-testing-and-verification/jbake-core/build/resources/test/fixture/content/blog/2016/draft-post.html]...  : new 
18:52:53.033 DEBUG org.jbake.parser.MarkupEngine - Header separator found
18:52:53.033 WARN  org.jbake.parser.MarkupEngine - Parsing skipped (missing type or status value in header meta data) for file /home/csmajs/jgarc271/git/jbake-testing-and-verification/jbake-core/build/resources/test/fixture/content/blog/invalid_header.html!
18:52:53.033 WARN  org.jbake.app.Crawler - /home/csmajs/jgarc271/git/jbake-testing-and-verification/jbake-core/build/resources/test/fixture/content/blog/invalid_header.html has an invalid header, it has been ignored!
18:52:53.033 INFO  org.jbake.app.Crawler - Processing [/home/csmajs/jgarc271/git/jbake-testing-and-verification/jbake-core/build/resources/test/fixture/content/blog/invalid_header.html]...  : new 
18:52:53.036 DEBUG org.jbake.parser.MarkupEngine - Type property found
18:52:53.036 DEBUG org.jbake.parser.MarkupEngine - Status property found
18:52:53.036 DEBUG org.jbake.parser.MarkupEngine - Header separator found
18:52:53.038 INFO  org.jbake.app.Crawler - Processing [/home/csmajs/jgarc271/git/jbake-testing-and-verification/jbake-core/build/resources/test/fixture/content/index2.html]...  : new 
18:52:53.041 DEBUG org.jbake.parser.MarkupEngine - Type property found
18:52:53.042 DEBUG org.jbake.parser.MarkupEngine - Status property found
18:52:53.042 DEBUG org.jbake.parser.MarkupEngine - Header separator found
18:52:53.068 INFO  org.jbake.app.Crawler - Processing [/home/csmajs/jgarc271/git/jbake-testing-and-verification/jbake-core/build/resources/test/fixture/content/papers/draft-paper.html]...  : new 
18:52:53.077 DEBUG org.jbake.parser.MarkupEngine - Type property found
18:52:53.077 DEBUG org.jbake.parser.MarkupEngine - Status property found
18:52:53.077 DEBUG org.jbake.parser.MarkupEngine - Header separator found
18:52:53.079 INFO  org.jbake.app.Crawler - Processing [/home/csmajs/jgarc271/git/jbake-testing-and-verification/jbake-core/build/resources/test/fixture/content/papers/published-paper.html]...  : new 
18:52:53.082 DEBUG org.jbake.parser.MarkupEngine - Type property found
18:52:53.082 DEBUG org.jbake.parser.MarkupEngine - Status property found
18:52:53.082 DEBUG org.jbake.parser.MarkupEngine - Header separator found
18:52:53.083 INFO  org.jbake.app.Crawler - Processing [/home/csmajs/jgarc271/git/jbake-testing-and-verification/jbake-core/build/resources/test/fixture/content/projects.html]...  : new 
18:52:53.084 INFO  org.jbake.app.Crawler - Content detected:
18:52:53.084 INFO  org.jbake.app.Crawler - Parsed 3 files of type: page
18:52:53.084 INFO  org.jbake.app.Crawler - Parsed 4 files of type: post
18:52:53.118 INFO  c.o.o.c.s.m.ODirectMemoryStorage - Storage 'memory:/tmp/junit9024112123798487618/documents1584064369069' is created under OrientDB distribution : 3.0.14 - Veloce (build ac128c5a9ba4c6dc9d25a32b92962d8863774423, branch 3.0.x)
18:52:54.170 DEBUG org.jbake.app.ContentStore - Create document class 'page'
18:52:54.206 DEBUG org.jbake.app.ContentStore - Create document class 'post'
18:52:54.244 DEBUG org.jbake.app.ContentStore - Create document class 'masterindex'
18:52:54.285 DEBUG org.jbake.app.ContentStore - Create document class 'archive'
18:52:54.329 DEBUG org.jbake.app.ContentStore - Create document class 'feed'
18:52:54.376 DEBUG org.jbake.app.ContentStore - Create document class 'known'
18:52:54.425 DEBUG org.jbake.app.ContentStore - Create document class 'newDocumentType'
18:52:54.480 DEBUG org.jbake.app.ContentStore - Create document class 'customType'
18:52:54.536 DEBUG org.jbake.app.ContentStore - Create document class 'project'
18:52:54.597 DEBUG org.jbake.app.ContentStore - Create document class 'alltag'
18:52:54.701 DEBUG org.jbake.parser.MarkupEngine - Type property found
18:52:54.701 DEBUG org.jbake.parser.MarkupEngine - Status property found
18:52:54.701 DEBUG org.jbake.parser.MarkupEngine - Header separator found
18:52:54.703 INFO  org.jbake.app.Crawler - Processing [/home/csmajs/jgarc271/git/jbake-testing-and-verification/jbake-core/build/resources/test/fixture/content/about.html]...  : new 
18:52:54.706 DEBUG org.jbake.parser.MarkupEngine - Type property found
18:52:54.706 DEBUG org.jbake.parser.MarkupEngine - Status property found
18:52:54.707 DEBUG org.jbake.parser.MarkupEngine - Header separator found
18:52:54.729 INFO  org.jbake.app.Crawler - Processing [/home/csmajs/jgarc271/git/jbake-testing-and-verification/jbake-core/build/resources/test/fixture/content/allcontent.html]...  : new 
18:52:54.739 DEBUG org.jbake.parser.MarkupEngine - Type property found
18:52:54.739 DEBUG org.jbake.parser.MarkupEngine - Status property found
18:52:54.739 DEBUG org.jbake.parser.MarkupEngine - Header separator found
18:52:54.740 INFO  org.jbake.app.Crawler - Processing [/home/csmajs/jgarc271/git/jbake-testing-and-verification/jbake-core/build/resources/test/fixture/content/blog/2012/first-post.html]...  : new 
18:52:54.744 DEBUG org.jbake.parser.MarkupEngine - Type property found
18:52:54.744 DEBUG org.jbake.parser.MarkupEngine - Status property found
18:52:54.744 DEBUG org.jbake.parser.MarkupEngine - Header separator found
18:52:54.745 INFO  org.jbake.app.Crawler - Processing [/home/csmajs/jgarc271/git/jbake-testing-and-verification/jbake-core/build/resources/test/fixture/content/blog/2013/second-post.html]...  : new 
18:52:54.748 DEBUG org.jbake.parser.MarkupEngine - Type property found
18:52:54.748 DEBUG org.jbake.parser.MarkupEngine - Status property found
18:52:54.749 DEBUG org.jbake.parser.MarkupEngine - Header separator found
18:52:54.750 INFO  org.jbake.app.Crawler - Processing [/home/csmajs/jgarc271/git/jbake-testing-and-verification/jbake-core/build/resources/test/fixture/content/blog/2016/another-post.html]...  : new 
18:52:54.753 DEBUG org.jbake.parser.MarkupEngine - Type property found
18:52:54.753 DEBUG org.jbake.parser.MarkupEngine - Status property found
18:52:54.753 DEBUG org.jbake.parser.MarkupEngine - Header separator found
18:52:54.754 INFO  org.jbake.app.Crawler - Processing [/home/csmajs/jgarc271/git/jbake-testing-and-verification/jbake-core/build/resources/test/fixture/content/blog/2016/draft-post.html]...  : new 
18:52:54.756 DEBUG org.jbake.parser.MarkupEngine - Header separator found
18:52:54.756 WARN  org.jbake.parser.MarkupEngine - Parsing skipped (missing type or status value in header meta data) for file /home/csmajs/jgarc271/git/jbake-testing-and-verification/jbake-core/build/resources/test/fixture/content/blog/invalid_header.html!
18:52:54.757 WARN  org.jbake.app.Crawler - /home/csmajs/jgarc271/git/jbake-testing-and-verification/jbake-core/build/resources/test/fixture/content/blog/invalid_header.html has an invalid header, it has been ignored!
18:52:54.757 INFO  org.jbake.app.Crawler - Processing [/home/csmajs/jgarc271/git/jbake-testing-and-verification/jbake-core/build/resources/test/fixture/content/blog/invalid_header.html]...  : new 
18:52:54.759 DEBUG org.jbake.parser.MarkupEngine - Type property found
18:52:54.759 DEBUG org.jbake.parser.MarkupEngine - Status property found
18:52:54.759 DEBUG org.jbake.parser.MarkupEngine - Header separator found
18:52:54.760 INFO  org.jbake.app.Crawler - Processing [/home/csmajs/jgarc271/git/jbake-testing-and-verification/jbake-core/build/resources/test/fixture/content/index2.html]...  : new 
18:52:54.763 DEBUG org.jbake.parser.MarkupEngine - Type property found
18:52:54.763 DEBUG org.jbake.parser.MarkupEngine - Status property found
18:52:54.763 DEBUG org.jbake.parser.MarkupEngine - Header separator found
18:52:54.787 INFO  org.jbake.app.Crawler - Processing [/home/csmajs/jgarc271/git/jbake-testing-and-verification/jbake-core/build/resources/test/fixture/content/papers/draft-paper.html]...  : new 
18:52:54.795 DEBUG org.jbake.parser.MarkupEngine - Type property found
18:52:54.795 DEBUG org.jbake.parser.MarkupEngine - Status property found
18:52:54.795 DEBUG org.jbake.parser.MarkupEngine - Header separator found
18:52:54.796 INFO  org.jbake.app.Crawler - Processing [/home/csmajs/jgarc271/git/jbake-testing-and-verification/jbake-core/build/resources/test/fixture/content/papers/published-paper.html]...  : new 
18:52:54.798 DEBUG org.jbake.parser.MarkupEngine - Type property found
18:52:54.798 DEBUG org.jbake.parser.MarkupEngine - Status property found
18:52:54.798 DEBUG org.jbake.parser.MarkupEngine - Header separator found
18:52:54.800 INFO  org.jbake.app.Crawler - Processing [/home/csmajs/jgarc271/git/jbake-testing-and-verification/jbake-core/build/resources/test/fixture/content/projects.html]...  : new 
18:52:54.800 INFO  org.jbake.app.Crawler - Content detected:
18:52:54.800 INFO  org.jbake.app.Crawler - Parsed 3 files of type: page
18:52:54.800 INFO  org.jbake.app.Crawler - Parsed 4 files of type: post
</pre>
</span>
</div>
<div id="tab2" class="tab">
<h2>Standard error</h2>
<span class="code">
<pre>java.lang.instrument.IllegalClassFormatException: Error while instrumenting com/orientechnologies/orient/core/sql/parser/OrientSqlTokenManager.
	at org.jacoco.agent.rt.internal_28bab1d.CoverageTransformer.transform(CoverageTransformer.java:93)
	at sun.instrument.TransformerManager.transform(TransformerManager.java:188)
	at sun.instrument.InstrumentationImpl.transform(InstrumentationImpl.java:428)
	at java.lang.ClassLoader.defineClass1(Native Method)
	at java.lang.ClassLoader.defineClass(ClassLoader.java:757)
	at java.security.SecureClassLoader.defineClass(SecureClassLoader.java:142)
	at java.net.URLClassLoader.defineClass(URLClassLoader.java:468)
	at java.net.URLClassLoader.access$100(URLClassLoader.java:74)
	at java.net.URLClassLoader$1.run(URLClassLoader.java:369)
	at java.net.URLClassLoader$1.run(URLClassLoader.java:363)
	at java.security.AccessController.doPrivileged(Native Method)
	at java.net.URLClassLoader.findClass(URLClassLoader.java:362)
	at java.lang.ClassLoader.loadClass(ClassLoader.java:419)
	at sun.misc.Launcher$AppClassLoader.loadClass(Launcher.java:352)
	at java.lang.ClassLoader.loadClass(ClassLoader.java:352)
	at com.orientechnologies.orient.core.sql.parser.OrientSql.&lt;init&gt;(OrientSql.java:31334)
	at com.orientechnologies.orient.core.sql.parser.OrientSql.&lt;init&gt;(OrientSql.java:21)
	at com.orientechnologies.orient.core.sql.parser.OStatementCache.parse(OStatementCache.java:120)
	at com.orientechnologies.orient.core.sql.parser.OStatementCache.get(OStatementCache.java:81)
	at com.orientechnologies.orient.core.sql.parser.OStatementCache.get(OStatementCache.java:63)
	at com.orientechnologies.orient.core.sql.OCommandExecutorSQLAbstract.preParse(OCommandExecutorSQLAbstract.java:228)
	at com.orientechnologies.orient.core.sql.OCommandExecutorSQLSelect.parse(OCommandExecutorSQLSelect.java:252)
	at com.orientechnologies.orient.core.sql.OCommandExecutorSQLSelect.parse(OCommandExecutorSQLSelect.java:96)
	at com.orientechnologies.orient.core.sql.OCommandExecutorSQLDelegate.parse(OCommandExecutorSQLDelegate.java:58)
	at com.orientechnologies.orient.core.sql.OCommandExecutorSQLDelegate.parse(OCommandExecutorSQLDelegate.java:39)
	at com.orientechnologies.orient.core.storage.impl.local.OAbstractPaginatedStorage.command(OAbstractPaginatedStorage.java:3916)
	at com.orientechnologies.orient.core.sql.query.OSQLQuery.run(OSQLQuery.java:77)
	at com.orientechnologies.orient.core.sql.query.OSQLAsynchQuery.run(OSQLAsynchQuery.java:74)
	at com.orientechnologies.orient.core.sql.query.OSQLSynchQuery.run(OSQLSynchQuery.java:86)
	at com.orientechnologies.orient.core.query.OQueryAbstract.execute(OQueryAbstract.java:33)
	at com.orientechnologies.orient.core.metadata.security.OSecurityShared.getRole(OSecurityShared.java:336)
	at com.orientechnologies.orient.core.metadata.security.OSecurityShared.createMetadata(OSecurityShared.java:451)
	at com.orientechnologies.orient.core.metadata.security.OSecurityShared.create(OSecurityShared.java:384)
	at com.orientechnologies.orient.core.db.OSharedContextEmbedded.create(OSharedContextEmbedded.java:113)
	at com.orientechnologies.orient.core.db.document.ODatabaseDocumentEmbedded.createMetadata(ODatabaseDocumentEmbedded.java:250)
	at com.orientechnologies.orient.core.db.document.ODatabaseDocumentEmbedded.internalCreate(ODatabaseDocumentEmbedded.java:221)
	at com.orientechnologies.orient.core.db.OrientDBEmbedded.internalCreate(OrientDBEmbedded.java:391)
	at com.orientechnologies.orient.core.db.OrientDBEmbedded.create(OrientDBEmbedded.java:329)
	at com.orientechnologies.orient.core.db.OrientDB.createIfNotExists(OrientDB.java:252)
	at com.orientechnologies.orient.core.db.OrientDB.createIfNotExists(OrientDB.java:238)
	at org.jbake.app.ContentStore.startup(ContentStore.java:98)
	at org.jbake.app.ContentStoreIntegrationTest.setUp(ContentStoreIntegrationTest.java:58)
	at sun.reflect.NativeMethodAccessorImpl.invoke0(Native Method)
	at sun.reflect.NativeMethodAccessorImpl.invoke(NativeMethodAccessorImpl.java:62)
	at sun.reflect.DelegatingMethodAccessorImpl.invoke(DelegatingMethodAccessorImpl.java:43)
	at java.lang.reflect.Method.invoke(Method.java:498)
	at org.junit.runners.model.FrameworkMethod$1.runReflectiveCall(FrameworkMethod.java:50)
	at org.junit.internal.runners.model.ReflectiveCallable.run(ReflectiveCallable.java:12)
	at org.junit.runners.model.FrameworkMethod.invokeExplosively(FrameworkMethod.java:47)
	at org.junit.internal.runners.statements.RunBefores.evaluate(RunBefores.java:24)
	at org.junit.internal.runners.statements.RunAfters.evaluate(RunAfters.java:27)
	at org.junit.runners.ParentRunner.runLeaf(ParentRunner.java:325)
	at org.junit.runners.BlockJUnit4ClassRunner.runChild(BlockJUnit4ClassRunner.java:78)
	at org.junit.runners.BlockJUnit4ClassRunner.runChild(BlockJUnit4ClassRunner.java:57)
	at org.junit.runners.ParentRunner$3.run(ParentRunner.java:290)
	at org.junit.runners.ParentRunner$1.schedule(ParentRunner.java:71)
	at org.junit.runners.ParentRunner.runChildren(ParentRunner.java:288)
	at org.junit.runners.ParentRunner.access$000(ParentRunner.java:58)
	at org.junit.runners.ParentRunner$2.evaluate(ParentRunner.java:268)
	at org.junit.internal.runners.statements.RunBefores.evaluate(RunBefores.java:26)
	at org.junit.internal.runners.statements.RunAfters.evaluate(RunAfters.java:27)
	at org.junit.rules.ExternalResource$1.evaluate(ExternalResource.java:48)
	at org.junit.rules.RunRules.evaluate(RunRules.java:20)
	at org.junit.runners.ParentRunner.run(ParentRunner.java:363)
	at org.junit.runner.JUnitCore.run(JUnitCore.java:137)
	at org.junit.runner.JUnitCore.run(JUnitCore.java:115)
	at org.junit.vintage.engine.execution.RunnerExecutor.execute(RunnerExecutor.java:39)
	at java.util.stream.ForEachOps$ForEachOp$OfRef.accept(ForEachOps.java:183)
	at java.util.stream.ReferencePipeline$3$1.accept(ReferencePipeline.java:193)
	at java.util.Iterator.forEachRemaining(Iterator.java:116)
	at java.util.Spliterators$IteratorSpliterator.forEachRemaining(Spliterators.java:1801)
	at java.util.stream.AbstractPipeline.copyInto(AbstractPipeline.java:482)
	at java.util.stream.AbstractPipeline.wrapAndCopyInto(AbstractPipeline.java:472)
	at java.util.stream.ForEachOps$ForEachOp.evaluateSequential(ForEachOps.java:150)
	at java.util.stream.ForEachOps$ForEachOp$OfRef.evaluateSequential(ForEachOps.java:173)
	at java.util.stream.AbstractPipeline.evaluate(AbstractPipeline.java:234)
	at java.util.stream.ReferencePipeline.forEach(ReferencePipeline.java:485)
	at org.junit.vintage.engine.VintageTestEngine.executeAllChildren(VintageTestEngine.java:79)
	at org.junit.vintage.engine.VintageTestEngine.execute(VintageTestEngine.java:70)
	at org.junit.platform.launcher.core.DefaultLauncher.execute(DefaultLauncher.java:220)
	at org.junit.platform.launcher.core.DefaultLauncher.lambda$execute$6(DefaultLauncher.java:188)
	at org.junit.platform.launcher.core.DefaultLauncher.withInterceptedStreams(DefaultLauncher.java:202)
	at org.junit.platform.launcher.core.DefaultLauncher.execute(DefaultLauncher.java:181)
	at org.junit.platform.launcher.core.DefaultLauncher.execute(DefaultLauncher.java:128)
	at org.gradle.api.internal.tasks.testing.junitplatform.JUnitPlatformTestClassProcessor$CollectAllTestClassesExecutor.processAllTestClasses(JUnitPlatformTestClassProcessor.java:102)
	at org.gradle.api.internal.tasks.testing.junitplatform.JUnitPlatformTestClassProcessor$CollectAllTestClassesExecutor.access$000(JUnitPlatformTestClassProcessor.java:82)
	at org.gradle.api.internal.tasks.testing.junitplatform.JUnitPlatformTestClassProcessor.stop(JUnitPlatformTestClassProcessor.java:78)
	at org.gradle.api.internal.tasks.testing.SuiteTestClassProcessor.stop(SuiteTestClassProcessor.java:61)
	at sun.reflect.NativeMethodAccessorImpl.invoke0(Native Method)
	at sun.reflect.NativeMethodAccessorImpl.invoke(NativeMethodAccessorImpl.java:62)
	at sun.reflect.DelegatingMethodAccessorImpl.invoke(DelegatingMethodAccessorImpl.java:43)
	at java.lang.reflect.Method.invoke(Method.java:498)
	at org.gradle.internal.dispatch.ReflectionDispatch.dispatch(ReflectionDispatch.java:35)
	at org.gradle.internal.dispatch.ReflectionDispatch.dispatch(ReflectionDispatch.java:24)
	at org.gradle.internal.dispatch.ContextClassLoaderDispatch.dispatch(ContextClassLoaderDispatch.java:32)
	at org.gradle.internal.dispatch.ProxyDispatchAdapter$DispatchingInvocationHandler.invoke(ProxyDispatchAdapter.java:93)
	at com.sun.proxy.$Proxy2.stop(Unknown Source)
	at org.gradle.api.internal.tasks.testing.worker.TestWorker.stop(TestWorker.java:132)
	at sun.reflect.NativeMethodAccessorImpl.invoke0(Native Method)
	at sun.reflect.NativeMethodAccessorImpl.invoke(NativeMethodAccessorImpl.java:62)
	at sun.reflect.DelegatingMethodAccessorImpl.invoke(DelegatingMethodAccessorImpl.java:43)
	at java.lang.reflect.Method.invoke(Method.java:498)
	at org.gradle.internal.dispatch.ReflectionDispatch.dispatch(ReflectionDispatch.java:35)
	at org.gradle.internal.dispatch.ReflectionDispatch.dispatch(ReflectionDispatch.java:24)
	at org.gradle.internal.remote.internal.hub.MessageHubBackedObjectConnection$DispatchWrapper.dispatch(MessageHubBackedObjectConnection.java:175)
	at org.gradle.internal.remote.internal.hub.MessageHubBackedObjectConnection$DispatchWrapper.dispatch(MessageHubBackedObjectConnection.java:157)
	at org.gradle.internal.remote.internal.hub.MessageHub$Handler.run(MessageHub.java:404)
	at org.gradle.internal.concurrent.ExecutorPolicy$CatchAndRecordFailures.onExecute(ExecutorPolicy.java:63)
	at org.gradle.internal.concurrent.ManagedExecutorImpl$1.run(ManagedExecutorImpl.java:46)
	at java.util.concurrent.ThreadPoolExecutor.runWorker(ThreadPoolExecutor.java:1149)
	at java.util.concurrent.ThreadPoolExecutor$Worker.run(ThreadPoolExecutor.java:624)
	at org.gradle.internal.concurrent.ThreadFactoryImpl$ManagedThreadRunnable.run(ThreadFactoryImpl.java:55)
	at java.lang.Thread.run(Thread.java:748)
Caused by: java.io.IOException: Error while instrumenting com/orientechnologies/orient/core/sql/parser/OrientSqlTokenManager.
	at org.jacoco.agent.rt.internal_28bab1d.core.instr.Instrumenter.instrumentError(Instrumenter.java:175)
	at org.jacoco.agent.rt.internal_28bab1d.core.instr.Instrumenter.instrument(Instrumenter.java:125)
	at org.jacoco.agent.rt.internal_28bab1d.CoverageTransformer.transform(CoverageTransformer.java:91)
	... 112 more
Caused by: org.jacoco.agent.rt.internal_28bab1d.asm.MethodTooLargeException: Method too large: com/orientechnologies/orient/core/sql/parser/OrientSqlTokenManager.jjMoveNfa_0 (II)I
	at org.jacoco.agent.rt.internal_28bab1d.asm.MethodWriter.computeMethodInfoSize(MethodWriter.java:2080)
	at org.jacoco.agent.rt.internal_28bab1d.asm.ClassWriter.toByteArray(ClassWriter.java:459)
	at org.jacoco.agent.rt.internal_28bab1d.core.instr.Instrumenter.instrument(Instrumenter.java:104)
	at org.jacoco.agent.rt.internal_28bab1d.core.instr.Instrumenter.instrument(Instrumenter.java:123)
	... 113 more
</pre>
</span>
</div>
</div>
<div id="footer">
<p>
<div>
<label class="hidden" id="label-for-line-wrapping-toggle" for="line-wrapping-toggle">Wrap lines
<input id="line-wrapping-toggle" type="checkbox" autocomplete="off"/>
</label>
</div>Generated by 
<a href="http://www.gradle.org">Gradle 5.2.1</a> at Mar 12, 2020 7:01:28 PM</p>
</div>
</div>
</body>
</html>
